#
# There is insufficient memory for the Java Runtime Environment to continue.
# Native memory allocation (malloc) failed to allocate 2012176 bytes for Chunk::new
# Possible reasons:
#   The system is out of physical RAM or swap space
#   The process is running with CompressedOops enabled, and the Java Heap may be blocking the growth of the native heap
# Possible solutions:
#   Reduce memory load on the system
#   Increase physical memory or swap space
#   Check if swap backing store is full
#   Decrease Java heap size (-Xmx/-Xms)
#   Decrease number of Java threads
#   Decrease Java thread stack sizes (-Xss)
#   Set larger code cache with -XX:ReservedCodeCacheSize=
#   JVM is running with Unscaled Compressed Oops mode in which the Java heap is
#     placed in the first 4GB address space. The Java Heap base address is the
#     maximum limit for the native heap growth. Please use -XX:HeapBaseMinAddress
#     to set the Java Heap base and to place the Java Heap above 4GB virtual address.
# This output file may be truncated or incomplete.
#
#  Out of Memory Error (./src/hotspot/share/memory/arena.cpp:197), pid=1824, tid=4704
#
# JRE version: OpenJDK Runtime Environment Temurin-11.0.13+8 (11.0.13+8) (build 11.0.13+8)
# Java VM: OpenJDK 64-Bit Server VM Temurin-11.0.13+8 (11.0.13+8, mixed mode, tiered, compressed oops, g1 gc, windows-amd64)
# No core dump will be written. Minidumps are not enabled by default on client versions of Windows
#

---------------  S U M M A R Y ------------

Command Line: --add-opens=java.base/java.util=ALL-UNNAMED --add-opens=java.base/java.lang=ALL-UNNAMED --add-opens=java.base/java.lang.invoke=ALL-UNNAMED --add-opens=java.base/java.util=ALL-UNNAMED --add-opens=java.prefs/java.util.prefs=ALL-UNNAMED --add-opens=java.prefs/java.util.prefs=ALL-UNNAMED --add-opens=java.base/java.nio.charset=ALL-UNNAMED --add-opens=java.base/java.net=ALL-UNNAMED --add-opens=java.base/java.util.concurrent.atomic=ALL-UNNAMED -XX:MaxMetaspaceSize=256m -XX:+HeapDumpOnOutOfMemoryError -Xms256m -Xmx512m -Dfile.encoding=utf8 -Duser.country=US -Duser.language=en -Duser.variant org.gradle.launcher.daemon.bootstrap.GradleDaemon 7.3.3

Host: Intel(R) Pentium(R) CPU 4425Y @ 1.70GHz, 4 cores, 3G,  Windows 10 , 64 bit Build 22000 (10.0.22000.318)
Time: Wed Jan 12 18:54:04 2022 Eastern Standard Time elapsed time: 84.516480 seconds (0d 0h 1m 24s)

---------------  T H R E A D  ---------------

Current thread (0x000001a5534e6800):  JavaThread "C2 CompilerThread0" daemon [_thread_in_native, id=4704, stack(0x000000977c900000,0x000000977ca00000)]


Current CompileTask:
C2:  84517 6846   !   4       java.io.ObjectOutputStream::writeObject0 (619 bytes)

Stack: [0x000000977c900000,0x000000977ca00000]
Native frames: (J=compiled Java code, j=interpreted, Vv=VM code, C=native code)
V  [jvm.dll+0x61cc7a]
V  [jvm.dll+0x7a8fd9]
V  [jvm.dll+0x7aa69f]
V  [jvm.dll+0x7aad73]
V  [jvm.dll+0x24f808]
V  [jvm.dll+0xc260c]
V  [jvm.dll+0xc2bcc]
V  [jvm.dll+0x358167]
V  [jvm.dll+0x325793]
V  [jvm.dll+0x324aca]
V  [jvm.dll+0x208995]
V  [jvm.dll+0x207b7d]
V  [jvm.dll+0x18a011]
V  [jvm.dll+0x217599]
V  [jvm.dll+0x21578b]
V  [jvm.dll+0x76ba50]
V  [jvm.dll+0x7649d4]
V  [jvm.dll+0x61bb16]
C  [ucrtbase.dll+0x26c0c]
C  [KERNEL32.DLL+0x154e0]
C  [ntdll.dll+0x485b]


---------------  P R O C E S S  ---------------

Threads class SMR info:
_java_thread_list=0x000001a557b6fba0, length=78, elements={
0x000001a537c36000, 0x000001a552b49800, 0x000001a552b6c800, 0x000001a552b8f000,
0x000001a552b90800, 0x000001a5534e3800, 0x000001a5534e6800, 0x000001a5534e8000,
0x000001a553553000, 0x000001a55363b800, 0x000001a554b5b800, 0x000001a554f4c000,
0x000001a5543ff000, 0x000001a55527d800, 0x000001a554b70800, 0x000001a554feb800,
0x000001a554b71000, 0x000001a554351800, 0x000001a554350800, 0x000001a554de3800,
0x000001a554de6000, 0x000001a554de2800, 0x000001a554de0000, 0x000001a554de6800,
0x000001a554de2000, 0x000001a554de4000, 0x000001a554de5000, 0x000001a554de1000,
0x000001a5535c0800, 0x000001a5535c4000, 0x000001a5535c1800, 0x000001a5535c0000,
0x000001a5535bf000, 0x000001a5535c4800, 0x000001a5535c2000, 0x000001a5535c5800,
0x000001a556121000, 0x000001a55611d000, 0x000001a55611c000, 0x000001a55611d800,
0x000001a55611e800, 0x000001a556120000, 0x000001a55611b800, 0x000001a556122800,
0x000001a556122000, 0x000001a556123800, 0x000001a556125000, 0x000001a556124000,
0x000001a55611f800, 0x000001a556128800, 0x000001a556126000, 0x000001a556126800,
0x000001a556129000, 0x000001a556127800, 0x000001a55612a000, 0x000001a555a50800,
0x000001a555a53000, 0x000001a555a53800, 0x000001a555a51800, 0x000001a555a4f800,
0x000001a555a56000, 0x000001a555a57000, 0x000001a555a55800, 0x000001a555a54800,
0x000001a555a58000, 0x000001a555a52000, 0x000001a555a5a800, 0x000001a555a59800,
0x000001a555a5b000, 0x000001a555a5c000, 0x000001a555a58800, 0x000001a555a5c800,
0x000001a555a5d800, 0x000001a555a5e800, 0x000001a555940800, 0x000001a55593b800,
0x000001a55593a800, 0x000001a55593e800
}

Java Threads: ( => current thread )
  0x000001a537c36000 JavaThread "main" [_thread_blocked, id=16484, stack(0x000000977bd00000,0x000000977be00000)]
  0x000001a552b49800 JavaThread "Reference Handler" daemon [_thread_blocked, id=16496, stack(0x000000977c400000,0x000000977c500000)]
  0x000001a552b6c800 JavaThread "Finalizer" daemon [_thread_blocked, id=15696, stack(0x000000977c500000,0x000000977c600000)]
  0x000001a552b8f000 JavaThread "Signal Dispatcher" daemon [_thread_blocked, id=2172, stack(0x000000977c600000,0x000000977c700000)]
  0x000001a552b90800 JavaThread "Attach Listener" daemon [_thread_blocked, id=17244, stack(0x000000977c700000,0x000000977c800000)]
  0x000001a5534e3800 JavaThread "Service Thread" daemon [_thread_blocked, id=10372, stack(0x000000977c800000,0x000000977c900000)]
=>0x000001a5534e6800 JavaThread "C2 CompilerThread0" daemon [_thread_in_native, id=4704, stack(0x000000977c900000,0x000000977ca00000)]
  0x000001a5534e8000 JavaThread "C1 CompilerThread0" daemon [_thread_blocked, id=16032, stack(0x000000977ca00000,0x000000977cb00000)]
  0x000001a553553000 JavaThread "Sweeper thread" daemon [_thread_blocked, id=14140, stack(0x000000977cb00000,0x000000977cc00000)]
  0x000001a55363b800 JavaThread "Common-Cleaner" daemon [_thread_blocked, id=10340, stack(0x000000977cc00000,0x000000977cd00000)]
  0x000001a554b5b800 JavaThread "Daemon health stats" [_thread_blocked, id=11660, stack(0x000000977d100000,0x000000977d200000)]
  0x000001a554f4c000 JavaThread "Incoming local TCP Connector on port 59051" [_thread_in_native, id=8780, stack(0x000000977d200000,0x000000977d300000)]
  0x000001a5543ff000 JavaThread "Daemon periodic checks" [_thread_blocked, id=14988, stack(0x000000977d300000,0x000000977d400000)]
  0x000001a55527d800 JavaThread "Daemon" [_thread_blocked, id=10820, stack(0x000000977d400000,0x000000977d500000)]
  0x000001a554b70800 JavaThread "Handler for socket connection from /127.0.0.1:59051 to /127.0.0.1:59056" [_thread_in_native, id=6384, stack(0x000000977d500000,0x000000977d600000)]
  0x000001a554feb800 JavaThread "Cancel handler" [_thread_blocked, id=3156, stack(0x000000977d600000,0x000000977d700000)]
  0x000001a554b71000 JavaThread "Daemon worker" [_thread_in_native, id=7628, stack(0x000000977d700000,0x000000977d800000)]
  0x000001a554351800 JavaThread "Asynchronous log dispatcher for DefaultDaemonConnection: socket connection from /127.0.0.1:59051 to /127.0.0.1:59056" [_thread_blocked, id=14504, stack(0x000000977d800000,0x000000977d900000)]
  0x000001a554350800 JavaThread "Daemon client event forwarder" [_thread_blocked, id=6564, stack(0x000000977da00000,0x000000977db00000)]
  0x000001a554de3800 JavaThread "Cache worker for journal cache (C:\Users\andav\.gradle\caches\journal-1)" [_thread_blocked, id=11620, stack(0x000000977db00000,0x000000977dc00000)]
  0x000001a554de6000 JavaThread "File lock request listener" [_thread_in_native, id=3924, stack(0x000000977dc00000,0x000000977dd00000)]
  0x000001a554de2800 JavaThread "Cache worker for file hash cache (C:\Users\andav\.gradle\caches\7.3.3\fileHashes)" [_thread_blocked, id=6060, stack(0x000000977dd00000,0x000000977de00000)]
  0x000001a554de0000 JavaThread "Cache worker for file hash cache (C:\Users\andav\Downloads\2022 Rapid React\RapidReact\.gradle\7.3.3\fileHashes)" [_thread_blocked, id=10756, stack(0x000000977de00000,0x000000977df00000)]
  0x000001a554de6800 JavaThread "File watcher server" daemon [_thread_in_native, id=4108, stack(0x000000977df00000,0x000000977e000000)]
  0x000001a554de2000 JavaThread "File watcher consumer" daemon [_thread_blocked, id=16708, stack(0x000000977e000000,0x000000977e100000)]
  0x000001a554de4000 JavaThread "jar transforms" [_thread_blocked, id=3716, stack(0x000000977e100000,0x000000977e200000)]
  0x000001a554de5000 JavaThread "jar transforms Thread 2" [_thread_blocked, id=6408, stack(0x000000977e200000,0x000000977e300000)]
  0x000001a554de1000 JavaThread "Cache worker for checksums cache (C:\Users\andav\Downloads\2022 Rapid React\RapidReact\.gradle\7.3.3\checksums)" [_thread_blocked, id=16192, stack(0x000000977e300000,0x000000977e400000)]
  0x000001a5535c0800 JavaThread "Cache worker for cache directory md-supplier (C:\Users\andav\.gradle\caches\7.3.3\md-supplier)" [_thread_blocked, id=11656, stack(0x000000977e400000,0x000000977e500000)]
  0x000001a5535c4000 JavaThread "Cache worker for cache directory md-rule (C:\Users\andav\.gradle\caches\7.3.3\md-rule)" [_thread_blocked, id=12504, stack(0x000000977e500000,0x000000977e600000)]
  0x000001a5535c1800 JavaThread "Cache worker for execution history cache (C:\Users\andav\.gradle\caches\7.3.3\executionHistory)" [_thread_blocked, id=6388, stack(0x000000977e600000,0x000000977e700000)]
  0x000001a5535c0000 JavaThread "File lock release action executor" [_thread_blocked, id=14008, stack(0x000000977e700000,0x000000977e800000)]
  0x000001a5535bf000 JavaThread "jar transforms Thread 3" [_thread_blocked, id=14276, stack(0x000000977e800000,0x000000977e900000)]
  0x000001a5535c4800 JavaThread "Cache worker for file content cache (C:\Users\andav\.gradle\caches\7.3.3\fileContent)" [_thread_blocked, id=14480, stack(0x000000977eb00000,0x000000977ec00000)]
  0x000001a5535c2000 JavaThread "jar transforms Thread 4" [_thread_blocked, id=9148, stack(0x000000977ec00000,0x000000977ed00000)]
  0x000001a5535c5800 JavaThread "Cache worker for dependencies-accessors (C:\Users\andav\Downloads\2022 Rapid React\RapidReact\.gradle\7.3.3\dependencies-accessors)" [_thread_blocked, id=10856, stack(0x000000977ed00000,0x000000977ee00000)]
  0x000001a556121000 JavaThread "Cache worker for Build Output Cleanup Cache (C:\Users\andav\Downloads\2022 Rapid React\RapidReact\.gradle\buildOutputCleanup)" [_thread_blocked, id=13100, stack(0x000000977ee00000,0x000000977ef00000)]
  0x000001a55611d000 JavaThread "Unconstrained build operations" [_thread_blocked, id=11012, stack(0x000000977ef00000,0x000000977f000000)]
  0x000001a55611c000 JavaThread "Unconstrained build operations Thread 2" [_thread_blocked, id=6580, stack(0x000000977f000000,0x000000977f100000)]
  0x000001a55611d800 JavaThread "Unconstrained build operations Thread 3" [_thread_blocked, id=7164, stack(0x000000977f100000,0x000000977f200000)]
  0x000001a55611e800 JavaThread "Unconstrained build operations Thread 4" [_thread_blocked, id=17212, stack(0x000000977f200000,0x000000977f300000)]
  0x000001a556120000 JavaThread "Unconstrained build operations Thread 5" [_thread_blocked, id=16636, stack(0x000000977f300000,0x000000977f400000)]
  0x000001a55611b800 JavaThread "Unconstrained build operations Thread 6" [_thread_blocked, id=16124, stack(0x000000977f400000,0x000000977f500000)]
  0x000001a556122800 JavaThread "Unconstrained build operations Thread 7" [_thread_blocked, id=13568, stack(0x000000977f500000,0x000000977f600000)]
  0x000001a556122000 JavaThread "Unconstrained build operations Thread 8" [_thread_blocked, id=3888, stack(0x000000977f600000,0x000000977f700000)]
  0x000001a556123800 JavaThread "Unconstrained build operations Thread 9" [_thread_blocked, id=6804, stack(0x000000977f700000,0x000000977f800000)]
  0x000001a556125000 JavaThread "Unconstrained build operations Thread 10" [_thread_blocked, id=15340, stack(0x000000977f800000,0x000000977f900000)]
  0x000001a556124000 JavaThread "Unconstrained build operations Thread 11" [_thread_blocked, id=7208, stack(0x000000977f900000,0x000000977fa00000)]
  0x000001a55611f800 JavaThread "Unconstrained build operations Thread 12" [_thread_blocked, id=17256, stack(0x000000977fa00000,0x000000977fb00000)]
  0x000001a556128800 JavaThread "Unconstrained build operations Thread 13" [_thread_blocked, id=17272, stack(0x000000977fb00000,0x000000977fc00000)]
  0x000001a556126000 JavaThread "Memory manager" [_thread_blocked, id=11936, stack(0x000000977fc00000,0x000000977fd00000)]
  0x000001a556126800 JavaThread "Unconstrained build operations Thread 14" [_thread_blocked, id=5492, stack(0x000000977ba00000,0x000000977bb00000)]
  0x000001a556129000 JavaThread "Unconstrained build operations Thread 15" [_thread_blocked, id=13880, stack(0x000000977bb00000,0x000000977bc00000)]
  0x000001a556127800 JavaThread "Unconstrained build operations Thread 16" [_thread_blocked, id=3968, stack(0x000000977bc00000,0x000000977bd00000)]
  0x000001a55612a000 JavaThread "Unconstrained build operations Thread 17" [_thread_blocked, id=14088, stack(0x000000977d900000,0x000000977da00000)]
  0x000001a555a50800 JavaThread "Unconstrained build operations Thread 18" [_thread_blocked, id=3720, stack(0x000000977fd00000,0x000000977fe00000)]
  0x000001a555a53000 JavaThread "Unconstrained build operations Thread 19" [_thread_blocked, id=8472, stack(0x000000977fe00000,0x000000977ff00000)]
  0x000001a555a53800 JavaThread "Unconstrained build operations Thread 20" [_thread_blocked, id=6812, stack(0x000000977ff00000,0x0000009780000000)]
  0x000001a555a51800 JavaThread "Unconstrained build operations Thread 21" [_thread_blocked, id=13716, stack(0x0000009700000000,0x0000009700100000)]
  0x000001a555a4f800 JavaThread "Unconstrained build operations Thread 22" [_thread_blocked, id=16080, stack(0x0000009700100000,0x0000009700200000)]
  0x000001a555a56000 JavaThread "Unconstrained build operations Thread 23" [_thread_blocked, id=17368, stack(0x0000009700200000,0x0000009700300000)]
  0x000001a555a57000 JavaThread "Unconstrained build operations Thread 24" [_thread_blocked, id=13168, stack(0x0000009700300000,0x0000009700400000)]
  0x000001a555a55800 JavaThread "Unconstrained build operations Thread 25" [_thread_blocked, id=7064, stack(0x0000009700400000,0x0000009700500000)]
  0x000001a555a54800 JavaThread "Unconstrained build operations Thread 26" [_thread_blocked, id=11448, stack(0x0000009700500000,0x0000009700600000)]
  0x000001a555a58000 JavaThread "Unconstrained build operations Thread 27" [_thread_blocked, id=13368, stack(0x0000009700600000,0x0000009700700000)]
  0x000001a555a52000 JavaThread "Unconstrained build operations Thread 28" [_thread_blocked, id=12548, stack(0x0000009700700000,0x0000009700800000)]
  0x000001a555a5a800 JavaThread "Unconstrained build operations Thread 29" [_thread_blocked, id=13252, stack(0x0000009700800000,0x0000009700900000)]
  0x000001a555a59800 JavaThread "Unconstrained build operations Thread 30" [_thread_blocked, id=13232, stack(0x0000009700900000,0x0000009700a00000)]
  0x000001a555a5b000 JavaThread "Unconstrained build operations Thread 31" [_thread_blocked, id=13272, stack(0x0000009700a00000,0x0000009700b00000)]
  0x000001a555a5c000 JavaThread "Unconstrained build operations Thread 32" [_thread_blocked, id=13140, stack(0x0000009700b00000,0x0000009700c00000)]
  0x000001a555a58800 JavaThread "Unconstrained build operations Thread 33" [_thread_blocked, id=1324, stack(0x0000009700c00000,0x0000009700d00000)]
  0x000001a555a5c800 JavaThread "Unconstrained build operations Thread 34" [_thread_blocked, id=13288, stack(0x0000009700d00000,0x0000009700e00000)]
  0x000001a555a5d800 JavaThread "Unconstrained build operations Thread 35" [_thread_blocked, id=5316, stack(0x0000009700e00000,0x0000009700f00000)]
  0x000001a555a5e800 JavaThread "Unconstrained build operations Thread 36" [_thread_blocked, id=13104, stack(0x0000009700f00000,0x0000009701000000)]
  0x000001a555940800 JavaThread "Unconstrained build operations Thread 37" [_thread_blocked, id=732, stack(0x0000009701000000,0x0000009701100000)]
  0x000001a55593b800 JavaThread "Unconstrained build operations Thread 38" [_thread_blocked, id=7976, stack(0x0000009701100000,0x0000009701200000)]
  0x000001a55593a800 JavaThread "Unconstrained build operations Thread 39" [_thread_blocked, id=9364, stack(0x0000009701200000,0x0000009701300000)]
  0x000001a55593e800 JavaThread "Unconstrained build operations Thread 40" [_thread_blocked, id=3892, stack(0x0000009701300000,0x0000009701400000)]

Other Threads:
  0x000001a552b47800 VMThread "VM Thread" [stack: 0x000000977c300000,0x000000977c400000] [id=7968]
  0x000001a55366e800 WatcherThread [stack: 0x000000977cd00000,0x000000977ce00000] [id=14128]
  0x000001a537c4d800 GCTaskThread "GC Thread#0" [stack: 0x000000977be00000,0x000000977bf00000] [id=16912]
  0x000001a553901800 GCTaskThread "GC Thread#1" [stack: 0x000000977ce00000,0x000000977cf00000] [id=14352]
  0x000001a553e92800 GCTaskThread "GC Thread#2" [stack: 0x000000977cf00000,0x000000977d000000] [id=3680]
  0x000001a553edb000 GCTaskThread "GC Thread#3" [stack: 0x000000977d000000,0x000000977d100000] [id=14000]
  0x000001a537c60000 ConcurrentGCThread "G1 Main Marker" [stack: 0x000000977bf00000,0x000000977c000000] [id=14084]
  0x000001a537c61800 ConcurrentGCThread "G1 Conc#0" [stack: 0x000000977c000000,0x000000977c100000] [id=17232]
  0x000001a537d0e800 ConcurrentGCThread "G1 Refine#0" [stack: 0x000000977c100000,0x000000977c200000] [id=11748]
  0x000001a5529e5000 ConcurrentGCThread "G1 Young RemSet Sampling" [stack: 0x000000977c200000,0x000000977c300000] [id=15324]

Threads with active compile tasks:
C2 CompilerThread0  84658 6846   !   4       java.io.ObjectOutputStream::writeObject0 (619 bytes)

VM state:not at safepoint (normal execution)

VM Mutex/Monitor currently owned by a thread: None

Heap address: 0x00000000e0000000, size: 512 MB, Compressed Oops mode: 32-bit
Narrow klass base: 0x0000000000000000, Narrow klass shift: 3
Compressed class space size: 260046848 Address: 0x0000000100000000

Heap:
 garbage-first heap   total 262144K, used 137380K [0x00000000e0000000, 0x0000000100000000)
  region size 1024K, 104 young (106496K), 10 survivors (10240K)
 Metaspace       used 64815K, capacity 66745K, committed 67036K, reserved 313344K
  class space    used 8389K, capacity 9121K, committed 9216K, reserved 253952K
Heap Regions: E=young(eden), S=young(survivor), O=old, HS=humongous(starts), HC=humongous(continues), CS=collection set, F=free, A=archive, TAMS=top-at-mark-start (previous, next)
|   0|0x00000000e0000000, 0x00000000e0100000, 0x00000000e0100000|100%|HS|  |TAMS 0x00000000e0100000, 0x00000000e0000000| Complete 
|   1|0x00000000e0100000, 0x00000000e0200000, 0x00000000e0200000|100%|HC|  |TAMS 0x00000000e0200000, 0x00000000e0100000| Complete 
|   2|0x00000000e0200000, 0x00000000e0300000, 0x00000000e0300000|100%|HC|  |TAMS 0x00000000e0300000, 0x00000000e0200000| Complete 
|   3|0x00000000e0300000, 0x00000000e0400000, 0x00000000e0400000|100%| O|  |TAMS 0x00000000e0400000, 0x00000000e0300000| Untracked 
|   4|0x00000000e0400000, 0x00000000e0500000, 0x00000000e0500000|100%| O|  |TAMS 0x00000000e0500000, 0x00000000e0400000| Untracked 
|   5|0x00000000e0500000, 0x00000000e0600000, 0x00000000e0600000|100%| O|  |TAMS 0x00000000e0600000, 0x00000000e0500000| Untracked 
|   6|0x00000000e0600000, 0x00000000e0700000, 0x00000000e0700000|100%| O|  |TAMS 0x00000000e0700000, 0x00000000e0600000| Untracked 
|   7|0x00000000e0700000, 0x00000000e0800000, 0x00000000e0800000|100%| O|  |TAMS 0x00000000e0800000, 0x00000000e0700000| Untracked 
|   8|0x00000000e0800000, 0x00000000e0900000, 0x00000000e0900000|100%| O|  |TAMS 0x00000000e0900000, 0x00000000e0800000| Untracked 
|   9|0x00000000e0900000, 0x00000000e0a00000, 0x00000000e0a00000|100%| O|  |TAMS 0x00000000e0a00000, 0x00000000e0900000| Untracked 
|  10|0x00000000e0a00000, 0x00000000e0b00000, 0x00000000e0b00000|100%| O|  |TAMS 0x00000000e0b00000, 0x00000000e0a00000| Untracked 
|  11|0x00000000e0b00000, 0x00000000e0c00000, 0x00000000e0c00000|100%| O|  |TAMS 0x00000000e0c00000, 0x00000000e0b00000| Untracked 
|  12|0x00000000e0c00000, 0x00000000e0d00000, 0x00000000e0d00000|100%| O|  |TAMS 0x00000000e0d00000, 0x00000000e0c00000| Untracked 
|  13|0x00000000e0d00000, 0x00000000e0e00000, 0x00000000e0e00000|100%| O|  |TAMS 0x00000000e0e00000, 0x00000000e0d00000| Untracked 
|  14|0x00000000e0e00000, 0x00000000e0f00000, 0x00000000e0f00000|100%| O|  |TAMS 0x00000000e0f00000, 0x00000000e0e00000| Untracked 
|  15|0x00000000e0f00000, 0x00000000e1000000, 0x00000000e1000000|100%| O|  |TAMS 0x00000000e1000000, 0x00000000e0f00000| Untracked 
|  16|0x00000000e1000000, 0x00000000e1100000, 0x00000000e1100000|100%| O|  |TAMS 0x00000000e1100000, 0x00000000e1000000| Untracked 
|  17|0x00000000e1100000, 0x00000000e1200000, 0x00000000e1200000|100%| O|  |TAMS 0x00000000e1200000, 0x00000000e1100000| Untracked 
|  18|0x00000000e1200000, 0x00000000e1300000, 0x00000000e1300000|100%| O|  |TAMS 0x00000000e1300000, 0x00000000e1200000| Untracked 
|  19|0x00000000e1300000, 0x00000000e1400000, 0x00000000e1400000|100%| O|  |TAMS 0x00000000e1400000, 0x00000000e1300000| Untracked 
|  20|0x00000000e1400000, 0x00000000e1500000, 0x00000000e1500000|100%| O|  |TAMS 0x00000000e1500000, 0x00000000e1400000| Untracked 
|  21|0x00000000e1500000, 0x00000000e1600000, 0x00000000e1600000|100%| O|  |TAMS 0x00000000e1600000, 0x00000000e1500000| Untracked 
|  22|0x00000000e1600000, 0x00000000e1700000, 0x00000000e1700000|100%| O|  |TAMS 0x00000000e1700000, 0x00000000e1600000| Untracked 
|  23|0x00000000e1700000, 0x00000000e1800000, 0x00000000e1800000|100%| O|  |TAMS 0x00000000e1800000, 0x00000000e1700000| Untracked 
|  24|0x00000000e1800000, 0x00000000e1900000, 0x00000000e1900000|100%| O|  |TAMS 0x00000000e1900000, 0x00000000e1800000| Untracked 
|  25|0x00000000e1900000, 0x00000000e1a00000, 0x00000000e1a00000|100%| O|  |TAMS 0x00000000e1a00000, 0x00000000e1900000| Untracked 
|  26|0x00000000e1a00000, 0x00000000e1b00000, 0x00000000e1b00000|100%| O|  |TAMS 0x00000000e1b00000, 0x00000000e1a00000| Untracked 
|  27|0x00000000e1b00000, 0x00000000e1c00000, 0x00000000e1c00000|100%| O|  |TAMS 0x00000000e1c00000, 0x00000000e1b00000| Untracked 
|  28|0x00000000e1c00000, 0x00000000e1d00000, 0x00000000e1d00000|100%| O|  |TAMS 0x00000000e1d00000, 0x00000000e1c00000| Untracked 
|  29|0x00000000e1d00000, 0x00000000e1e00000, 0x00000000e1e00000|100%| O|  |TAMS 0x00000000e1e00000, 0x00000000e1d00000| Untracked 
|  30|0x00000000e1e00000, 0x00000000e1f00000, 0x00000000e1f00000|100%| O|  |TAMS 0x00000000e1f00000, 0x00000000e1e00000| Untracked 
|  31|0x00000000e1f00000, 0x00000000e1fa9200, 0x00000000e2000000| 66%| O|  |TAMS 0x00000000e1fa9200, 0x00000000e1f00000| Untracked 
|  32|0x00000000e2000000, 0x00000000e2000000, 0x00000000e2100000|  0%| F|  |TAMS 0x00000000e2000000, 0x00000000e2000000| Untracked 
|  33|0x00000000e2100000, 0x00000000e2100000, 0x00000000e2200000|  0%| F|  |TAMS 0x00000000e2100000, 0x00000000e2100000| Untracked 
|  34|0x00000000e2200000, 0x00000000e2200000, 0x00000000e2300000|  0%| F|  |TAMS 0x00000000e2200000, 0x00000000e2200000| Untracked 
|  35|0x00000000e2300000, 0x00000000e2300000, 0x00000000e2400000|  0%| F|  |TAMS 0x00000000e2300000, 0x00000000e2300000| Untracked 
|  36|0x00000000e2400000, 0x00000000e2400000, 0x00000000e2500000|  0%| F|  |TAMS 0x00000000e2400000, 0x00000000e2400000| Untracked 
|  37|0x00000000e2500000, 0x00000000e2500000, 0x00000000e2600000|  0%| F|  |TAMS 0x00000000e2500000, 0x00000000e2500000| Untracked 
|  38|0x00000000e2600000, 0x00000000e2600000, 0x00000000e2700000|  0%| F|  |TAMS 0x00000000e2600000, 0x00000000e2600000| Untracked 
|  39|0x00000000e2700000, 0x00000000e2700000, 0x00000000e2800000|  0%| F|  |TAMS 0x00000000e2700000, 0x00000000e2700000| Untracked 
|  40|0x00000000e2800000, 0x00000000e2800000, 0x00000000e2900000|  0%| F|  |TAMS 0x00000000e2800000, 0x00000000e2800000| Untracked 
|  41|0x00000000e2900000, 0x00000000e2900000, 0x00000000e2a00000|  0%| F|  |TAMS 0x00000000e2900000, 0x00000000e2900000| Untracked 
|  42|0x00000000e2a00000, 0x00000000e2a00000, 0x00000000e2b00000|  0%| F|  |TAMS 0x00000000e2a00000, 0x00000000e2a00000| Untracked 
|  43|0x00000000e2b00000, 0x00000000e2b00000, 0x00000000e2c00000|  0%| F|  |TAMS 0x00000000e2b00000, 0x00000000e2b00000| Untracked 
|  44|0x00000000e2c00000, 0x00000000e2c00000, 0x00000000e2d00000|  0%| F|  |TAMS 0x00000000e2c00000, 0x00000000e2c00000| Untracked 
|  45|0x00000000e2d00000, 0x00000000e2d00000, 0x00000000e2e00000|  0%| F|  |TAMS 0x00000000e2d00000, 0x00000000e2d00000| Untracked 
|  46|0x00000000e2e00000, 0x00000000e2e00000, 0x00000000e2f00000|  0%| F|  |TAMS 0x00000000e2e00000, 0x00000000e2e00000| Untracked 
|  47|0x00000000e2f00000, 0x00000000e2f00000, 0x00000000e3000000|  0%| F|  |TAMS 0x00000000e2f00000, 0x00000000e2f00000| Untracked 
|  48|0x00000000e3000000, 0x00000000e3000000, 0x00000000e3100000|  0%| F|  |TAMS 0x00000000e3000000, 0x00000000e3000000| Untracked 
|  49|0x00000000e3100000, 0x00000000e3100000, 0x00000000e3200000|  0%| F|  |TAMS 0x00000000e3100000, 0x00000000e3100000| Untracked 
|  50|0x00000000e3200000, 0x00000000e3200000, 0x00000000e3300000|  0%| F|  |TAMS 0x00000000e3200000, 0x00000000e3200000| Untracked 
|  51|0x00000000e3300000, 0x00000000e3300000, 0x00000000e3400000|  0%| F|  |TAMS 0x00000000e3300000, 0x00000000e3300000| Untracked 
|  52|0x00000000e3400000, 0x00000000e3400000, 0x00000000e3500000|  0%| F|  |TAMS 0x00000000e3400000, 0x00000000e3400000| Untracked 
|  53|0x00000000e3500000, 0x00000000e3500000, 0x00000000e3600000|  0%| F|  |TAMS 0x00000000e3500000, 0x00000000e3500000| Untracked 
|  54|0x00000000e3600000, 0x00000000e3600000, 0x00000000e3700000|  0%| F|  |TAMS 0x00000000e3600000, 0x00000000e3600000| Untracked 
|  55|0x00000000e3700000, 0x00000000e3700000, 0x00000000e3800000|  0%| F|  |TAMS 0x00000000e3700000, 0x00000000e3700000| Untracked 
|  56|0x00000000e3800000, 0x00000000e3800000, 0x00000000e3900000|  0%| F|  |TAMS 0x00000000e3800000, 0x00000000e3800000| Untracked 
|  57|0x00000000e3900000, 0x00000000e3900000, 0x00000000e3a00000|  0%| F|  |TAMS 0x00000000e3900000, 0x00000000e3900000| Untracked 
|  58|0x00000000e3a00000, 0x00000000e3a00000, 0x00000000e3b00000|  0%| F|  |TAMS 0x00000000e3a00000, 0x00000000e3a00000| Untracked 
|  59|0x00000000e3b00000, 0x00000000e3b00000, 0x00000000e3c00000|  0%| F|  |TAMS 0x00000000e3b00000, 0x00000000e3b00000| Untracked 
|  60|0x00000000e3c00000, 0x00000000e3c00000, 0x00000000e3d00000|  0%| F|  |TAMS 0x00000000e3c00000, 0x00000000e3c00000| Untracked 
|  61|0x00000000e3d00000, 0x00000000e3d00000, 0x00000000e3e00000|  0%| F|  |TAMS 0x00000000e3d00000, 0x00000000e3d00000| Untracked 
|  62|0x00000000e3e00000, 0x00000000e3e00000, 0x00000000e3f00000|  0%| F|  |TAMS 0x00000000e3e00000, 0x00000000e3e00000| Untracked 
|  63|0x00000000e3f00000, 0x00000000e3f00000, 0x00000000e4000000|  0%| F|  |TAMS 0x00000000e3f00000, 0x00000000e3f00000| Untracked 
|  64|0x00000000e4000000, 0x00000000e4000000, 0x00000000e4100000|  0%| F|  |TAMS 0x00000000e4000000, 0x00000000e4000000| Untracked 
|  65|0x00000000e4100000, 0x00000000e4100000, 0x00000000e4200000|  0%| F|  |TAMS 0x00000000e4100000, 0x00000000e4100000| Untracked 
|  66|0x00000000e4200000, 0x00000000e4200000, 0x00000000e4300000|  0%| F|  |TAMS 0x00000000e4200000, 0x00000000e4200000| Untracked 
|  67|0x00000000e4300000, 0x00000000e4300000, 0x00000000e4400000|  0%| F|  |TAMS 0x00000000e4300000, 0x00000000e4300000| Untracked 
|  68|0x00000000e4400000, 0x00000000e4400000, 0x00000000e4500000|  0%| F|  |TAMS 0x00000000e4400000, 0x00000000e4400000| Untracked 
|  69|0x00000000e4500000, 0x00000000e4500000, 0x00000000e4600000|  0%| F|  |TAMS 0x00000000e4500000, 0x00000000e4500000| Untracked 
|  70|0x00000000e4600000, 0x00000000e4600000, 0x00000000e4700000|  0%| F|  |TAMS 0x00000000e4600000, 0x00000000e4600000| Untracked 
|  71|0x00000000e4700000, 0x00000000e4700000, 0x00000000e4800000|  0%| F|  |TAMS 0x00000000e4700000, 0x00000000e4700000| Untracked 
|  72|0x00000000e4800000, 0x00000000e4800000, 0x00000000e4900000|  0%| F|  |TAMS 0x00000000e4800000, 0x00000000e4800000| Untracked 
|  73|0x00000000e4900000, 0x00000000e4900000, 0x00000000e4a00000|  0%| F|  |TAMS 0x00000000e4900000, 0x00000000e4900000| Untracked 
|  74|0x00000000e4a00000, 0x00000000e4a00000, 0x00000000e4b00000|  0%| F|  |TAMS 0x00000000e4a00000, 0x00000000e4a00000| Untracked 
|  75|0x00000000e4b00000, 0x00000000e4b00000, 0x00000000e4c00000|  0%| F|  |TAMS 0x00000000e4b00000, 0x00000000e4b00000| Untracked 
|  76|0x00000000e4c00000, 0x00000000e4c00000, 0x00000000e4d00000|  0%| F|  |TAMS 0x00000000e4c00000, 0x00000000e4c00000| Untracked 
|  77|0x00000000e4d00000, 0x00000000e4d00000, 0x00000000e4e00000|  0%| F|  |TAMS 0x00000000e4d00000, 0x00000000e4d00000| Untracked 
|  78|0x00000000e4e00000, 0x00000000e4e00000, 0x00000000e4f00000|  0%| F|  |TAMS 0x00000000e4e00000, 0x00000000e4e00000| Untracked 
|  79|0x00000000e4f00000, 0x00000000e4f00000, 0x00000000e5000000|  0%| F|  |TAMS 0x00000000e4f00000, 0x00000000e4f00000| Untracked 
|  80|0x00000000e5000000, 0x00000000e5000000, 0x00000000e5100000|  0%| F|  |TAMS 0x00000000e5000000, 0x00000000e5000000| Untracked 
|  81|0x00000000e5100000, 0x00000000e5100000, 0x00000000e5200000|  0%| F|  |TAMS 0x00000000e5100000, 0x00000000e5100000| Untracked 
|  82|0x00000000e5200000, 0x00000000e5200000, 0x00000000e5300000|  0%| F|  |TAMS 0x00000000e5200000, 0x00000000e5200000| Untracked 
|  83|0x00000000e5300000, 0x00000000e5300000, 0x00000000e5400000|  0%| F|  |TAMS 0x00000000e5300000, 0x00000000e5300000| Untracked 
|  84|0x00000000e5400000, 0x00000000e5400000, 0x00000000e5500000|  0%| F|  |TAMS 0x00000000e5400000, 0x00000000e5400000| Untracked 
|  85|0x00000000e5500000, 0x00000000e5500000, 0x00000000e5600000|  0%| F|  |TAMS 0x00000000e5500000, 0x00000000e5500000| Untracked 
|  86|0x00000000e5600000, 0x00000000e5600000, 0x00000000e5700000|  0%| F|  |TAMS 0x00000000e5600000, 0x00000000e5600000| Untracked 
|  87|0x00000000e5700000, 0x00000000e5700000, 0x00000000e5800000|  0%| F|  |TAMS 0x00000000e5700000, 0x00000000e5700000| Untracked 
|  88|0x00000000e5800000, 0x00000000e5800000, 0x00000000e5900000|  0%| F|  |TAMS 0x00000000e5800000, 0x00000000e5800000| Untracked 
|  89|0x00000000e5900000, 0x00000000e5900000, 0x00000000e5a00000|  0%| F|  |TAMS 0x00000000e5900000, 0x00000000e5900000| Untracked 
|  90|0x00000000e5a00000, 0x00000000e5a00000, 0x00000000e5b00000|  0%| F|  |TAMS 0x00000000e5a00000, 0x00000000e5a00000| Untracked 
|  91|0x00000000e5b00000, 0x00000000e5b00000, 0x00000000e5c00000|  0%| F|  |TAMS 0x00000000e5b00000, 0x00000000e5b00000| Untracked 
|  92|0x00000000e5c00000, 0x00000000e5c00000, 0x00000000e5d00000|  0%| F|  |TAMS 0x00000000e5c00000, 0x00000000e5c00000| Untracked 
|  93|0x00000000e5d00000, 0x00000000e5d00000, 0x00000000e5e00000|  0%| F|  |TAMS 0x00000000e5d00000, 0x00000000e5d00000| Untracked 
|  94|0x00000000e5e00000, 0x00000000e5e00000, 0x00000000e5f00000|  0%| F|  |TAMS 0x00000000e5e00000, 0x00000000e5e00000| Untracked 
|  95|0x00000000e5f00000, 0x00000000e5f00000, 0x00000000e6000000|  0%| F|  |TAMS 0x00000000e5f00000, 0x00000000e5f00000| Untracked 
|  96|0x00000000e6000000, 0x00000000e6000000, 0x00000000e6100000|  0%| F|  |TAMS 0x00000000e6000000, 0x00000000e6000000| Untracked 
|  97|0x00000000e6100000, 0x00000000e6100000, 0x00000000e6200000|  0%| F|  |TAMS 0x00000000e6100000, 0x00000000e6100000| Untracked 
|  98|0x00000000e6200000, 0x00000000e6200000, 0x00000000e6300000|  0%| F|  |TAMS 0x00000000e6200000, 0x00000000e6200000| Untracked 
|  99|0x00000000e6300000, 0x00000000e6300000, 0x00000000e6400000|  0%| F|  |TAMS 0x00000000e6300000, 0x00000000e6300000| Untracked 
| 100|0x00000000e6400000, 0x00000000e6400000, 0x00000000e6500000|  0%| F|  |TAMS 0x00000000e6400000, 0x00000000e6400000| Untracked 
| 101|0x00000000e6500000, 0x00000000e6500000, 0x00000000e6600000|  0%| F|  |TAMS 0x00000000e6500000, 0x00000000e6500000| Untracked 
| 102|0x00000000e6600000, 0x00000000e6600000, 0x00000000e6700000|  0%| F|  |TAMS 0x00000000e6600000, 0x00000000e6600000| Untracked 
| 103|0x00000000e6700000, 0x00000000e6700000, 0x00000000e6800000|  0%| F|  |TAMS 0x00000000e6700000, 0x00000000e6700000| Untracked 
| 104|0x00000000e6800000, 0x00000000e6800000, 0x00000000e6900000|  0%| F|  |TAMS 0x00000000e6800000, 0x00000000e6800000| Untracked 
| 105|0x00000000e6900000, 0x00000000e6900000, 0x00000000e6a00000|  0%| F|  |TAMS 0x00000000e6900000, 0x00000000e6900000| Untracked 
| 106|0x00000000e6a00000, 0x00000000e6a00000, 0x00000000e6b00000|  0%| F|  |TAMS 0x00000000e6a00000, 0x00000000e6a00000| Untracked 
| 107|0x00000000e6b00000, 0x00000000e6b00000, 0x00000000e6c00000|  0%| F|  |TAMS 0x00000000e6b00000, 0x00000000e6b00000| Untracked 
| 108|0x00000000e6c00000, 0x00000000e6c00000, 0x00000000e6d00000|  0%| F|  |TAMS 0x00000000e6c00000, 0x00000000e6c00000| Untracked 
| 109|0x00000000e6d00000, 0x00000000e6d00000, 0x00000000e6e00000|  0%| F|  |TAMS 0x00000000e6d00000, 0x00000000e6d00000| Untracked 
| 110|0x00000000e6e00000, 0x00000000e6e00000, 0x00000000e6f00000|  0%| F|  |TAMS 0x00000000e6e00000, 0x00000000e6e00000| Untracked 
| 111|0x00000000e6f00000, 0x00000000e6f00000, 0x00000000e7000000|  0%| F|  |TAMS 0x00000000e6f00000, 0x00000000e6f00000| Untracked 
| 112|0x00000000e7000000, 0x00000000e7000000, 0x00000000e7100000|  0%| F|  |TAMS 0x00000000e7000000, 0x00000000e7000000| Untracked 
| 113|0x00000000e7100000, 0x00000000e7100000, 0x00000000e7200000|  0%| F|  |TAMS 0x00000000e7100000, 0x00000000e7100000| Untracked 
| 114|0x00000000e7200000, 0x00000000e7200000, 0x00000000e7300000|  0%| F|  |TAMS 0x00000000e7200000, 0x00000000e7200000| Untracked 
| 115|0x00000000e7300000, 0x00000000e7300000, 0x00000000e7400000|  0%| F|  |TAMS 0x00000000e7300000, 0x00000000e7300000| Untracked 
| 116|0x00000000e7400000, 0x00000000e7400000, 0x00000000e7500000|  0%| F|  |TAMS 0x00000000e7400000, 0x00000000e7400000| Untracked 
| 117|0x00000000e7500000, 0x00000000e7500000, 0x00000000e7600000|  0%| F|  |TAMS 0x00000000e7500000, 0x00000000e7500000| Untracked 
| 118|0x00000000e7600000, 0x00000000e7600000, 0x00000000e7700000|  0%| F|  |TAMS 0x00000000e7600000, 0x00000000e7600000| Untracked 
| 119|0x00000000e7700000, 0x00000000e7700000, 0x00000000e7800000|  0%| F|  |TAMS 0x00000000e7700000, 0x00000000e7700000| Untracked 
| 120|0x00000000e7800000, 0x00000000e7800000, 0x00000000e7900000|  0%| F|  |TAMS 0x00000000e7800000, 0x00000000e7800000| Untracked 
| 121|0x00000000e7900000, 0x00000000e7900000, 0x00000000e7a00000|  0%| F|  |TAMS 0x00000000e7900000, 0x00000000e7900000| Untracked 
| 122|0x00000000e7a00000, 0x00000000e7a00000, 0x00000000e7b00000|  0%| F|  |TAMS 0x00000000e7a00000, 0x00000000e7a00000| Untracked 
| 123|0x00000000e7b00000, 0x00000000e7b00000, 0x00000000e7c00000|  0%| F|  |TAMS 0x00000000e7b00000, 0x00000000e7b00000| Untracked 
| 124|0x00000000e7c00000, 0x00000000e7c00000, 0x00000000e7d00000|  0%| F|  |TAMS 0x00000000e7c00000, 0x00000000e7c00000| Untracked 
| 125|0x00000000e7d00000, 0x00000000e7d00000, 0x00000000e7e00000|  0%| F|  |TAMS 0x00000000e7d00000, 0x00000000e7d00000| Untracked 
| 126|0x00000000e7e00000, 0x00000000e7e00000, 0x00000000e7f00000|  0%| F|  |TAMS 0x00000000e7e00000, 0x00000000e7e00000| Untracked 
| 127|0x00000000e7f00000, 0x00000000e7f00000, 0x00000000e8000000|  0%| F|  |TAMS 0x00000000e7f00000, 0x00000000e7f00000| Untracked 
| 128|0x00000000e8000000, 0x00000000e8000000, 0x00000000e8100000|  0%| F|  |TAMS 0x00000000e8000000, 0x00000000e8000000| Untracked 
| 129|0x00000000e8100000, 0x00000000e8100000, 0x00000000e8200000|  0%| F|  |TAMS 0x00000000e8100000, 0x00000000e8100000| Untracked 
| 130|0x00000000e8200000, 0x00000000e8200000, 0x00000000e8300000|  0%| F|  |TAMS 0x00000000e8200000, 0x00000000e8200000| Untracked 
| 131|0x00000000e8300000, 0x00000000e8300000, 0x00000000e8400000|  0%| F|  |TAMS 0x00000000e8300000, 0x00000000e8300000| Untracked 
| 132|0x00000000e8400000, 0x00000000e8400000, 0x00000000e8500000|  0%| F|  |TAMS 0x00000000e8400000, 0x00000000e8400000| Untracked 
| 133|0x00000000e8500000, 0x00000000e8500000, 0x00000000e8600000|  0%| F|  |TAMS 0x00000000e8500000, 0x00000000e8500000| Untracked 
| 134|0x00000000e8600000, 0x00000000e8600000, 0x00000000e8700000|  0%| F|  |TAMS 0x00000000e8600000, 0x00000000e8600000| Untracked 
| 135|0x00000000e8700000, 0x00000000e8700000, 0x00000000e8800000|  0%| F|  |TAMS 0x00000000e8700000, 0x00000000e8700000| Untracked 
| 136|0x00000000e8800000, 0x00000000e8800000, 0x00000000e8900000|  0%| F|  |TAMS 0x00000000e8800000, 0x00000000e8800000| Untracked 
| 137|0x00000000e8900000, 0x00000000e8900000, 0x00000000e8a00000|  0%| F|  |TAMS 0x00000000e8900000, 0x00000000e8900000| Untracked 
| 138|0x00000000e8a00000, 0x00000000e8a00000, 0x00000000e8b00000|  0%| F|  |TAMS 0x00000000e8a00000, 0x00000000e8a00000| Untracked 
| 139|0x00000000e8b00000, 0x00000000e8b00000, 0x00000000e8c00000|  0%| F|  |TAMS 0x00000000e8b00000, 0x00000000e8b00000| Untracked 
| 140|0x00000000e8c00000, 0x00000000e8c00000, 0x00000000e8d00000|  0%| F|  |TAMS 0x00000000e8c00000, 0x00000000e8c00000| Untracked 
| 141|0x00000000e8d00000, 0x00000000e8d00000, 0x00000000e8e00000|  0%| F|  |TAMS 0x00000000e8d00000, 0x00000000e8d00000| Untracked 
| 142|0x00000000e8e00000, 0x00000000e8e00000, 0x00000000e8f00000|  0%| F|  |TAMS 0x00000000e8e00000, 0x00000000e8e00000| Untracked 
| 143|0x00000000e8f00000, 0x00000000e8f00000, 0x00000000e9000000|  0%| F|  |TAMS 0x00000000e8f00000, 0x00000000e8f00000| Untracked 
| 144|0x00000000e9000000, 0x00000000e9000000, 0x00000000e9100000|  0%| F|  |TAMS 0x00000000e9000000, 0x00000000e9000000| Untracked 
| 145|0x00000000e9100000, 0x00000000e9100000, 0x00000000e9200000|  0%| F|  |TAMS 0x00000000e9100000, 0x00000000e9100000| Untracked 
| 146|0x00000000e9200000, 0x00000000e9200000, 0x00000000e9300000|  0%| F|  |TAMS 0x00000000e9200000, 0x00000000e9200000| Untracked 
| 147|0x00000000e9300000, 0x00000000e9300000, 0x00000000e9400000|  0%| F|  |TAMS 0x00000000e9300000, 0x00000000e9300000| Untracked 
| 148|0x00000000e9400000, 0x00000000e9400000, 0x00000000e9500000|  0%| F|  |TAMS 0x00000000e9400000, 0x00000000e9400000| Untracked 
| 149|0x00000000e9500000, 0x00000000e9500000, 0x00000000e9600000|  0%| F|  |TAMS 0x00000000e9500000, 0x00000000e9500000| Untracked 
| 150|0x00000000e9600000, 0x00000000e9600000, 0x00000000e9700000|  0%| F|  |TAMS 0x00000000e9600000, 0x00000000e9600000| Untracked 
| 151|0x00000000e9700000, 0x00000000e9700000, 0x00000000e9800000|  0%| F|  |TAMS 0x00000000e9700000, 0x00000000e9700000| Untracked 
| 152|0x00000000e9800000, 0x00000000e9880800, 0x00000000e9900000| 50%| E|  |TAMS 0x00000000e9800000, 0x00000000e9800000| Complete 
| 153|0x00000000e9900000, 0x00000000e9a00000, 0x00000000e9a00000|100%| E|CS|TAMS 0x00000000e9900000, 0x00000000e9900000| Complete 
| 154|0x00000000e9a00000, 0x00000000e9b00000, 0x00000000e9b00000|100%| E|CS|TAMS 0x00000000e9a00000, 0x00000000e9a00000| Complete 
| 155|0x00000000e9b00000, 0x00000000e9c00000, 0x00000000e9c00000|100%| E|CS|TAMS 0x00000000e9b00000, 0x00000000e9b00000| Complete 
| 156|0x00000000e9c00000, 0x00000000e9d00000, 0x00000000e9d00000|100%| E|CS|TAMS 0x00000000e9c00000, 0x00000000e9c00000| Complete 
| 157|0x00000000e9d00000, 0x00000000e9e00000, 0x00000000e9e00000|100%| E|CS|TAMS 0x00000000e9d00000, 0x00000000e9d00000| Complete 
| 158|0x00000000e9e00000, 0x00000000e9f00000, 0x00000000e9f00000|100%| E|CS|TAMS 0x00000000e9e00000, 0x00000000e9e00000| Complete 
| 159|0x00000000e9f00000, 0x00000000ea000000, 0x00000000ea000000|100%| E|CS|TAMS 0x00000000e9f00000, 0x00000000e9f00000| Complete 
| 160|0x00000000ea000000, 0x00000000ea100000, 0x00000000ea100000|100%| E|CS|TAMS 0x00000000ea000000, 0x00000000ea000000| Complete 
| 161|0x00000000ea100000, 0x00000000ea200000, 0x00000000ea200000|100%| E|CS|TAMS 0x00000000ea100000, 0x00000000ea100000| Complete 
| 162|0x00000000ea200000, 0x00000000ea300000, 0x00000000ea300000|100%| E|CS|TAMS 0x00000000ea200000, 0x00000000ea200000| Complete 
| 163|0x00000000ea300000, 0x00000000ea400000, 0x00000000ea400000|100%| E|CS|TAMS 0x00000000ea300000, 0x00000000ea300000| Complete 
| 164|0x00000000ea400000, 0x00000000ea500000, 0x00000000ea500000|100%| E|CS|TAMS 0x00000000ea400000, 0x00000000ea400000| Complete 
| 165|0x00000000ea500000, 0x00000000ea600000, 0x00000000ea600000|100%| E|CS|TAMS 0x00000000ea500000, 0x00000000ea500000| Complete 
| 166|0x00000000ea600000, 0x00000000ea700000, 0x00000000ea700000|100%| E|CS|TAMS 0x00000000ea600000, 0x00000000ea600000| Complete 
| 167|0x00000000ea700000, 0x00000000ea800000, 0x00000000ea800000|100%| E|CS|TAMS 0x00000000ea700000, 0x00000000ea700000| Complete 
| 168|0x00000000ea800000, 0x00000000ea900000, 0x00000000ea900000|100%| E|CS|TAMS 0x00000000ea800000, 0x00000000ea800000| Complete 
| 169|0x00000000ea900000, 0x00000000eaa00000, 0x00000000eaa00000|100%| E|CS|TAMS 0x00000000ea900000, 0x00000000ea900000| Complete 
| 170|0x00000000eaa00000, 0x00000000eab00000, 0x00000000eab00000|100%| E|CS|TAMS 0x00000000eaa00000, 0x00000000eaa00000| Complete 
| 171|0x00000000eab00000, 0x00000000eac00000, 0x00000000eac00000|100%| E|CS|TAMS 0x00000000eab00000, 0x00000000eab00000| Complete 
| 172|0x00000000eac00000, 0x00000000ead00000, 0x00000000ead00000|100%| E|CS|TAMS 0x00000000eac00000, 0x00000000eac00000| Complete 
| 173|0x00000000ead00000, 0x00000000eae00000, 0x00000000eae00000|100%| E|CS|TAMS 0x00000000ead00000, 0x00000000ead00000| Complete 
| 174|0x00000000eae00000, 0x00000000eaf00000, 0x00000000eaf00000|100%| E|CS|TAMS 0x00000000eae00000, 0x00000000eae00000| Complete 
| 175|0x00000000eaf00000, 0x00000000eb000000, 0x00000000eb000000|100%| E|CS|TAMS 0x00000000eaf00000, 0x00000000eaf00000| Complete 
| 176|0x00000000eb000000, 0x00000000eb100000, 0x00000000eb100000|100%| E|CS|TAMS 0x00000000eb000000, 0x00000000eb000000| Complete 
| 177|0x00000000eb100000, 0x00000000eb200000, 0x00000000eb200000|100%| E|CS|TAMS 0x00000000eb100000, 0x00000000eb100000| Complete 
| 178|0x00000000eb200000, 0x00000000eb300000, 0x00000000eb300000|100%| E|CS|TAMS 0x00000000eb200000, 0x00000000eb200000| Complete 
| 179|0x00000000eb300000, 0x00000000eb400000, 0x00000000eb400000|100%| E|CS|TAMS 0x00000000eb300000, 0x00000000eb300000| Complete 
| 180|0x00000000eb400000, 0x00000000eb500000, 0x00000000eb500000|100%| E|CS|TAMS 0x00000000eb400000, 0x00000000eb400000| Complete 
| 181|0x00000000eb500000, 0x00000000eb600000, 0x00000000eb600000|100%| E|CS|TAMS 0x00000000eb500000, 0x00000000eb500000| Complete 
| 182|0x00000000eb600000, 0x00000000eb700000, 0x00000000eb700000|100%| E|CS|TAMS 0x00000000eb600000, 0x00000000eb600000| Complete 
| 183|0x00000000eb700000, 0x00000000eb800000, 0x00000000eb800000|100%| E|CS|TAMS 0x00000000eb700000, 0x00000000eb700000| Complete 
| 184|0x00000000eb800000, 0x00000000eb900000, 0x00000000eb900000|100%| E|CS|TAMS 0x00000000eb800000, 0x00000000eb800000| Complete 
| 185|0x00000000eb900000, 0x00000000eba00000, 0x00000000eba00000|100%| E|CS|TAMS 0x00000000eb900000, 0x00000000eb900000| Complete 
| 186|0x00000000eba00000, 0x00000000ebb00000, 0x00000000ebb00000|100%| E|CS|TAMS 0x00000000eba00000, 0x00000000eba00000| Complete 
| 187|0x00000000ebb00000, 0x00000000ebc00000, 0x00000000ebc00000|100%| E|CS|TAMS 0x00000000ebb00000, 0x00000000ebb00000| Complete 
| 188|0x00000000ebc00000, 0x00000000ebd00000, 0x00000000ebd00000|100%| E|CS|TAMS 0x00000000ebc00000, 0x00000000ebc00000| Complete 
| 189|0x00000000ebd00000, 0x00000000ebe00000, 0x00000000ebe00000|100%| E|CS|TAMS 0x00000000ebd00000, 0x00000000ebd00000| Complete 
| 190|0x00000000ebe00000, 0x00000000ebf00000, 0x00000000ebf00000|100%| E|CS|TAMS 0x00000000ebe00000, 0x00000000ebe00000| Complete 
| 191|0x00000000ebf00000, 0x00000000ec000000, 0x00000000ec000000|100%| E|CS|TAMS 0x00000000ebf00000, 0x00000000ebf00000| Complete 
| 192|0x00000000ec000000, 0x00000000ec100000, 0x00000000ec100000|100%| E|CS|TAMS 0x00000000ec000000, 0x00000000ec000000| Complete 
| 193|0x00000000ec100000, 0x00000000ec200000, 0x00000000ec200000|100%| E|CS|TAMS 0x00000000ec100000, 0x00000000ec100000| Complete 
| 194|0x00000000ec200000, 0x00000000ec300000, 0x00000000ec300000|100%| E|CS|TAMS 0x00000000ec200000, 0x00000000ec200000| Complete 
| 195|0x00000000ec300000, 0x00000000ec400000, 0x00000000ec400000|100%| E|CS|TAMS 0x00000000ec300000, 0x00000000ec300000| Complete 
| 196|0x00000000ec400000, 0x00000000ec480000, 0x00000000ec500000| 50%| S|CS|TAMS 0x00000000ec400000, 0x00000000ec400000| Complete 
| 197|0x00000000ec500000, 0x00000000ec600000, 0x00000000ec600000|100%| S|CS|TAMS 0x00000000ec500000, 0x00000000ec500000| Complete 
| 198|0x00000000ec600000, 0x00000000ec700000, 0x00000000ec700000|100%| S|CS|TAMS 0x00000000ec600000, 0x00000000ec600000| Complete 
| 199|0x00000000ec700000, 0x00000000ec800000, 0x00000000ec800000|100%| S|CS|TAMS 0x00000000ec700000, 0x00000000ec700000| Complete 
| 200|0x00000000ec800000, 0x00000000ec900000, 0x00000000ec900000|100%| S|CS|TAMS 0x00000000ec800000, 0x00000000ec800000| Complete 
| 201|0x00000000ec900000, 0x00000000eca00000, 0x00000000eca00000|100%| S|CS|TAMS 0x00000000ec900000, 0x00000000ec900000| Complete 
| 202|0x00000000eca00000, 0x00000000ecb00000, 0x00000000ecb00000|100%| S|CS|TAMS 0x00000000eca00000, 0x00000000eca00000| Complete 
| 203|0x00000000ecb00000, 0x00000000ecc00000, 0x00000000ecc00000|100%| S|CS|TAMS 0x00000000ecb00000, 0x00000000ecb00000| Complete 
| 204|0x00000000ecc00000, 0x00000000ecd00000, 0x00000000ecd00000|100%| S|CS|TAMS 0x00000000ecc00000, 0x00000000ecc00000| Complete 
| 205|0x00000000ecd00000, 0x00000000ece00000, 0x00000000ece00000|100%| S|CS|TAMS 0x00000000ecd00000, 0x00000000ecd00000| Complete 
| 206|0x00000000ece00000, 0x00000000ecf00000, 0x00000000ecf00000|100%| E|CS|TAMS 0x00000000ece00000, 0x00000000ece00000| Complete 
| 207|0x00000000ecf00000, 0x00000000ed000000, 0x00000000ed000000|100%| E|CS|TAMS 0x00000000ecf00000, 0x00000000ecf00000| Complete 
| 208|0x00000000ed000000, 0x00000000ed100000, 0x00000000ed100000|100%| E|CS|TAMS 0x00000000ed000000, 0x00000000ed000000| Complete 
| 209|0x00000000ed100000, 0x00000000ed200000, 0x00000000ed200000|100%| E|CS|TAMS 0x00000000ed100000, 0x00000000ed100000| Complete 
| 210|0x00000000ed200000, 0x00000000ed300000, 0x00000000ed300000|100%| E|CS|TAMS 0x00000000ed200000, 0x00000000ed200000| Complete 
| 211|0x00000000ed300000, 0x00000000ed400000, 0x00000000ed400000|100%| E|CS|TAMS 0x00000000ed300000, 0x00000000ed300000| Complete 
| 212|0x00000000ed400000, 0x00000000ed500000, 0x00000000ed500000|100%| E|CS|TAMS 0x00000000ed400000, 0x00000000ed400000| Complete 
| 213|0x00000000ed500000, 0x00000000ed600000, 0x00000000ed600000|100%| E|CS|TAMS 0x00000000ed500000, 0x00000000ed500000| Complete 
| 214|0x00000000ed600000, 0x00000000ed700000, 0x00000000ed700000|100%| E|CS|TAMS 0x00000000ed600000, 0x00000000ed600000| Complete 
| 215|0x00000000ed700000, 0x00000000ed800000, 0x00000000ed800000|100%| E|CS|TAMS 0x00000000ed700000, 0x00000000ed700000| Complete 
| 216|0x00000000ed800000, 0x00000000ed900000, 0x00000000ed900000|100%| E|CS|TAMS 0x00000000ed800000, 0x00000000ed800000| Complete 
| 217|0x00000000ed900000, 0x00000000eda00000, 0x00000000eda00000|100%| E|CS|TAMS 0x00000000ed900000, 0x00000000ed900000| Complete 
| 218|0x00000000eda00000, 0x00000000edb00000, 0x00000000edb00000|100%| E|CS|TAMS 0x00000000eda00000, 0x00000000eda00000| Complete 
| 219|0x00000000edb00000, 0x00000000edc00000, 0x00000000edc00000|100%| E|CS|TAMS 0x00000000edb00000, 0x00000000edb00000| Complete 
| 220|0x00000000edc00000, 0x00000000edd00000, 0x00000000edd00000|100%| E|CS|TAMS 0x00000000edc00000, 0x00000000edc00000| Complete 
| 221|0x00000000edd00000, 0x00000000ede00000, 0x00000000ede00000|100%| E|CS|TAMS 0x00000000edd00000, 0x00000000edd00000| Complete 
| 222|0x00000000ede00000, 0x00000000edf00000, 0x00000000edf00000|100%| E|CS|TAMS 0x00000000ede00000, 0x00000000ede00000| Complete 
| 223|0x00000000edf00000, 0x00000000ee000000, 0x00000000ee000000|100%| E|CS|TAMS 0x00000000edf00000, 0x00000000edf00000| Complete 
| 224|0x00000000ee000000, 0x00000000ee100000, 0x00000000ee100000|100%| E|CS|TAMS 0x00000000ee000000, 0x00000000ee000000| Complete 
| 225|0x00000000ee100000, 0x00000000ee200000, 0x00000000ee200000|100%| E|CS|TAMS 0x00000000ee100000, 0x00000000ee100000| Complete 
| 226|0x00000000ee200000, 0x00000000ee300000, 0x00000000ee300000|100%| E|CS|TAMS 0x00000000ee200000, 0x00000000ee200000| Complete 
| 227|0x00000000ee300000, 0x00000000ee400000, 0x00000000ee400000|100%| E|CS|TAMS 0x00000000ee300000, 0x00000000ee300000| Complete 
| 228|0x00000000ee400000, 0x00000000ee500000, 0x00000000ee500000|100%| E|CS|TAMS 0x00000000ee400000, 0x00000000ee400000| Complete 
| 229|0x00000000ee500000, 0x00000000ee600000, 0x00000000ee600000|100%| E|CS|TAMS 0x00000000ee500000, 0x00000000ee500000| Complete 
| 230|0x00000000ee600000, 0x00000000ee700000, 0x00000000ee700000|100%| E|CS|TAMS 0x00000000ee600000, 0x00000000ee600000| Complete 
| 231|0x00000000ee700000, 0x00000000ee800000, 0x00000000ee800000|100%| E|CS|TAMS 0x00000000ee700000, 0x00000000ee700000| Complete 
| 232|0x00000000ee800000, 0x00000000ee900000, 0x00000000ee900000|100%| E|CS|TAMS 0x00000000ee800000, 0x00000000ee800000| Complete 
| 233|0x00000000ee900000, 0x00000000eea00000, 0x00000000eea00000|100%| E|CS|TAMS 0x00000000ee900000, 0x00000000ee900000| Complete 
| 234|0x00000000eea00000, 0x00000000eeb00000, 0x00000000eeb00000|100%| E|CS|TAMS 0x00000000eea00000, 0x00000000eea00000| Complete 
| 235|0x00000000eeb00000, 0x00000000eec00000, 0x00000000eec00000|100%| E|CS|TAMS 0x00000000eeb00000, 0x00000000eeb00000| Complete 
| 236|0x00000000eec00000, 0x00000000eed00000, 0x00000000eed00000|100%| E|CS|TAMS 0x00000000eec00000, 0x00000000eec00000| Complete 
| 237|0x00000000eed00000, 0x00000000eee00000, 0x00000000eee00000|100%| E|CS|TAMS 0x00000000eed00000, 0x00000000eed00000| Complete 
| 238|0x00000000eee00000, 0x00000000eef00000, 0x00000000eef00000|100%| E|CS|TAMS 0x00000000eee00000, 0x00000000eee00000| Complete 
| 239|0x00000000eef00000, 0x00000000ef000000, 0x00000000ef000000|100%| E|CS|TAMS 0x00000000eef00000, 0x00000000eef00000| Complete 
| 240|0x00000000ef000000, 0x00000000ef100000, 0x00000000ef100000|100%| E|CS|TAMS 0x00000000ef000000, 0x00000000ef000000| Complete 
| 241|0x00000000ef100000, 0x00000000ef200000, 0x00000000ef200000|100%| E|CS|TAMS 0x00000000ef100000, 0x00000000ef100000| Complete 
| 242|0x00000000ef200000, 0x00000000ef300000, 0x00000000ef300000|100%| E|CS|TAMS 0x00000000ef200000, 0x00000000ef200000| Complete 
| 243|0x00000000ef300000, 0x00000000ef400000, 0x00000000ef400000|100%| E|CS|TAMS 0x00000000ef300000, 0x00000000ef300000| Complete 
| 244|0x00000000ef400000, 0x00000000ef500000, 0x00000000ef500000|100%| E|CS|TAMS 0x00000000ef400000, 0x00000000ef400000| Complete 
| 245|0x00000000ef500000, 0x00000000ef600000, 0x00000000ef600000|100%| E|CS|TAMS 0x00000000ef500000, 0x00000000ef500000| Complete 
| 246|0x00000000ef600000, 0x00000000ef700000, 0x00000000ef700000|100%| E|CS|TAMS 0x00000000ef600000, 0x00000000ef600000| Complete 
| 247|0x00000000ef700000, 0x00000000ef800000, 0x00000000ef800000|100%| E|CS|TAMS 0x00000000ef700000, 0x00000000ef700000| Complete 
| 248|0x00000000ef800000, 0x00000000ef900000, 0x00000000ef900000|100%| E|CS|TAMS 0x00000000ef800000, 0x00000000ef800000| Complete 
| 249|0x00000000ef900000, 0x00000000efa00000, 0x00000000efa00000|100%| E|CS|TAMS 0x00000000ef900000, 0x00000000ef900000| Complete 
| 250|0x00000000efa00000, 0x00000000efb00000, 0x00000000efb00000|100%| E|CS|TAMS 0x00000000efa00000, 0x00000000efa00000| Complete 
| 251|0x00000000efb00000, 0x00000000efc00000, 0x00000000efc00000|100%| E|CS|TAMS 0x00000000efb00000, 0x00000000efb00000| Complete 
| 252|0x00000000efc00000, 0x00000000efd00000, 0x00000000efd00000|100%| E|CS|TAMS 0x00000000efc00000, 0x00000000efc00000| Complete 
| 253|0x00000000efd00000, 0x00000000efe00000, 0x00000000efe00000|100%| E|CS|TAMS 0x00000000efd00000, 0x00000000efd00000| Complete 
| 254|0x00000000efe00000, 0x00000000eff00000, 0x00000000eff00000|100%| E|CS|TAMS 0x00000000efe00000, 0x00000000efe00000| Complete 
| 255|0x00000000eff00000, 0x00000000f0000000, 0x00000000f0000000|100%| E|CS|TAMS 0x00000000eff00000, 0x00000000eff00000| Complete 

Card table byte_map: [0x000001a54f360000,0x000001a54f460000] _byte_map_base: 0x000001a54ec60000

Marking Bits (Prev, Next): (CMBitMap*) 0x000001a537c5d700, (CMBitMap*) 0x000001a537c5d6c8
 Prev Bits: [0x000001a54fd60000, 0x000001a550560000)
 Next Bits: [0x000001a54f560000, 0x000001a54fd60000)

Polling page: 0x000001a537410000

Metaspace:

Usage:
  Non-class:     56.27 MB capacity,    55.10 MB ( 98%) used,   988.46 KB (  2%) free+waste,   208.88 KB ( <1%) overhead. 
      Class:      8.91 MB capacity,     8.19 MB ( 92%) used,   631.45 KB (  7%) free+waste,   100.38 KB (  1%) overhead. 
       Both:     65.18 MB capacity,    63.30 MB ( 97%) used,     1.58 MB (  2%) free+waste,   309.25 KB ( <1%) overhead. 

Virtual space:
  Non-class space:       58.00 MB reserved,      56.46 MB ( 97%) committed 
      Class space:      248.00 MB reserved,       9.00 MB (  4%) committed 
             Both:      306.00 MB reserved,      65.46 MB ( 21%) committed 

Chunk freelists:
   Non-Class:  4.00 KB
       Class:  0 bytes
        Both:  4.00 KB

MaxMetaspaceSize: 256.00 MB
CompressedClassSpaceSize: 248.00 MB
Initial GC threshold: 20.80 MB
Current GC threshold: 98.90 MB
CDS: off

CodeHeap 'non-profiled nmethods': size=120064Kb used=4197Kb max_used=4197Kb free=115867Kb
 bounds [0x000001a547e20000, 0x000001a548240000, 0x000001a54f360000]
CodeHeap 'profiled nmethods': size=120000Kb used=15626Kb max_used=15626Kb free=104373Kb
 bounds [0x000001a5408f0000, 0x000001a541840000, 0x000001a547e20000]
CodeHeap 'non-nmethods': size=5696Kb used=2331Kb max_used=2374Kb free=3364Kb
 bounds [0x000001a540360000, 0x000001a5405d0000, 0x000001a5408f0000]
 total_blobs=7674 nmethods=6832 adapters=755
 compilation: enabled
              stopped_count=0, restarted_count=0
 full_count=0

Compilation events (20 events):
Event: 84.452 Thread 0x000001a5534e8000 6915       3       org.gradle.api.internal.artifacts.repositories.metadata.DefaultMavenImmutableAttributesFactory$ComponentTypeEntry::<init> (8 bytes)
Event: 84.452 Thread 0x000001a5534e8000 nmethod 6915 0x000001a541829310 code [0x000001a5418294c0, 0x000001a5418295e8]
Event: 84.453 Thread 0x000001a5534e8000 6916       3       org.gradle.internal.component.external.model.DefaultConfigurationMetadata$Builder::withAttributes (7 bytes)
Event: 84.453 Thread 0x000001a5534e8000 nmethod 6916 0x000001a541829690 code [0x000001a541829840, 0x000001a541829998]
Event: 84.454 Thread 0x000001a5534e8000 6917       3       java.lang.Math::abs (13 bytes)
Event: 84.454 Thread 0x000001a5534e8000 nmethod 6917 0x000001a541829a10 code [0x000001a541829bc0, 0x000001a541829d18]
Event: 84.454 Thread 0x000001a5534e8000 6918       3       org.gradle.api.internal.artifacts.repositories.metadata.DefaultMavenImmutableAttributesFactory$ComponentTypeEntry::equals (88 bytes)
Event: 84.456 Thread 0x000001a5534e8000 nmethod 6918 0x000001a541829d90 code [0x000001a541829fc0, 0x000001a54182a8c8]
Event: 84.456 Thread 0x000001a5534e8000 6919       3       org.gradle.api.internal.artifacts.ivyservice.ivyresolve.BaseModuleComponentRepository::getName (10 bytes)
Event: 84.456 Thread 0x000001a5534e8000 nmethod 6919 0x000001a54182ab10 code [0x000001a54182acc0, 0x000001a54182ae88]
Event: 84.457 Thread 0x000001a5534e8000 6920       3       org.gradle.internal.component.external.model.AbstractLazyModuleComponentResolveMetadata::getAttributes (5 bytes)
Event: 84.458 Thread 0x000001a5534e8000 nmethod 6920 0x000001a54182af90 code [0x000001a54182b140, 0x000001a54182b258]
Event: 84.465 Thread 0x000001a5534e8000 6921       1       org.gradle.api.internal.artifacts.ivyservice.resolveengine.graph.builder.EdgeState::isTransitive (5 bytes)
Event: 84.465 Thread 0x000001a5534e8000 nmethod 6921 0x000001a548237f10 code [0x000001a5482380c0, 0x000001a548238178]
Event: 84.482 Thread 0x000001a5534e8000 6922       3       java.util.LinkedList::unlinkFirst (64 bytes)
Event: 84.483 Thread 0x000001a5534e8000 nmethod 6922 0x000001a54182b310 code [0x000001a54182b4e0, 0x000001a54182b778]
Event: 84.483 Thread 0x000001a5534e8000 6923       1       org.gradle.api.internal.artifacts.ivyservice.resolveengine.result.ComponentIdentifierSerializer$Implementation::getId (5 bytes)
Event: 84.483 Thread 0x000001a5534e8000 nmethod 6923 0x000001a548238210 code [0x000001a5482383c0, 0x000001a548238478]
Event: 84.489 Thread 0x000001a5534e8000 6924       3       org.gradle.internal.component.model.DefaultIvyArtifactName::<init> (34 bytes)
Event: 84.489 Thread 0x000001a5534e8000 nmethod 6924 0x000001a54182b890 code [0x000001a54182ba60, 0x000001a54182bd68]

GC Heap History (20 events):
Event: 3.804 GC heap before
{Heap before GC invocations=0 (full 0):
 garbage-first heap   total 262144K, used 16384K [0x00000000e0000000, 0x0000000100000000)
  region size 1024K, 14 young (14336K), 0 survivors (0K)
 Metaspace       used 6749K, capacity 6937K, committed 7168K, reserved 262144K
  class space    used 571K, capacity 650K, committed 768K, reserved 253952K
}
Event: 3.955 GC heap after
{Heap after GC invocations=1 (full 0):
 garbage-first heap   total 262144K, used 4856K [0x00000000e0000000, 0x0000000100000000)
  region size 1024K, 2 young (2048K), 2 survivors (2048K)
 Metaspace       used 6749K, capacity 6937K, committed 7168K, reserved 262144K
  class space    used 571K, capacity 650K, committed 768K, reserved 253952K
}
Event: 5.624 GC heap before
{Heap before GC invocations=1 (full 0):
 garbage-first heap   total 262144K, used 19192K [0x00000000e0000000, 0x0000000100000000)
  region size 1024K, 13 young (13312K), 2 survivors (2048K)
 Metaspace       used 9922K, capacity 10194K, committed 10368K, reserved 264192K
  class space    used 1010K, capacity 1102K, committed 1152K, reserved 253952K
}
Event: 5.631 GC heap after
{Heap after GC invocations=2 (full 0):
 garbage-first heap   total 262144K, used 9608K [0x00000000e0000000, 0x0000000100000000)
  region size 1024K, 2 young (2048K), 2 survivors (2048K)
 Metaspace       used 9922K, capacity 10194K, committed 10368K, reserved 264192K
  class space    used 1010K, capacity 1102K, committed 1152K, reserved 253952K
}
Event: 8.059 GC heap before
{Heap before GC invocations=2 (full 0):
 garbage-first heap   total 262144K, used 38280K [0x00000000e0000000, 0x0000000100000000)
  region size 1024K, 29 young (29696K), 2 survivors (2048K)
 Metaspace       used 10867K, capacity 11085K, committed 11264K, reserved 264192K
  class space    used 1111K, capacity 1207K, committed 1280K, reserved 253952K
}
Event: 8.065 GC heap after
{Heap after GC invocations=3 (full 0):
 garbage-first heap   total 262144K, used 12151K [0x00000000e0000000, 0x0000000100000000)
  region size 1024K, 4 young (4096K), 4 survivors (4096K)
 Metaspace       used 10867K, capacity 11085K, committed 11264K, reserved 264192K
  class space    used 1111K, capacity 1207K, committed 1280K, reserved 253952K
}
Event: 18.107 GC heap before
{Heap before GC invocations=3 (full 0):
 garbage-first heap   total 262144K, used 52087K [0x00000000e0000000, 0x0000000100000000)
  region size 1024K, 44 young (45056K), 4 survivors (4096K)
 Metaspace       used 17627K, capacity 17988K, committed 18048K, reserved 270336K
  class space    used 2033K, capacity 2159K, committed 2176K, reserved 253952K
}
Event: 18.125 GC heap after
{Heap after GC invocations=4 (full 0):
 garbage-first heap   total 262144K, used 16521K [0x00000000e0000000, 0x0000000100000000)
  region size 1024K, 6 young (6144K), 6 survivors (6144K)
 Metaspace       used 17627K, capacity 17988K, committed 18048K, reserved 270336K
  class space    used 2033K, capacity 2159K, committed 2176K, reserved 253952K
}
Event: 21.261 GC heap before
{Heap before GC invocations=4 (full 0):
 garbage-first heap   total 262144K, used 47241K [0x00000000e0000000, 0x0000000100000000)
  region size 1024K, 37 young (37888K), 6 survivors (6144K)
 Metaspace       used 20720K, capacity 21185K, committed 21296K, reserved 274432K
  class space    used 2507K, capacity 2666K, committed 2688K, reserved 253952K
}
Event: 21.277 GC heap after
{Heap after GC invocations=5 (full 0):
 garbage-first heap   total 262144K, used 17396K [0x00000000e0000000, 0x0000000100000000)
  region size 1024K, 7 young (7168K), 7 survivors (7168K)
 Metaspace       used 20720K, capacity 21185K, committed 21296K, reserved 274432K
  class space    used 2507K, capacity 2666K, committed 2688K, reserved 253952K
}
Event: 28.971 GC heap before
{Heap before GC invocations=6 (full 0):
 garbage-first heap   total 262144K, used 72692K [0x00000000e0000000, 0x0000000100000000)
  region size 1024K, 61 young (62464K), 7 survivors (7168K)
 Metaspace       used 26834K, capacity 27444K, committed 27520K, reserved 278528K
  class space    used 3441K, capacity 3677K, committed 3712K, reserved 253952K
}
Event: 28.996 GC heap after
{Heap after GC invocations=7 (full 0):
 garbage-first heap   total 262144K, used 19897K [0x00000000e0000000, 0x0000000100000000)
  region size 1024K, 4 young (4096K), 4 survivors (4096K)
 Metaspace       used 26834K, capacity 27444K, committed 27520K, reserved 278528K
  class space    used 3441K, capacity 3677K, committed 3712K, reserved 253952K
}
Event: 36.597 GC heap before
{Heap before GC invocations=7 (full 0):
 garbage-first heap   total 262144K, used 92601K [0x00000000e0000000, 0x0000000100000000)
  region size 1024K, 76 young (77824K), 4 survivors (4096K)
 Metaspace       used 35023K, capacity 35944K, committed 36048K, reserved 286720K
  class space    used 4606K, capacity 4964K, committed 4992K, reserved 253952K
}
Event: 36.629 GC heap after
{Heap after GC invocations=8 (full 0):
 garbage-first heap   total 262144K, used 23655K [0x00000000e0000000, 0x0000000100000000)
  region size 1024K, 7 young (7168K), 7 survivors (7168K)
 Metaspace       used 35023K, capacity 35944K, committed 36048K, reserved 286720K
  class space    used 4606K, capacity 4964K, committed 4992K, reserved 253952K
}
Event: 52.861 GC heap before
{Heap before GC invocations=9 (full 0):
 garbage-first heap   total 262144K, used 159847K [0x00000000e0000000, 0x0000000100000000)
  region size 1024K, 137 young (140288K), 7 survivors (7168K)
 Metaspace       used 47869K, capacity 48985K, committed 49280K, reserved 296960K
  class space    used 6032K, capacity 6446K, committed 6528K, reserved 253952K
}
Event: 52.908 GC heap after
{Heap after GC invocations=10 (full 0):
 garbage-first heap   total 262144K, used 33342K [0x00000000e0000000, 0x0000000100000000)
  region size 1024K, 17 young (17408K), 17 survivors (17408K)
 Metaspace       used 47869K, capacity 48985K, committed 49280K, reserved 296960K
  class space    used 6032K, capacity 6446K, committed 6528K, reserved 253952K
}
Event: 65.058 GC heap before
{Heap before GC invocations=10 (full 0):
 garbage-first heap   total 262144K, used 171582K [0x00000000e0000000, 0x0000000100000000)
  region size 1024K, 152 young (155648K), 17 survivors (17408K)
 Metaspace       used 55472K, capacity 56828K, committed 57088K, reserved 305152K
  class space    used 7107K, capacity 7587K, committed 7680K, reserved 253952K
}
Event: 65.148 GC heap after
{Heap after GC invocations=11 (full 0):
 garbage-first heap   total 262144K, used 38923K [0x00000000e0000000, 0x0000000100000000)
  region size 1024K, 16 young (16384K), 16 survivors (16384K)
 Metaspace       used 55472K, capacity 56828K, committed 57088K, reserved 305152K
  class space    used 7107K, capacity 7587K, committed 7680K, reserved 253952K
}
Event: 69.291 GC heap before
{Heap before GC invocations=11 (full 0):
 garbage-first heap   total 262144K, used 89099K [0x00000000e0000000, 0x0000000100000000)
  region size 1024K, 66 young (67584K), 16 survivors (16384K)
 Metaspace       used 58810K, capacity 60482K, committed 60508K, reserved 307200K
  class space    used 7631K, capacity 8294K, committed 8320K, reserved 253952K
}
Event: 69.375 GC heap after
{Heap after GC invocations=12 (full 0):
 garbage-first heap   total 262144K, used 42148K [0x00000000e0000000, 0x0000000100000000)
  region size 1024K, 10 young (10240K), 10 survivors (10240K)
 Metaspace       used 58810K, capacity 60482K, committed 60508K, reserved 307200K
  class space    used 7631K, capacity 8294K, committed 8320K, reserved 253952K
}

Deoptimization events (20 events):
Event: 81.046 Thread 0x000001a554b71000 DEOPT PACKING pc=0x000001a541728cb0 sp=0x000000977d7f6f90
Event: 81.046 Thread 0x000001a554b71000 DEOPT UNPACKING pc=0x000001a5403aa93f sp=0x000000977d7f64d0 mode 0
Event: 81.299 Thread 0x000001a554b71000 Uncommon trap: trap_request=0xffffff4d fr.pc=0x000001a547e9e244 relative=0x0000000000000da4
Event: 81.300 Thread 0x000001a554b71000 Uncommon trap: reason=unstable_if action=reinterpret pc=0x000001a547e9e244 method=java.io.BufferedReader.readLine(Z)Ljava/lang/String; @ 192 c2
Event: 81.301 Thread 0x000001a554b71000 DEOPT PACKING pc=0x000001a547e9e244 sp=0x000000977d7f87c0
Event: 81.301 Thread 0x000001a554b71000 DEOPT UNPACKING pc=0x000001a5403aa1a9 sp=0x000000977d7f8788 mode 2
Event: 81.302 Thread 0x000001a554b71000 Uncommon trap: trap_request=0xffffff4d fr.pc=0x000001a5481f02b4 relative=0x0000000000000094
Event: 81.302 Thread 0x000001a554b71000 Uncommon trap: reason=unstable_if action=reinterpret pc=0x000001a5481f02b4 method=com.sun.org.apache.xerces.internal.impl.XMLEntityScanner.peekChar()I @ 14 c2
Event: 81.302 Thread 0x000001a554b71000 DEOPT PACKING pc=0x000001a5481f02b4 sp=0x000000977d7f83b0
Event: 81.302 Thread 0x000001a554b71000 DEOPT UNPACKING pc=0x000001a5403aa1a9 sp=0x000000977d7f8338 mode 2
Event: 82.190 Thread 0x000001a554b71000 DEOPT PACKING pc=0x000001a540e346a1 sp=0x000000977d7f88b0
Event: 82.190 Thread 0x000001a554b71000 DEOPT UNPACKING pc=0x000001a5403aa93f sp=0x000000977d7f7da8 mode 0
Event: 84.075 Thread 0x000001a555a56000 Uncommon trap: trap_request=0xffffff4d fr.pc=0x000001a5481c2998 relative=0x0000000000001698
Event: 84.075 Thread 0x000001a555a56000 Uncommon trap: reason=unstable_if action=reinterpret pc=0x000001a5481c2998 method=java.util.concurrent.ConcurrentHashMap.addCount(JI)V @ 97 c2
Event: 84.075 Thread 0x000001a555a56000 DEOPT PACKING pc=0x000001a5481c2998 sp=0x00000097002fe400
Event: 84.075 Thread 0x000001a555a56000 DEOPT UNPACKING pc=0x000001a5403aa1a9 sp=0x00000097002fe2e0 mode 2
Event: 84.432 Thread 0x000001a556124000 Uncommon trap: trap_request=0xffffff4d fr.pc=0x000001a5481976d0 relative=0x00000000000002f0
Event: 84.432 Thread 0x000001a556124000 Uncommon trap: reason=unstable_if action=reinterpret pc=0x000001a5481976d0 method=java.util.concurrent.ConcurrentHashMap.addCount(JI)V @ 97 c2
Event: 84.432 Thread 0x000001a556124000 DEOPT PACKING pc=0x000001a5481976d0 sp=0x000000977f9fe580
Event: 84.433 Thread 0x000001a556124000 DEOPT UNPACKING pc=0x000001a5403aa1a9 sp=0x000000977f9fe4c0 mode 2

Classes redefined (0 events):
No events

Internal exceptions (20 events):
Event: 71.001 Thread 0x000001a554b71000 Exception <a 'java/lang/NoSuchMethodError'{0x00000000eed07c38}: 'long java.lang.invoke.DirectMethodHandle$Holder.invokeVirtual(java.lang.Object, java.lang.Object)'> (0x00000000eed07c38) thrown at [./src/hotspot/share/interpreter/linkResolver.cpp, line 773]
Event: 71.014 Thread 0x000001a554350800 Exception <a 'java/lang/NoSuchMethodError'{0x00000000efda0af0}: <clinit>> (0x00000000efda0af0) thrown at [./src/hotspot/share/prims/jni.cpp, line 1366]
Event: 71.014 Thread 0x000001a554350800 Exception <a 'java/lang/NoSuchMethodError'{0x00000000efda1c18}: <clinit>> (0x00000000efda1c18) thrown at [./src/hotspot/share/prims/jni.cpp, line 1366]
Event: 71.017 Thread 0x000001a554350800 Exception <a 'java/lang/NoSuchMethodError'{0x00000000eedd6878}: <clinit>> (0x00000000eedd6878) thrown at [./src/hotspot/share/prims/jni.cpp, line 1366]
Event: 71.019 Thread 0x000001a554350800 Exception <a 'java/lang/NoSuchMethodError'{0x00000000eede0a58}: <clinit>> (0x00000000eede0a58) thrown at [./src/hotspot/share/prims/jni.cpp, line 1366]
Event: 71.024 Thread 0x000001a554350800 Exception <a 'java/lang/NoSuchMethodError'{0x00000000eedf4618}: <clinit>> (0x00000000eedf4618) thrown at [./src/hotspot/share/prims/jni.cpp, line 1366]
Event: 72.029 Thread 0x000001a554b71000 Exception <a 'java/lang/ClassNotFoundException'{0x00000000ee34d630}: org/gradle/platform/base/BinaryContainer_ImplBeanInfo> (0x00000000ee34d630) thrown at [./src/hotspot/share/classfile/systemDictionary.cpp, line 231]
Event: 72.030 Thread 0x000001a554b71000 Exception <a 'java/lang/ClassNotFoundException'{0x00000000ee362700}: org/gradle/model/internal/core/NodeBackedModelMapBeanInfo> (0x00000000ee362700) thrown at [./src/hotspot/share/classfile/systemDictionary.cpp, line 231]
Event: 72.031 Thread 0x000001a554b71000 Exception <a 'java/lang/ClassNotFoundException'{0x00000000ee3777d0}: org/gradle/model/internal/core/ModelMapGroovyViewBeanInfo> (0x00000000ee3777d0) thrown at [./src/hotspot/share/classfile/systemDictionary.cpp, line 231]
Event: 72.032 Thread 0x000001a554b71000 Exception <a 'java/lang/ClassNotFoundException'{0x00000000ee38dad8}: org/gradle/model/internal/core/ModelMapGroovyViewCustomizer> (0x00000000ee38dad8) thrown at [./src/hotspot/share/classfile/systemDictionary.cpp, line 231]
Event: 72.035 Thread 0x000001a554b71000 Exception <a 'java/lang/ClassNotFoundException'{0x00000000ee3b22d0}: org/gradle/model/internal/core/NodeBackedModelMapCustomizer> (0x00000000ee3b22d0) thrown at [./src/hotspot/share/classfile/systemDictionary.cpp, line 231]
Event: 72.039 Thread 0x000001a554b71000 Exception <a 'java/lang/ClassNotFoundException'{0x00000000ee3fc5a8}: org/gradle/platform/base/BinaryContainer_ImplCustomizer> (0x00000000ee3fc5a8) thrown at [./src/hotspot/share/classfile/systemDictionary.cpp, line 231]
Event: 72.050 Thread 0x000001a554b71000 Exception <a 'java/lang/ClassNotFoundException'{0x00000000ee2fe7b0}: org/gradle/platform/base/ComponentSpecContainer_ImplBeanInfo> (0x00000000ee2fe7b0) thrown at [./src/hotspot/share/classfile/systemDictionary.cpp, line 231]
Event: 72.051 Thread 0x000001a554b71000 Exception <a 'java/lang/ClassNotFoundException'{0x00000000ee11ff10}: org/gradle/platform/base/ComponentSpecContainer_ImplCustomizer> (0x00000000ee11ff10) thrown at [./src/hotspot/share/classfile/systemDictionary.cpp, line 231]
Event: 72.451 Thread 0x000001a554b71000 Exception <a 'java/lang/NoSuchMethodError'{0x00000000eddbb188}: 'java.lang.Object java.lang.invoke.DirectMethodHandle$Holder.invokeSpecial(java.lang.Object, java.lang.Object, int, int, java.lang.Object, java.lang.Object, java.lang.Object)'> (0x00000000eddbb188) thrown at [./src/hotspot/share/interpreter/linkResolver.cpp, line 773]
Event: 72.452 Thread 0x000001a554b71000 Exception <a 'java/lang/NoSuchMethodError'{0x00000000eddbf708}: 'java.lang.Object java.lang.invoke.DelegatingMethodHandle$Holder.reinvoke_L(java.lang.Object, int, int, java.lang.Object, java.lang.Object, java.lang.Object)'> (0x00000000eddbf708) thrown at [./src/hotspot/share/interpreter/linkResolver.cpp, line 773]
Event: 84.149 Thread 0x000001a554b71000 Exception <a 'java/lang/ClassNotFoundException'{0x00000000e9e71b68}: org/gradle/api/tasks/util/internal/PatternSets$InternalPatternSetBeanInfo> (0x00000000e9e71b68) thrown at [./src/hotspot/share/classfile/systemDictionary.cpp, line 231]
Event: 84.150 Thread 0x000001a554b71000 Exception <a 'java/lang/ClassNotFoundException'{0x00000000e9bc7ae0}: org/gradle/api/tasks/util/PatternSetBeanInfo> (0x00000000e9bc7ae0) thrown at [./src/hotspot/share/classfile/systemDictionary.cpp, line 231]
Event: 84.151 Thread 0x000001a554b71000 Exception <a 'java/lang/ClassNotFoundException'{0x00000000e9bda520}: org/gradle/api/tasks/util/PatternSetCustomizer> (0x00000000e9bda520) thrown at [./src/hotspot/share/classfile/systemDictionary.cpp, line 231]
Event: 84.154 Thread 0x000001a554b71000 Exception <a 'java/lang/ClassNotFoundException'{0x00000000e9a14ed0}: org/gradle/api/tasks/util/internal/PatternSets$InternalPatternSetCustomizer> (0x00000000e9a14ed0) thrown at [./src/hotspot/share/classfile/systemDictionary.cpp, line 231]

Events (20 events):
Event: 84.372 Executing VM operation: RevokeBias
Event: 84.372 Executing VM operation: RevokeBias done
Event: 84.385 Executing VM operation: RevokeBias
Event: 84.385 Executing VM operation: RevokeBias done
Event: 84.388 Executing VM operation: RevokeBias
Event: 84.388 Executing VM operation: RevokeBias done
Event: 84.408 Executing VM operation: RevokeBias
Event: 84.419 Executing VM operation: RevokeBias done
Event: 84.432 Executing VM operation: RevokeBias
Event: 84.432 Executing coalesced safepoint VM operation: RevokeBias
Event: 84.432 Executing coalesced safepoint VM operation: RevokeBias done
Event: 84.432 Executing coalesced safepoint VM operation: RevokeBias
Event: 84.432 Executing coalesced safepoint VM operation: RevokeBias done
Event: 84.432 Executing VM operation: RevokeBias done
Event: 84.473 loading class org/gradle/api/artifacts/component/ModuleComponentIdentifier
Event: 84.473 loading class org/gradle/api/artifacts/component/ModuleComponentIdentifier done
Event: 84.474 loading class org/gradle/api/internal/artifacts/ivyservice/ivyresolve/FilteredModuleComponentRepository$FilteringAccess
Event: 84.474 loading class org/gradle/api/internal/artifacts/ivyservice/ivyresolve/FilteredModuleComponentRepository$FilteringAccess done
Event: 84.481 loading class org/gradle/internal/resolve/result/BuildableModuleComponentMetaDataResolveResult
Event: 84.481 loading class org/gradle/internal/resolve/result/BuildableModuleComponentMetaDataResolveResult done


Dynamic libraries:
0x00007ff7a21c0000 - 0x00007ff7a21cd000 	C:\Users\Public\wpilib\2022\jdk\bin\java.exe
0x00007ffc23f60000 - 0x00007ffc24167000 	C:\WINDOWS\SYSTEM32\ntdll.dll
0x00007ffc222c0000 - 0x00007ffc2237d000 	C:\WINDOWS\System32\KERNEL32.DLL
0x00007ffc214b0000 - 0x00007ffc21824000 	C:\WINDOWS\System32\KERNELBASE.dll
0x00007ffc21af0000 - 0x00007ffc21c01000 	C:\WINDOWS\System32\ucrtbase.dll
0x00007ffc1dd20000 - 0x00007ffc1dd37000 	C:\Users\Public\wpilib\2022\jdk\bin\jli.dll
0x00007ffc1de20000 - 0x00007ffc1de3b000 	C:\Users\Public\wpilib\2022\jdk\bin\VCRUNTIME140.dll
0x00007ffc239b0000 - 0x00007ffc23b5c000 	C:\WINDOWS\System32\USER32.dll
0x00007ffc21830000 - 0x00007ffc21856000 	C:\WINDOWS\System32\win32u.dll
0x00007ffc23140000 - 0x00007ffc23169000 	C:\WINDOWS\System32\GDI32.dll
0x00007ffc21cd0000 - 0x00007ffc21de2000 	C:\WINDOWS\System32\gdi32full.dll
0x00007ffc21860000 - 0x00007ffc218fd000 	C:\WINDOWS\System32\msvcp_win.dll
0x00007ffc0c260000 - 0x00007ffc0c505000 	C:\WINDOWS\WinSxS\amd64_microsoft.windows.common-controls_6595b64144ccf1df_6.0.22000.120_none_9d947278b86cc467\COMCTL32.dll
0x00007ffc22ca0000 - 0x00007ffc22d43000 	C:\WINDOWS\System32\msvcrt.dll
0x00007ffc225c0000 - 0x00007ffc225f1000 	C:\WINDOWS\System32\IMM32.DLL
0x00007ffbf6040000 - 0x00007ffbf60cd000 	C:\Users\Public\wpilib\2022\jdk\bin\msvcp140.dll
0x00007ffc1dda0000 - 0x00007ffc1ddac000 	C:\Users\Public\wpilib\2022\jdk\bin\VCRUNTIME140_1.dll
0x00007ffbd0300000 - 0x00007ffbd0e7e000 	C:\Users\Public\wpilib\2022\jdk\bin\server\jvm.dll
0x00007ffc22600000 - 0x00007ffc226ac000 	C:\WINDOWS\System32\ADVAPI32.dll
0x00007ffc22380000 - 0x00007ffc2241d000 	C:\WINDOWS\System32\sechost.dll
0x00007ffc23c70000 - 0x00007ffc23d91000 	C:\WINDOWS\System32\RPCRT4.dll
0x00007ffc23130000 - 0x00007ffc23138000 	C:\WINDOWS\System32\PSAPI.DLL
0x00007ffbfcae0000 - 0x00007ffbfcae9000 	C:\WINDOWS\SYSTEM32\WSOCK32.dll
0x00007ffc226b0000 - 0x00007ffc2271f000 	C:\WINDOWS\System32\WS2_32.dll
0x00007ffc193e0000 - 0x00007ffc19413000 	C:\WINDOWS\SYSTEM32\WINMM.dll
0x00007ffc103e0000 - 0x00007ffc103ea000 	C:\WINDOWS\SYSTEM32\VERSION.dll
0x00007ffc20650000 - 0x00007ffc20668000 	C:\WINDOWS\SYSTEM32\kernel.appcore.dll
0x00007ffc13a80000 - 0x00007ffc13a90000 	C:\Users\Public\wpilib\2022\jdk\bin\verify.dll
0x00007ffc187f0000 - 0x00007ffc18a11000 	C:\WINDOWS\SYSTEM32\DBGHELP.DLL
0x00007ffc048a0000 - 0x00007ffc048d1000 	C:\WINDOWS\SYSTEM32\dbgcore.DLL
0x00007ffc21900000 - 0x00007ffc2197f000 	C:\WINDOWS\System32\bcryptPrimitives.dll
0x00007ffc09df0000 - 0x00007ffc09e18000 	C:\Users\Public\wpilib\2022\jdk\bin\java.dll
0x00007ffc0c0c0000 - 0x00007ffc0c0ca000 	C:\Users\Public\wpilib\2022\jdk\bin\jimage.dll
0x00007ffc09570000 - 0x00007ffc09587000 	C:\Users\Public\wpilib\2022\jdk\bin\zip.dll
0x00007ffc23200000 - 0x00007ffc239ae000 	C:\WINDOWS\System32\SHELL32.dll
0x00007ffc1f5f0000 - 0x00007ffc1fe57000 	C:\WINDOWS\SYSTEM32\windows.storage.dll
0x00007ffc21ee0000 - 0x00007ffc22258000 	C:\WINDOWS\System32\combase.dll
0x00007ffc1f480000 - 0x00007ffc1f5e6000 	C:\WINDOWS\SYSTEM32\wintypes.dll
0x00007ffc21df0000 - 0x00007ffc21eda000 	C:\WINDOWS\System32\SHCORE.dll
0x00007ffc22260000 - 0x00007ffc222bd000 	C:\WINDOWS\System32\shlwapi.dll
0x00007ffc21370000 - 0x00007ffc21391000 	C:\WINDOWS\SYSTEM32\profapi.dll
0x00007ffc09550000 - 0x00007ffc09569000 	C:\Users\Public\wpilib\2022\jdk\bin\net.dll
0x00007ffc1bd00000 - 0x00007ffc1be0c000 	C:\WINDOWS\SYSTEM32\WINHTTP.dll
0x00007ffc20a60000 - 0x00007ffc20ac7000 	C:\WINDOWS\system32\mswsock.dll
0x00007ffc093e0000 - 0x00007ffc093f2000 	C:\Users\Public\wpilib\2022\jdk\bin\nio.dll
0x00007ffc07d70000 - 0x00007ffc07d97000 	C:\Users\andav\.gradle\native\e1d6ef7f7dcc3fd88c89a11ec53ec762bb8ba0a96d01ffa2cd45eb1d1d8dd5c5\windows-amd64\native-platform.dll
0x00007ffbfbfb0000 - 0x00007ffbfc0f4000 	C:\Users\andav\.gradle\native\5664cfc778a61ccfe75a443a1ab52a65af34e5dc3c78e0209fed803814484fcb\windows-amd64\native-platform-file-events.dll
0x00007ffc0ab80000 - 0x00007ffc0ab89000 	C:\Users\Public\wpilib\2022\jdk\bin\management.dll
0x00007ffc0a150000 - 0x00007ffc0a15b000 	C:\Users\Public\wpilib\2022\jdk\bin\management_ext.dll
0x00007ffc20ca0000 - 0x00007ffc20cb8000 	C:\WINDOWS\SYSTEM32\CRYPTSP.dll
0x00007ffc205b0000 - 0x00007ffc205e5000 	C:\WINDOWS\system32\rsaenh.dll
0x00007ffc20b50000 - 0x00007ffc20b79000 	C:\WINDOWS\SYSTEM32\USERENV.dll
0x00007ffc20e20000 - 0x00007ffc20e47000 	C:\WINDOWS\SYSTEM32\bcrypt.dll
0x00007ffc20cc0000 - 0x00007ffc20ccc000 	C:\WINDOWS\SYSTEM32\CRYPTBASE.dll
0x00007ffc201d0000 - 0x00007ffc201fd000 	C:\WINDOWS\SYSTEM32\IPHLPAPI.DLL
0x00007ffc22c90000 - 0x00007ffc22c99000 	C:\WINDOWS\System32\NSI.dll
0x00007ffc1be30000 - 0x00007ffc1be49000 	C:\WINDOWS\SYSTEM32\dhcpcsvc6.DLL
0x00007ffc1bf80000 - 0x00007ffc1bf9e000 	C:\WINDOWS\SYSTEM32\dhcpcsvc.DLL
0x00007ffc20250000 - 0x00007ffc20337000 	C:\WINDOWS\SYSTEM32\DNSAPI.dll

dbghelp: loaded successfully - version: 4.0.5 - missing functions: none
symbol engine: initialized successfully - sym options: 0x614 - pdb path: .;C:\Users\Public\wpilib\2022\jdk\bin;C:\WINDOWS\SYSTEM32;C:\WINDOWS\WinSxS\amd64_microsoft.windows.common-controls_6595b64144ccf1df_6.0.22000.120_none_9d947278b86cc467;C:\Users\Public\wpilib\2022\jdk\bin\server;C:\Users\andav\.gradle\native\e1d6ef7f7dcc3fd88c89a11ec53ec762bb8ba0a96d01ffa2cd45eb1d1d8dd5c5\windows-amd64;C:\Users\andav\.gradle\native\5664cfc778a61ccfe75a443a1ab52a65af34e5dc3c78e0209fed803814484fcb\windows-amd64

VM Arguments:
jvm_args: --add-opens=java.base/java.util=ALL-UNNAMED --add-opens=java.base/java.lang=ALL-UNNAMED --add-opens=java.base/java.lang.invoke=ALL-UNNAMED --add-opens=java.base/java.util=ALL-UNNAMED --add-opens=java.prefs/java.util.prefs=ALL-UNNAMED --add-opens=java.prefs/java.util.prefs=ALL-UNNAMED --add-opens=java.base/java.nio.charset=ALL-UNNAMED --add-opens=java.base/java.net=ALL-UNNAMED --add-opens=java.base/java.util.concurrent.atomic=ALL-UNNAMED -XX:MaxMetaspaceSize=256m -XX:+HeapDumpOnOutOfMemoryError -Xms256m -Xmx512m -Dfile.encoding=utf8 -Duser.country=US -Duser.language=en -Duser.variant 
java_command: org.gradle.launcher.daemon.bootstrap.GradleDaemon 7.3.3
java_class_path (initial): C:\Users\andav\.gradle\permwrapper\dists\gradle-7.3.3-bin\6a41zxkdtcxs8rphpq6y0069z\gradle-7.3.3\lib\gradle-launcher-7.3.3.jar
Launcher Type: SUN_STANDARD

[Global flags]
     intx CICompilerCount                          = 3                                         {product} {ergonomic}
   size_t CompressedClassSpaceSize                 = 260046848                                 {product} {ergonomic}
     uint ConcGCThreads                            = 1                                         {product} {ergonomic}
     uint G1ConcRefinementThreads                  = 4                                         {product} {ergonomic}
   size_t G1HeapRegionSize                         = 1048576                                   {product} {ergonomic}
    uintx GCDrainStackTargetSize                   = 64                                        {product} {ergonomic}
     bool HeapDumpOnOutOfMemoryError               = true                                   {manageable} {command line}
   size_t InitialHeapSize                          = 268435456                                 {product} {command line}
   size_t MarkStackSize                            = 4194304                                   {product} {ergonomic}
   size_t MaxHeapSize                              = 536870912                                 {product} {command line}
   size_t MaxMetaspaceSize                         = 268435456                                 {product} {command line}
   size_t MaxNewSize                               = 321912832                                 {product} {ergonomic}
   size_t MinHeapDeltaBytes                        = 1048576                                   {product} {ergonomic}
    uintx NonNMethodCodeHeapSize                   = 5830732                                {pd product} {ergonomic}
    uintx NonProfiledCodeHeapSize                  = 122913754                              {pd product} {ergonomic}
    uintx ProfiledCodeHeapSize                     = 122913754                              {pd product} {ergonomic}
    uintx ReservedCodeCacheSize                    = 251658240                              {pd product} {ergonomic}
     bool SegmentedCodeCache                       = true                                      {product} {ergonomic}
     bool UseCompressedClassPointers               = true                                 {lp64_product} {ergonomic}
     bool UseCompressedOops                        = true                                 {lp64_product} {ergonomic}
     bool UseG1GC                                  = true                                      {product} {ergonomic}
     bool UseLargePagesIndividualAllocation        = false                                  {pd product} {ergonomic}

Logging:
Log output configuration:
 #0: stdout all=warning uptime,level,tags
 #1: stderr all=off uptime,level,tags

Environment Variables:
JAVA_HOME=C:\Program Files\Eclipse Adoptium\jdk-17.0.1.12-hotspot\
PATH=C:\Program Files\National Instruments\Shared\OpenVINO\;C:\Program Files\Eclipse Adoptium\jdk-17.0.1.12-hotspot\bin;C:\WINDOWS\system32;C:\WINDOWS;C:\WINDOWS\System32\Wbem;C:\WINDOWS\System32\WindowsPowerShell\v1.0\;C:\WINDOWS\System32\OpenSSH\;C:\Users\andav\AppData\Local\Microsoft\WindowsApps;;C:\Users\andav\AppData\Local\Programs\Microsoft VS Code\bin
USERNAME=andav
OS=Windows_NT
PROCESSOR_IDENTIFIER=Intel64 Family 6 Model 142 Stepping 9, GenuineIntel



---------------  S Y S T E M  ---------------

OS: Windows 10 , 64 bit Build 22000 (10.0.22000.318)
OS uptime: 1 days 23:47 hours

CPU:total 4 (initial active 4) (2 cores per cpu, 2 threads per core) family 6 model 142 stepping 9 microcode 0xe8, cmov, cx8, fxsr, mmx, sse, sse2, sse3, ssse3, sse4.1, sse4.2, popcnt, aes, clmul, erms, 3dnowpref, lzcnt, ht, tsc, tscinvbit

Memory: 4k page, system-wide physical 3965M (279M free)
TotalPageFile size 10275M (AvailPageFile size 5M)
current process WorkingSet (physical memory assigned to process): 355M, peak: 363M
current process commit charge ("private bytes"): 483M, peak: 485M

vm_info: OpenJDK 64-Bit Server VM (11.0.13+8) for windows-amd64 JRE (11.0.13+8), built on Oct 19 2021 17:05:59 by "" with unknown MS VC++:1916

END.
