#
# There is insufficient memory for the Java Runtime Environment to continue.
# Native memory allocation (malloc) failed to allocate 1090816 bytes for Chunk::new
# Possible reasons:
#   The system is out of physical RAM or swap space
#   The process is running with CompressedOops enabled, and the Java Heap may be blocking the growth of the native heap
# Possible solutions:
#   Reduce memory load on the system
#   Increase physical memory or swap space
#   Check if swap backing store is full
#   Decrease Java heap size (-Xmx/-Xms)
#   Decrease number of Java threads
#   Decrease Java thread stack sizes (-Xss)
#   Set larger code cache with -XX:ReservedCodeCacheSize=
#   JVM is running with Unscaled Compressed Oops mode in which the Java heap is
#     placed in the first 4GB address space. The Java Heap base address is the
#     maximum limit for the native heap growth. Please use -XX:HeapBaseMinAddress
#     to set the Java Heap base and to place the Java Heap above 4GB virtual address.
# This output file may be truncated or incomplete.
#
#  Out of Memory Error (./src/hotspot/share/memory/arena.cpp:197), pid=16464, tid=7840
#
# JRE version: OpenJDK Runtime Environment Temurin-11.0.13+8 (11.0.13+8) (build 11.0.13+8)
# Java VM: OpenJDK 64-Bit Server VM Temurin-11.0.13+8 (11.0.13+8, mixed mode, tiered, compressed oops, g1 gc, windows-amd64)
# No core dump will be written. Minidumps are not enabled by default on client versions of Windows
#

---------------  S U M M A R Y ------------

Command Line: --add-opens=java.base/java.util=ALL-UNNAMED --add-opens=java.base/java.lang=ALL-UNNAMED --add-opens=java.base/java.lang.invoke=ALL-UNNAMED --add-opens=java.base/java.util=ALL-UNNAMED --add-opens=java.prefs/java.util.prefs=ALL-UNNAMED --add-opens=java.prefs/java.util.prefs=ALL-UNNAMED --add-opens=java.base/java.nio.charset=ALL-UNNAMED --add-opens=java.base/java.net=ALL-UNNAMED --add-opens=java.base/java.util.concurrent.atomic=ALL-UNNAMED -XX:MaxMetaspaceSize=256m -XX:+HeapDumpOnOutOfMemoryError -Xms256m -Xmx512m -Dfile.encoding=windows-1252 -Duser.country=US -Duser.language=en -Duser.variant org.gradle.launcher.daemon.bootstrap.GradleDaemon 7.3.3

Host: Intel(R) Pentium(R) CPU 4425Y @ 1.70GHz, 4 cores, 3G,  Windows 10 , 64 bit Build 22000 (10.0.22000.318)
Time: Wed Jan 12 18:54:04 2022 Eastern Standard Time elapsed time: 71.023872 seconds (0d 0h 1m 11s)

---------------  T H R E A D  ---------------

Current thread (0x00000249a9eb0000):  JavaThread "C2 CompilerThread0" daemon [_thread_in_native, id=7840, stack(0x0000005ff9500000,0x0000005ff9600000)]


Current CompileTask:
C2:  71024 5122       4       org.objectweb.asm.Frame::execute (2318 bytes)

Stack: [0x0000005ff9500000,0x0000005ff9600000]
Native frames: (J=compiled Java code, j=interpreted, Vv=VM code, C=native code)
V  [jvm.dll+0x61cc7a]
V  [jvm.dll+0x7a8fd9]
V  [jvm.dll+0x7aa69f]
V  [jvm.dll+0x7aad73]
V  [jvm.dll+0x24f808]
V  [jvm.dll+0xc260c]
V  [jvm.dll+0xc2bcc]
V  [jvm.dll+0x2c1644]
V  [jvm.dll+0x52beb9]
V  [jvm.dll+0x210dcd]
V  [jvm.dll+0x20aab4]
V  [jvm.dll+0x207a5b]
V  [jvm.dll+0x18a011]
V  [jvm.dll+0x217599]
V  [jvm.dll+0x21578b]
V  [jvm.dll+0x76ba50]
V  [jvm.dll+0x7649d4]
V  [jvm.dll+0x61bb16]
C  [ucrtbase.dll+0x26c0c]
C  [KERNEL32.DLL+0x154e0]
C  [ntdll.dll+0x485b]


---------------  P R O C E S S  ---------------

Threads class SMR info:
_java_thread_list=0x00000249ae75bab0, length=52, elements={
0x000002498ef47000, 0x00000249a9e88000, 0x00000249a9e8b800, 0x00000249a9eac000,
0x00000249a9eac800, 0x00000249a9ead800, 0x00000249a9eb0000, 0x00000249a9eb1000,
0x00000249aa870000, 0x00000249aa962000, 0x00000249abd93800, 0x00000249abd92000,
0x00000249abd94800, 0x00000249abd95800, 0x00000249abd96000, 0x00000249abd93000,
0x00000249abd91800, 0x00000249abd98000, 0x00000249abd97000, 0x00000249abf7e000,
0x00000249abf7b800, 0x00000249abf79000, 0x00000249abf7a000, 0x00000249abf78800,
0x00000249abf7c800, 0x00000249abf80800, 0x00000249abf7d800, 0x00000249abf7f000,
0x00000249abf80000, 0x00000249abf7b000, 0x00000249abf83000, 0x00000249abf82000,
0x00000249abf85800, 0x00000249abf84800, 0x00000249abf87000, 0x00000249abf86800,
0x00000249abf81800, 0x00000249ad149000, 0x00000249ad149800, 0x00000249ad147000,
0x00000249ad14a800, 0x00000249ad14b000, 0x00000249ad14c000, 0x00000249ad146800,
0x00000249ad14d000, 0x00000249ad14d800, 0x00000249ad148000, 0x00000249ad150000,
0x00000249ad151000, 0x00000249ad152800, 0x00000249ad152000, 0x00000249ad153800
}

Java Threads: ( => current thread )
  0x000002498ef47000 JavaThread "main" [_thread_blocked, id=15064, stack(0x0000005ff8900000,0x0000005ff8a00000)]
  0x00000249a9e88000 JavaThread "Reference Handler" daemon [_thread_blocked, id=612, stack(0x0000005ff9000000,0x0000005ff9100000)]
  0x00000249a9e8b800 JavaThread "Finalizer" daemon [_thread_blocked, id=13284, stack(0x0000005ff9100000,0x0000005ff9200000)]
  0x00000249a9eac000 JavaThread "Signal Dispatcher" daemon [_thread_blocked, id=3784, stack(0x0000005ff9200000,0x0000005ff9300000)]
  0x00000249a9eac800 JavaThread "Attach Listener" daemon [_thread_blocked, id=8160, stack(0x0000005ff9300000,0x0000005ff9400000)]
  0x00000249a9ead800 JavaThread "Service Thread" daemon [_thread_blocked, id=14124, stack(0x0000005ff9400000,0x0000005ff9500000)]
=>0x00000249a9eb0000 JavaThread "C2 CompilerThread0" daemon [_thread_in_native, id=7840, stack(0x0000005ff9500000,0x0000005ff9600000)]
  0x00000249a9eb1000 JavaThread "C1 CompilerThread0" daemon [_thread_blocked, id=16088, stack(0x0000005ff9600000,0x0000005ff9700000)]
  0x00000249aa870000 JavaThread "Sweeper thread" daemon [_thread_blocked, id=3372, stack(0x0000005ff9700000,0x0000005ff9800000)]
  0x00000249aa962000 JavaThread "Common-Cleaner" daemon [_thread_blocked, id=16952, stack(0x0000005ff9800000,0x0000005ff9900000)]
  0x00000249abd93800 JavaThread "Daemon health stats" [_thread_blocked, id=10764, stack(0x0000005ff9d00000,0x0000005ff9e00000)]
  0x00000249abd92000 JavaThread "Incoming local TCP Connector on port 59095" [_thread_in_native, id=12364, stack(0x0000005ff9e00000,0x0000005ff9f00000)]
  0x00000249abd94800 JavaThread "Daemon periodic checks" [_thread_blocked, id=13296, stack(0x0000005ff9f00000,0x0000005ffa000000)]
  0x00000249abd95800 JavaThread "Daemon" [_thread_blocked, id=4972, stack(0x0000005ffa000000,0x0000005ffa100000)]
  0x00000249abd96000 JavaThread "Handler for socket connection from /127.0.0.1:59095 to /127.0.0.1:59096" [_thread_in_native, id=14040, stack(0x0000005ffa100000,0x0000005ffa200000)]
  0x00000249abd93000 JavaThread "Cancel handler" [_thread_blocked, id=16452, stack(0x0000005ffa200000,0x0000005ffa300000)]
  0x00000249abd91800 JavaThread "Daemon worker" [_thread_in_vm, id=11268, stack(0x0000005ffa300000,0x0000005ffa400000)]
  0x00000249abd98000 JavaThread "Asynchronous log dispatcher for DefaultDaemonConnection: socket connection from /127.0.0.1:59095 to /127.0.0.1:59096" [_thread_blocked, id=12016, stack(0x0000005ffa400000,0x0000005ffa500000)]
  0x00000249abd97000 JavaThread "Stdin handler" [_thread_blocked, id=8420, stack(0x0000005ffa500000,0x0000005ffa600000)]
  0x00000249abf7e000 JavaThread "Daemon client event forwarder" [_thread_blocked, id=9740, stack(0x0000005ffa600000,0x0000005ffa700000)]
  0x00000249abf7b800 JavaThread "Cache worker for journal cache (C:\Users\andav\.gradle\caches\journal-1)" [_thread_blocked, id=17068, stack(0x0000005ffa700000,0x0000005ffa800000)]
  0x00000249abf79000 JavaThread "File lock request listener" [_thread_in_native, id=1524, stack(0x0000005ffa800000,0x0000005ffa900000)]
  0x00000249abf7a000 JavaThread "File lock release action executor" [_thread_blocked, id=9892, stack(0x0000005ffa900000,0x0000005ffaa00000)]
  0x00000249abf78800 JavaThread "Cache worker for file hash cache (C:\Users\andav\.gradle\caches\7.3.3\fileHashes)" [_thread_blocked, id=10868, stack(0x0000005ffaa00000,0x0000005ffab00000)]
  0x00000249abf7c800 JavaThread "Cache worker for file hash cache (C:\Users\andav\Downloads\2022 Rapid React\RapidReact\.gradle\7.3.3\fileHashes)" [_thread_blocked, id=4752, stack(0x0000005ffab00000,0x0000005ffac00000)]
  0x00000249abf80800 JavaThread "File watcher server" daemon [_thread_in_native, id=12992, stack(0x0000005ff8600000,0x0000005ff8700000)]
  0x00000249abf7d800 JavaThread "File watcher consumer" daemon [_thread_blocked, id=1644, stack(0x0000005ffac00000,0x0000005ffad00000)]
  0x00000249abf7f000 JavaThread "Cache worker for checksums cache (C:\Users\andav\Downloads\2022 Rapid React\RapidReact\.gradle\7.3.3\checksums)" [_thread_blocked, id=5652, stack(0x0000005ffad00000,0x0000005ffae00000)]
  0x00000249abf80000 JavaThread "Cache worker for cache directory md-supplier (C:\Users\andav\.gradle\caches\7.3.3\md-supplier)" [_thread_blocked, id=3168, stack(0x0000005ffae00000,0x0000005ffaf00000)]
  0x00000249abf7b000 JavaThread "Cache worker for cache directory md-rule (C:\Users\andav\.gradle\caches\7.3.3\md-rule)" [_thread_blocked, id=17344, stack(0x0000005ffaf00000,0x0000005ffb000000)]
  0x00000249abf83000 JavaThread "Cache worker for execution history cache (C:\Users\andav\.gradle\caches\7.3.3\executionHistory)" [_thread_blocked, id=14556, stack(0x0000005ffb000000,0x0000005ffb100000)]
  0x00000249abf82000 JavaThread "jar transforms" [_thread_blocked, id=16352, stack(0x0000005ffb100000,0x0000005ffb200000)]
  0x00000249abf85800 JavaThread "Cache worker for file content cache (C:\Users\andav\.gradle\caches\7.3.3\fileContent)" [_thread_blocked, id=13544, stack(0x0000005ffb200000,0x0000005ffb300000)]
  0x00000249abf84800 JavaThread "jar transforms Thread 2" [_thread_blocked, id=1212, stack(0x0000005ffb500000,0x0000005ffb600000)]
  0x00000249abf87000 JavaThread "Cache worker for dependencies-accessors (C:\Users\andav\Downloads\2022 Rapid React\RapidReact\.gradle\7.3.3\dependencies-accessors)" [_thread_blocked, id=13416, stack(0x0000005ffb600000,0x0000005ffb700000)]
  0x00000249abf86800 JavaThread "jar transforms Thread 3" [_thread_blocked, id=7796, stack(0x0000005ffb700000,0x0000005ffb800000)]
  0x00000249abf81800 JavaThread "Cache worker for Build Output Cleanup Cache (C:\Users\andav\Downloads\2022 Rapid React\RapidReact\.gradle\buildOutputCleanup)" [_thread_blocked, id=7248, stack(0x0000005ffb800000,0x0000005ffb900000)]
  0x00000249ad149000 JavaThread "Unconstrained build operations" [_thread_blocked, id=4800, stack(0x0000005ffb900000,0x0000005ffba00000)]
  0x00000249ad149800 JavaThread "Unconstrained build operations Thread 2" [_thread_blocked, id=16140, stack(0x0000005ffba00000,0x0000005ffbb00000)]
  0x00000249ad147000 JavaThread "Unconstrained build operations Thread 3" [_thread_blocked, id=15908, stack(0x0000005ffbb00000,0x0000005ffbc00000)]
  0x00000249ad14a800 JavaThread "Unconstrained build operations Thread 4" [_thread_blocked, id=1260, stack(0x0000005ffbc00000,0x0000005ffbd00000)]
  0x00000249ad14b000 JavaThread "Unconstrained build operations Thread 5" [_thread_blocked, id=10408, stack(0x0000005ffbd00000,0x0000005ffbe00000)]
  0x00000249ad14c000 JavaThread "Unconstrained build operations Thread 6" [_thread_blocked, id=7892, stack(0x0000005ffbe00000,0x0000005ffbf00000)]
  0x00000249ad146800 JavaThread "Unconstrained build operations Thread 7" [_thread_blocked, id=16532, stack(0x0000005ffbf00000,0x0000005ffc000000)]
  0x00000249ad14d000 JavaThread "Unconstrained build operations Thread 8" [_thread_blocked, id=10700, stack(0x0000005ffc000000,0x0000005ffc100000)]
  0x00000249ad14d800 JavaThread "Unconstrained build operations Thread 9" [_thread_blocked, id=11364, stack(0x0000005ffc100000,0x0000005ffc200000)]
  0x00000249ad148000 JavaThread "Unconstrained build operations Thread 10" [_thread_blocked, id=9688, stack(0x0000005ffc200000,0x0000005ffc300000)]
  0x00000249ad150000 JavaThread "Unconstrained build operations Thread 11" [_thread_blocked, id=4412, stack(0x0000005ffc300000,0x0000005ffc400000)]
  0x00000249ad151000 JavaThread "Unconstrained build operations Thread 12" [_thread_blocked, id=2892, stack(0x0000005ffc400000,0x0000005ffc500000)]
  0x00000249ad152800 JavaThread "Unconstrained build operations Thread 13" [_thread_blocked, id=17312, stack(0x0000005ffc500000,0x0000005ffc600000)]
  0x00000249ad152000 JavaThread "jar transforms Thread 4" [_thread_blocked, id=7896, stack(0x0000005ffc600000,0x0000005ffc700000)]
  0x00000249ad153800 JavaThread "Memory manager" [_thread_blocked, id=16404, stack(0x0000005ffc700000,0x0000005ffc800000)]

Other Threads:
  0x00000249a9e65800 VMThread "VM Thread" [stack: 0x0000005ff8f00000,0x0000005ff9000000] [id=11204]
  0x00000249aa98b000 WatcherThread [stack: 0x0000005ff9900000,0x0000005ff9a00000] [id=12916]
  0x000002498ef5e800 GCTaskThread "GC Thread#0" [stack: 0x0000005ff8a00000,0x0000005ff8b00000] [id=16696]
  0x00000249ab232000 GCTaskThread "GC Thread#1" [stack: 0x0000005ff9a00000,0x0000005ff9b00000] [id=9044]
  0x00000249aadf6000 GCTaskThread "GC Thread#2" [stack: 0x0000005ff9b00000,0x0000005ff9c00000] [id=8340]
  0x00000249aae17000 GCTaskThread "GC Thread#3" [stack: 0x0000005ff9c00000,0x0000005ff9d00000] [id=10204]
  0x000002498ef70000 ConcurrentGCThread "G1 Main Marker" [stack: 0x0000005ff8b00000,0x0000005ff8c00000] [id=16332]
  0x000002498ef71000 ConcurrentGCThread "G1 Conc#0" [stack: 0x0000005ff8c00000,0x0000005ff8d00000] [id=16128]
  0x000002498f01e000 ConcurrentGCThread "G1 Refine#0" [stack: 0x0000005ff8d00000,0x0000005ff8e00000] [id=11476]
  0x00000249a9d04800 ConcurrentGCThread "G1 Young RemSet Sampling" [stack: 0x0000005ff8e00000,0x0000005ff8f00000] [id=8440]

Threads with active compile tasks:
C2 CompilerThread0  71156 5122       4       org.objectweb.asm.Frame::execute (2318 bytes)

VM state:not at safepoint (normal execution)

VM Mutex/Monitor currently owned by a thread: None

Heap address: 0x00000000e0000000, size: 512 MB, Compressed Oops mode: 32-bit
Narrow klass base: 0x0000000000000000, Narrow klass shift: 3
Compressed class space size: 260046848 Address: 0x0000000100000000

Heap:
 garbage-first heap   total 262144K, used 71532K [0x00000000e0000000, 0x0000000100000000)
  region size 1024K, 52 young (53248K), 15 survivors (15360K)
 Metaspace       used 53176K, capacity 54464K, committed 54704K, reserved 303104K
  class space    used 6824K, capacity 7347K, committed 7424K, reserved 253952K
Heap Regions: E=young(eden), S=young(survivor), O=old, HS=humongous(starts), HC=humongous(continues), CS=collection set, F=free, A=archive, TAMS=top-at-mark-start (previous, next)
|   0|0x00000000e0000000, 0x00000000e0100000, 0x00000000e0100000|100%|HS|  |TAMS 0x00000000e0100000, 0x00000000e0000000| Complete 
|   1|0x00000000e0100000, 0x00000000e0200000, 0x00000000e0200000|100%|HC|  |TAMS 0x00000000e0200000, 0x00000000e0100000| Complete 
|   2|0x00000000e0200000, 0x00000000e0300000, 0x00000000e0300000|100%|HC|  |TAMS 0x00000000e0300000, 0x00000000e0200000| Complete 
|   3|0x00000000e0300000, 0x00000000e0400000, 0x00000000e0400000|100%| O|  |TAMS 0x00000000e0400000, 0x00000000e0300000| Untracked 
|   4|0x00000000e0400000, 0x00000000e0500000, 0x00000000e0500000|100%| O|  |TAMS 0x00000000e0500000, 0x00000000e0400000| Untracked 
|   5|0x00000000e0500000, 0x00000000e0600000, 0x00000000e0600000|100%| O|  |TAMS 0x00000000e0600000, 0x00000000e0500000| Untracked 
|   6|0x00000000e0600000, 0x00000000e0700000, 0x00000000e0700000|100%| O|  |TAMS 0x00000000e0700000, 0x00000000e0600000| Untracked 
|   7|0x00000000e0700000, 0x00000000e0800000, 0x00000000e0800000|100%| O|  |TAMS 0x00000000e0800000, 0x00000000e0700000| Untracked 
|   8|0x00000000e0800000, 0x00000000e0900000, 0x00000000e0900000|100%| O|  |TAMS 0x00000000e0900000, 0x00000000e0800000| Untracked 
|   9|0x00000000e0900000, 0x00000000e0a00000, 0x00000000e0a00000|100%| O|  |TAMS 0x00000000e0a00000, 0x00000000e0900000| Untracked 
|  10|0x00000000e0a00000, 0x00000000e0b00000, 0x00000000e0b00000|100%| O|  |TAMS 0x00000000e0b00000, 0x00000000e0a00000| Untracked 
|  11|0x00000000e0b00000, 0x00000000e0c00000, 0x00000000e0c00000|100%| O|  |TAMS 0x00000000e0c00000, 0x00000000e0b00000| Untracked 
|  12|0x00000000e0c00000, 0x00000000e0d00000, 0x00000000e0d00000|100%| O|  |TAMS 0x00000000e0d00000, 0x00000000e0c00000| Untracked 
|  13|0x00000000e0d00000, 0x00000000e0e00000, 0x00000000e0e00000|100%| O|  |TAMS 0x00000000e0e00000, 0x00000000e0d00000| Untracked 
|  14|0x00000000e0e00000, 0x00000000e0f00000, 0x00000000e0f00000|100%| O|  |TAMS 0x00000000e0f00000, 0x00000000e0e00000| Untracked 
|  15|0x00000000e0f00000, 0x00000000e1000000, 0x00000000e1000000|100%| O|  |TAMS 0x00000000e1000000, 0x00000000e0f00000| Untracked 
|  16|0x00000000e1000000, 0x00000000e1100000, 0x00000000e1100000|100%| O|  |TAMS 0x00000000e1037400, 0x00000000e1000000| Untracked 
|  17|0x00000000e1100000, 0x00000000e1100000, 0x00000000e1200000|  0%| F|  |TAMS 0x00000000e1100000, 0x00000000e1100000| Untracked 
|  18|0x00000000e1200000, 0x00000000e1300000, 0x00000000e1300000|100%| O|  |TAMS 0x00000000e1200000, 0x00000000e1200000| Untracked 
|  19|0x00000000e1300000, 0x00000000e13e8a00, 0x00000000e1400000| 90%| O|  |TAMS 0x00000000e1300000, 0x00000000e1300000| Untracked 
|  20|0x00000000e1400000, 0x00000000e1400000, 0x00000000e1500000|  0%| F|  |TAMS 0x00000000e1400000, 0x00000000e1400000| Untracked 
|  21|0x00000000e1500000, 0x00000000e1500000, 0x00000000e1600000|  0%| F|  |TAMS 0x00000000e1500000, 0x00000000e1500000| Untracked 
|  22|0x00000000e1600000, 0x00000000e1600000, 0x00000000e1700000|  0%| F|  |TAMS 0x00000000e1600000, 0x00000000e1600000| Untracked 
|  23|0x00000000e1700000, 0x00000000e1700000, 0x00000000e1800000|  0%| F|  |TAMS 0x00000000e1700000, 0x00000000e1700000| Untracked 
|  24|0x00000000e1800000, 0x00000000e1800000, 0x00000000e1900000|  0%| F|  |TAMS 0x00000000e1800000, 0x00000000e1800000| Untracked 
|  25|0x00000000e1900000, 0x00000000e1900000, 0x00000000e1a00000|  0%| F|  |TAMS 0x00000000e1900000, 0x00000000e1900000| Untracked 
|  26|0x00000000e1a00000, 0x00000000e1a00000, 0x00000000e1b00000|  0%| F|  |TAMS 0x00000000e1a00000, 0x00000000e1a00000| Untracked 
|  27|0x00000000e1b00000, 0x00000000e1b00000, 0x00000000e1c00000|  0%| F|  |TAMS 0x00000000e1b00000, 0x00000000e1b00000| Untracked 
|  28|0x00000000e1c00000, 0x00000000e1c00000, 0x00000000e1d00000|  0%| F|  |TAMS 0x00000000e1c00000, 0x00000000e1c00000| Untracked 
|  29|0x00000000e1d00000, 0x00000000e1d00000, 0x00000000e1e00000|  0%| F|  |TAMS 0x00000000e1d00000, 0x00000000e1d00000| Untracked 
|  30|0x00000000e1e00000, 0x00000000e1e00000, 0x00000000e1f00000|  0%| F|  |TAMS 0x00000000e1e00000, 0x00000000e1e00000| Untracked 
|  31|0x00000000e1f00000, 0x00000000e1f00000, 0x00000000e2000000|  0%| F|  |TAMS 0x00000000e1f00000, 0x00000000e1f00000| Untracked 
|  32|0x00000000e2000000, 0x00000000e2000000, 0x00000000e2100000|  0%| F|  |TAMS 0x00000000e2000000, 0x00000000e2000000| Untracked 
|  33|0x00000000e2100000, 0x00000000e2100000, 0x00000000e2200000|  0%| F|  |TAMS 0x00000000e2100000, 0x00000000e2100000| Untracked 
|  34|0x00000000e2200000, 0x00000000e2200000, 0x00000000e2300000|  0%| F|  |TAMS 0x00000000e2200000, 0x00000000e2200000| Untracked 
|  35|0x00000000e2300000, 0x00000000e2300000, 0x00000000e2400000|  0%| F|  |TAMS 0x00000000e2300000, 0x00000000e2300000| Untracked 
|  36|0x00000000e2400000, 0x00000000e2400000, 0x00000000e2500000|  0%| F|  |TAMS 0x00000000e2400000, 0x00000000e2400000| Untracked 
|  37|0x00000000e2500000, 0x00000000e2500000, 0x00000000e2600000|  0%| F|  |TAMS 0x00000000e2500000, 0x00000000e2500000| Untracked 
|  38|0x00000000e2600000, 0x00000000e2600000, 0x00000000e2700000|  0%| F|  |TAMS 0x00000000e2600000, 0x00000000e2600000| Untracked 
|  39|0x00000000e2700000, 0x00000000e2700000, 0x00000000e2800000|  0%| F|  |TAMS 0x00000000e2700000, 0x00000000e2700000| Untracked 
|  40|0x00000000e2800000, 0x00000000e2800000, 0x00000000e2900000|  0%| F|  |TAMS 0x00000000e2800000, 0x00000000e2800000| Untracked 
|  41|0x00000000e2900000, 0x00000000e2900000, 0x00000000e2a00000|  0%| F|  |TAMS 0x00000000e2900000, 0x00000000e2900000| Untracked 
|  42|0x00000000e2a00000, 0x00000000e2a00000, 0x00000000e2b00000|  0%| F|  |TAMS 0x00000000e2a00000, 0x00000000e2a00000| Untracked 
|  43|0x00000000e2b00000, 0x00000000e2b00000, 0x00000000e2c00000|  0%| F|  |TAMS 0x00000000e2b00000, 0x00000000e2b00000| Untracked 
|  44|0x00000000e2c00000, 0x00000000e2c00000, 0x00000000e2d00000|  0%| F|  |TAMS 0x00000000e2c00000, 0x00000000e2c00000| Untracked 
|  45|0x00000000e2d00000, 0x00000000e2d00000, 0x00000000e2e00000|  0%| F|  |TAMS 0x00000000e2d00000, 0x00000000e2d00000| Untracked 
|  46|0x00000000e2e00000, 0x00000000e2e00000, 0x00000000e2f00000|  0%| F|  |TAMS 0x00000000e2e00000, 0x00000000e2e00000| Untracked 
|  47|0x00000000e2f00000, 0x00000000e2f00000, 0x00000000e3000000|  0%| F|  |TAMS 0x00000000e2f00000, 0x00000000e2f00000| Untracked 
|  48|0x00000000e3000000, 0x00000000e3000000, 0x00000000e3100000|  0%| F|  |TAMS 0x00000000e3000000, 0x00000000e3000000| Untracked 
|  49|0x00000000e3100000, 0x00000000e3100000, 0x00000000e3200000|  0%| F|  |TAMS 0x00000000e3100000, 0x00000000e3100000| Untracked 
|  50|0x00000000e3200000, 0x00000000e3200000, 0x00000000e3300000|  0%| F|  |TAMS 0x00000000e3200000, 0x00000000e3200000| Untracked 
|  51|0x00000000e3300000, 0x00000000e3300000, 0x00000000e3400000|  0%| F|  |TAMS 0x00000000e3300000, 0x00000000e3300000| Untracked 
|  52|0x00000000e3400000, 0x00000000e3400000, 0x00000000e3500000|  0%| F|  |TAMS 0x00000000e3400000, 0x00000000e3400000| Untracked 
|  53|0x00000000e3500000, 0x00000000e3500000, 0x00000000e3600000|  0%| F|  |TAMS 0x00000000e3500000, 0x00000000e3500000| Untracked 
|  54|0x00000000e3600000, 0x00000000e3600000, 0x00000000e3700000|  0%| F|  |TAMS 0x00000000e3600000, 0x00000000e3600000| Untracked 
|  55|0x00000000e3700000, 0x00000000e3700000, 0x00000000e3800000|  0%| F|  |TAMS 0x00000000e3700000, 0x00000000e3700000| Untracked 
|  56|0x00000000e3800000, 0x00000000e3800000, 0x00000000e3900000|  0%| F|  |TAMS 0x00000000e3800000, 0x00000000e3800000| Untracked 
|  57|0x00000000e3900000, 0x00000000e3900000, 0x00000000e3a00000|  0%| F|  |TAMS 0x00000000e3900000, 0x00000000e3900000| Untracked 
|  58|0x00000000e3a00000, 0x00000000e3a00000, 0x00000000e3b00000|  0%| F|  |TAMS 0x00000000e3a00000, 0x00000000e3a00000| Untracked 
|  59|0x00000000e3b00000, 0x00000000e3b00000, 0x00000000e3c00000|  0%| F|  |TAMS 0x00000000e3b00000, 0x00000000e3b00000| Untracked 
|  60|0x00000000e3c00000, 0x00000000e3c00000, 0x00000000e3d00000|  0%| F|  |TAMS 0x00000000e3c00000, 0x00000000e3c00000| Untracked 
|  61|0x00000000e3d00000, 0x00000000e3d00000, 0x00000000e3e00000|  0%| F|  |TAMS 0x00000000e3d00000, 0x00000000e3d00000| Untracked 
|  62|0x00000000e3e00000, 0x00000000e3e00000, 0x00000000e3f00000|  0%| F|  |TAMS 0x00000000e3e00000, 0x00000000e3e00000| Untracked 
|  63|0x00000000e3f00000, 0x00000000e3f00000, 0x00000000e4000000|  0%| F|  |TAMS 0x00000000e3f00000, 0x00000000e3f00000| Untracked 
|  64|0x00000000e4000000, 0x00000000e4000000, 0x00000000e4100000|  0%| F|  |TAMS 0x00000000e4000000, 0x00000000e4000000| Untracked 
|  65|0x00000000e4100000, 0x00000000e4100000, 0x00000000e4200000|  0%| F|  |TAMS 0x00000000e4100000, 0x00000000e4100000| Untracked 
|  66|0x00000000e4200000, 0x00000000e4200000, 0x00000000e4300000|  0%| F|  |TAMS 0x00000000e4200000, 0x00000000e4200000| Untracked 
|  67|0x00000000e4300000, 0x00000000e4300000, 0x00000000e4400000|  0%| F|  |TAMS 0x00000000e4300000, 0x00000000e4300000| Untracked 
|  68|0x00000000e4400000, 0x00000000e4400000, 0x00000000e4500000|  0%| F|  |TAMS 0x00000000e4400000, 0x00000000e4400000| Untracked 
|  69|0x00000000e4500000, 0x00000000e4500000, 0x00000000e4600000|  0%| F|  |TAMS 0x00000000e4500000, 0x00000000e4500000| Untracked 
|  70|0x00000000e4600000, 0x00000000e4600000, 0x00000000e4700000|  0%| F|  |TAMS 0x00000000e4600000, 0x00000000e4600000| Untracked 
|  71|0x00000000e4700000, 0x00000000e4700000, 0x00000000e4800000|  0%| F|  |TAMS 0x00000000e4700000, 0x00000000e4700000| Untracked 
|  72|0x00000000e4800000, 0x00000000e4800000, 0x00000000e4900000|  0%| F|  |TAMS 0x00000000e4800000, 0x00000000e4800000| Untracked 
|  73|0x00000000e4900000, 0x00000000e4900000, 0x00000000e4a00000|  0%| F|  |TAMS 0x00000000e4900000, 0x00000000e4900000| Untracked 
|  74|0x00000000e4a00000, 0x00000000e4a00000, 0x00000000e4b00000|  0%| F|  |TAMS 0x00000000e4a00000, 0x00000000e4a00000| Untracked 
|  75|0x00000000e4b00000, 0x00000000e4b00000, 0x00000000e4c00000|  0%| F|  |TAMS 0x00000000e4b00000, 0x00000000e4b00000| Untracked 
|  76|0x00000000e4c00000, 0x00000000e4c00000, 0x00000000e4d00000|  0%| F|  |TAMS 0x00000000e4c00000, 0x00000000e4c00000| Untracked 
|  77|0x00000000e4d00000, 0x00000000e4d00000, 0x00000000e4e00000|  0%| F|  |TAMS 0x00000000e4d00000, 0x00000000e4d00000| Untracked 
|  78|0x00000000e4e00000, 0x00000000e4e00000, 0x00000000e4f00000|  0%| F|  |TAMS 0x00000000e4e00000, 0x00000000e4e00000| Untracked 
|  79|0x00000000e4f00000, 0x00000000e4f00000, 0x00000000e5000000|  0%| F|  |TAMS 0x00000000e4f00000, 0x00000000e4f00000| Untracked 
|  80|0x00000000e5000000, 0x00000000e5000000, 0x00000000e5100000|  0%| F|  |TAMS 0x00000000e5000000, 0x00000000e5000000| Untracked 
|  81|0x00000000e5100000, 0x00000000e5100000, 0x00000000e5200000|  0%| F|  |TAMS 0x00000000e5100000, 0x00000000e5100000| Untracked 
|  82|0x00000000e5200000, 0x00000000e5200000, 0x00000000e5300000|  0%| F|  |TAMS 0x00000000e5200000, 0x00000000e5200000| Untracked 
|  83|0x00000000e5300000, 0x00000000e5300000, 0x00000000e5400000|  0%| F|  |TAMS 0x00000000e5300000, 0x00000000e5300000| Untracked 
|  84|0x00000000e5400000, 0x00000000e5400000, 0x00000000e5500000|  0%| F|  |TAMS 0x00000000e5400000, 0x00000000e5400000| Untracked 
|  85|0x00000000e5500000, 0x00000000e5500000, 0x00000000e5600000|  0%| F|  |TAMS 0x00000000e5500000, 0x00000000e5500000| Untracked 
|  86|0x00000000e5600000, 0x00000000e5600000, 0x00000000e5700000|  0%| F|  |TAMS 0x00000000e5600000, 0x00000000e5600000| Untracked 
|  87|0x00000000e5700000, 0x00000000e5700000, 0x00000000e5800000|  0%| F|  |TAMS 0x00000000e5700000, 0x00000000e5700000| Untracked 
|  88|0x00000000e5800000, 0x00000000e58f2620, 0x00000000e5900000| 94%| S|CS|TAMS 0x00000000e5800000, 0x00000000e5800000| Complete 
|  89|0x00000000e5900000, 0x00000000e5a00000, 0x00000000e5a00000|100%| S|CS|TAMS 0x00000000e5900000, 0x00000000e5900000| Complete 
|  90|0x00000000e5a00000, 0x00000000e5b00000, 0x00000000e5b00000|100%| S|CS|TAMS 0x00000000e5a00000, 0x00000000e5a00000| Complete 
|  91|0x00000000e5b00000, 0x00000000e5c00000, 0x00000000e5c00000|100%| S|CS|TAMS 0x00000000e5b00000, 0x00000000e5b00000| Complete 
|  92|0x00000000e5c00000, 0x00000000e5d00000, 0x00000000e5d00000|100%| S|CS|TAMS 0x00000000e5c00000, 0x00000000e5c00000| Complete 
|  93|0x00000000e5d00000, 0x00000000e5e00000, 0x00000000e5e00000|100%| S|CS|TAMS 0x00000000e5d00000, 0x00000000e5d00000| Complete 
|  94|0x00000000e5e00000, 0x00000000e5f00000, 0x00000000e5f00000|100%| S|CS|TAMS 0x00000000e5e00000, 0x00000000e5e00000| Complete 
|  95|0x00000000e5f00000, 0x00000000e6000000, 0x00000000e6000000|100%| S|CS|TAMS 0x00000000e5f00000, 0x00000000e5f00000| Complete 
|  96|0x00000000e6000000, 0x00000000e6100000, 0x00000000e6100000|100%| S|CS|TAMS 0x00000000e6000000, 0x00000000e6000000| Complete 
|  97|0x00000000e6100000, 0x00000000e6200000, 0x00000000e6200000|100%| S|CS|TAMS 0x00000000e6100000, 0x00000000e6100000| Complete 
|  98|0x00000000e6200000, 0x00000000e6300000, 0x00000000e6300000|100%| S|CS|TAMS 0x00000000e6200000, 0x00000000e6200000| Complete 
|  99|0x00000000e6300000, 0x00000000e6400000, 0x00000000e6400000|100%| S|CS|TAMS 0x00000000e6300000, 0x00000000e6300000| Complete 
| 100|0x00000000e6400000, 0x00000000e6500000, 0x00000000e6500000|100%| S|CS|TAMS 0x00000000e6400000, 0x00000000e6400000| Complete 
| 101|0x00000000e6500000, 0x00000000e6600000, 0x00000000e6600000|100%| S|CS|TAMS 0x00000000e6500000, 0x00000000e6500000| Complete 
| 102|0x00000000e6600000, 0x00000000e6700000, 0x00000000e6700000|100%| S|CS|TAMS 0x00000000e6600000, 0x00000000e6600000| Complete 
| 103|0x00000000e6700000, 0x00000000e6700000, 0x00000000e6800000|  0%| F|  |TAMS 0x00000000e6700000, 0x00000000e6700000| Untracked 
| 104|0x00000000e6800000, 0x00000000e6800000, 0x00000000e6900000|  0%| F|  |TAMS 0x00000000e6800000, 0x00000000e6800000| Untracked 
| 105|0x00000000e6900000, 0x00000000e6900000, 0x00000000e6a00000|  0%| F|  |TAMS 0x00000000e6900000, 0x00000000e6900000| Untracked 
| 106|0x00000000e6a00000, 0x00000000e6a00000, 0x00000000e6b00000|  0%| F|  |TAMS 0x00000000e6a00000, 0x00000000e6a00000| Untracked 
| 107|0x00000000e6b00000, 0x00000000e6b00000, 0x00000000e6c00000|  0%| F|  |TAMS 0x00000000e6b00000, 0x00000000e6b00000| Untracked 
| 108|0x00000000e6c00000, 0x00000000e6c00000, 0x00000000e6d00000|  0%| F|  |TAMS 0x00000000e6c00000, 0x00000000e6c00000| Untracked 
| 109|0x00000000e6d00000, 0x00000000e6d00000, 0x00000000e6e00000|  0%| F|  |TAMS 0x00000000e6d00000, 0x00000000e6d00000| Untracked 
| 110|0x00000000e6e00000, 0x00000000e6e00000, 0x00000000e6f00000|  0%| F|  |TAMS 0x00000000e6e00000, 0x00000000e6e00000| Untracked 
| 111|0x00000000e6f00000, 0x00000000e6f00000, 0x00000000e7000000|  0%| F|  |TAMS 0x00000000e6f00000, 0x00000000e6f00000| Untracked 
| 112|0x00000000e7000000, 0x00000000e7000000, 0x00000000e7100000|  0%| F|  |TAMS 0x00000000e7000000, 0x00000000e7000000| Untracked 
| 113|0x00000000e7100000, 0x00000000e7100000, 0x00000000e7200000|  0%| F|  |TAMS 0x00000000e7100000, 0x00000000e7100000| Untracked 
| 114|0x00000000e7200000, 0x00000000e7200000, 0x00000000e7300000|  0%| F|  |TAMS 0x00000000e7200000, 0x00000000e7200000| Untracked 
| 115|0x00000000e7300000, 0x00000000e7300000, 0x00000000e7400000|  0%| F|  |TAMS 0x00000000e7300000, 0x00000000e7300000| Untracked 
| 116|0x00000000e7400000, 0x00000000e7400000, 0x00000000e7500000|  0%| F|  |TAMS 0x00000000e7400000, 0x00000000e7400000| Untracked 
| 117|0x00000000e7500000, 0x00000000e7500000, 0x00000000e7600000|  0%| F|  |TAMS 0x00000000e7500000, 0x00000000e7500000| Untracked 
| 118|0x00000000e7600000, 0x00000000e7600000, 0x00000000e7700000|  0%| F|  |TAMS 0x00000000e7600000, 0x00000000e7600000| Untracked 
| 119|0x00000000e7700000, 0x00000000e7700000, 0x00000000e7800000|  0%| F|  |TAMS 0x00000000e7700000, 0x00000000e7700000| Untracked 
| 120|0x00000000e7800000, 0x00000000e7800000, 0x00000000e7900000|  0%| F|  |TAMS 0x00000000e7800000, 0x00000000e7800000| Untracked 
| 121|0x00000000e7900000, 0x00000000e7900000, 0x00000000e7a00000|  0%| F|  |TAMS 0x00000000e7900000, 0x00000000e7900000| Untracked 
| 122|0x00000000e7a00000, 0x00000000e7a00000, 0x00000000e7b00000|  0%| F|  |TAMS 0x00000000e7a00000, 0x00000000e7a00000| Untracked 
| 123|0x00000000e7b00000, 0x00000000e7b00000, 0x00000000e7c00000|  0%| F|  |TAMS 0x00000000e7b00000, 0x00000000e7b00000| Untracked 
| 124|0x00000000e7c00000, 0x00000000e7c00000, 0x00000000e7d00000|  0%| F|  |TAMS 0x00000000e7c00000, 0x00000000e7c00000| Untracked 
| 125|0x00000000e7d00000, 0x00000000e7d00000, 0x00000000e7e00000|  0%| F|  |TAMS 0x00000000e7d00000, 0x00000000e7d00000| Untracked 
| 126|0x00000000e7e00000, 0x00000000e7e00000, 0x00000000e7f00000|  0%| F|  |TAMS 0x00000000e7e00000, 0x00000000e7e00000| Untracked 
| 127|0x00000000e7f00000, 0x00000000e7f00000, 0x00000000e8000000|  0%| F|  |TAMS 0x00000000e7f00000, 0x00000000e7f00000| Untracked 
| 128|0x00000000e8000000, 0x00000000e8000000, 0x00000000e8100000|  0%| F|  |TAMS 0x00000000e8000000, 0x00000000e8000000| Untracked 
| 129|0x00000000e8100000, 0x00000000e8100000, 0x00000000e8200000|  0%| F|  |TAMS 0x00000000e8100000, 0x00000000e8100000| Untracked 
| 130|0x00000000e8200000, 0x00000000e8200000, 0x00000000e8300000|  0%| F|  |TAMS 0x00000000e8200000, 0x00000000e8200000| Untracked 
| 131|0x00000000e8300000, 0x00000000e8300000, 0x00000000e8400000|  0%| F|  |TAMS 0x00000000e8300000, 0x00000000e8300000| Untracked 
| 132|0x00000000e8400000, 0x00000000e8400000, 0x00000000e8500000|  0%| F|  |TAMS 0x00000000e8400000, 0x00000000e8400000| Untracked 
| 133|0x00000000e8500000, 0x00000000e8500000, 0x00000000e8600000|  0%| F|  |TAMS 0x00000000e8500000, 0x00000000e8500000| Untracked 
| 134|0x00000000e8600000, 0x00000000e8600000, 0x00000000e8700000|  0%| F|  |TAMS 0x00000000e8600000, 0x00000000e8600000| Untracked 
| 135|0x00000000e8700000, 0x00000000e8700000, 0x00000000e8800000|  0%| F|  |TAMS 0x00000000e8700000, 0x00000000e8700000| Untracked 
| 136|0x00000000e8800000, 0x00000000e8800000, 0x00000000e8900000|  0%| F|  |TAMS 0x00000000e8800000, 0x00000000e8800000| Untracked 
| 137|0x00000000e8900000, 0x00000000e8900000, 0x00000000e8a00000|  0%| F|  |TAMS 0x00000000e8900000, 0x00000000e8900000| Untracked 
| 138|0x00000000e8a00000, 0x00000000e8a00000, 0x00000000e8b00000|  0%| F|  |TAMS 0x00000000e8a00000, 0x00000000e8a00000| Untracked 
| 139|0x00000000e8b00000, 0x00000000e8b00000, 0x00000000e8c00000|  0%| F|  |TAMS 0x00000000e8b00000, 0x00000000e8b00000| Untracked 
| 140|0x00000000e8c00000, 0x00000000e8c00000, 0x00000000e8d00000|  0%| F|  |TAMS 0x00000000e8c00000, 0x00000000e8c00000| Untracked 
| 141|0x00000000e8d00000, 0x00000000e8d00000, 0x00000000e8e00000|  0%| F|  |TAMS 0x00000000e8d00000, 0x00000000e8d00000| Untracked 
| 142|0x00000000e8e00000, 0x00000000e8e00000, 0x00000000e8f00000|  0%| F|  |TAMS 0x00000000e8e00000, 0x00000000e8e00000| Untracked 
| 143|0x00000000e8f00000, 0x00000000e8f00000, 0x00000000e9000000|  0%| F|  |TAMS 0x00000000e8f00000, 0x00000000e8f00000| Untracked 
| 144|0x00000000e9000000, 0x00000000e9000000, 0x00000000e9100000|  0%| F|  |TAMS 0x00000000e9000000, 0x00000000e9000000| Untracked 
| 145|0x00000000e9100000, 0x00000000e9100000, 0x00000000e9200000|  0%| F|  |TAMS 0x00000000e9100000, 0x00000000e9100000| Untracked 
| 146|0x00000000e9200000, 0x00000000e9200000, 0x00000000e9300000|  0%| F|  |TAMS 0x00000000e9200000, 0x00000000e9200000| Untracked 
| 147|0x00000000e9300000, 0x00000000e9300000, 0x00000000e9400000|  0%| F|  |TAMS 0x00000000e9300000, 0x00000000e9300000| Untracked 
| 148|0x00000000e9400000, 0x00000000e9400000, 0x00000000e9500000|  0%| F|  |TAMS 0x00000000e9400000, 0x00000000e9400000| Untracked 
| 149|0x00000000e9500000, 0x00000000e9500000, 0x00000000e9600000|  0%| F|  |TAMS 0x00000000e9500000, 0x00000000e9500000| Untracked 
| 150|0x00000000e9600000, 0x00000000e9600000, 0x00000000e9700000|  0%| F|  |TAMS 0x00000000e9600000, 0x00000000e9600000| Untracked 
| 151|0x00000000e9700000, 0x00000000e9700000, 0x00000000e9800000|  0%| F|  |TAMS 0x00000000e9700000, 0x00000000e9700000| Untracked 
| 152|0x00000000e9800000, 0x00000000e9800000, 0x00000000e9900000|  0%| F|  |TAMS 0x00000000e9800000, 0x00000000e9800000| Untracked 
| 153|0x00000000e9900000, 0x00000000e9900000, 0x00000000e9a00000|  0%| F|  |TAMS 0x00000000e9900000, 0x00000000e9900000| Untracked 
| 154|0x00000000e9a00000, 0x00000000e9a00000, 0x00000000e9b00000|  0%| F|  |TAMS 0x00000000e9a00000, 0x00000000e9a00000| Untracked 
| 155|0x00000000e9b00000, 0x00000000e9b00000, 0x00000000e9c00000|  0%| F|  |TAMS 0x00000000e9b00000, 0x00000000e9b00000| Untracked 
| 156|0x00000000e9c00000, 0x00000000e9c00000, 0x00000000e9d00000|  0%| F|  |TAMS 0x00000000e9c00000, 0x00000000e9c00000| Untracked 
| 157|0x00000000e9d00000, 0x00000000e9d00000, 0x00000000e9e00000|  0%| F|  |TAMS 0x00000000e9d00000, 0x00000000e9d00000| Untracked 
| 158|0x00000000e9e00000, 0x00000000e9e00000, 0x00000000e9f00000|  0%| F|  |TAMS 0x00000000e9e00000, 0x00000000e9e00000| Untracked 
| 159|0x00000000e9f00000, 0x00000000e9f00000, 0x00000000ea000000|  0%| F|  |TAMS 0x00000000e9f00000, 0x00000000e9f00000| Untracked 
| 160|0x00000000ea000000, 0x00000000ea000000, 0x00000000ea100000|  0%| F|  |TAMS 0x00000000ea000000, 0x00000000ea000000| Untracked 
| 161|0x00000000ea100000, 0x00000000ea100000, 0x00000000ea200000|  0%| F|  |TAMS 0x00000000ea100000, 0x00000000ea100000| Untracked 
| 162|0x00000000ea200000, 0x00000000ea200000, 0x00000000ea300000|  0%| F|  |TAMS 0x00000000ea200000, 0x00000000ea200000| Untracked 
| 163|0x00000000ea300000, 0x00000000ea300000, 0x00000000ea400000|  0%| F|  |TAMS 0x00000000ea300000, 0x00000000ea300000| Untracked 
| 164|0x00000000ea400000, 0x00000000ea400000, 0x00000000ea500000|  0%| F|  |TAMS 0x00000000ea400000, 0x00000000ea400000| Untracked 
| 165|0x00000000ea500000, 0x00000000ea500000, 0x00000000ea600000|  0%| F|  |TAMS 0x00000000ea500000, 0x00000000ea500000| Untracked 
| 166|0x00000000ea600000, 0x00000000ea600000, 0x00000000ea700000|  0%| F|  |TAMS 0x00000000ea600000, 0x00000000ea600000| Untracked 
| 167|0x00000000ea700000, 0x00000000ea700000, 0x00000000ea800000|  0%| F|  |TAMS 0x00000000ea700000, 0x00000000ea700000| Untracked 
| 168|0x00000000ea800000, 0x00000000ea800000, 0x00000000ea900000|  0%| F|  |TAMS 0x00000000ea800000, 0x00000000ea800000| Untracked 
| 169|0x00000000ea900000, 0x00000000ea900000, 0x00000000eaa00000|  0%| F|  |TAMS 0x00000000ea900000, 0x00000000ea900000| Untracked 
| 170|0x00000000eaa00000, 0x00000000eaa00000, 0x00000000eab00000|  0%| F|  |TAMS 0x00000000eaa00000, 0x00000000eaa00000| Untracked 
| 171|0x00000000eab00000, 0x00000000eab00000, 0x00000000eac00000|  0%| F|  |TAMS 0x00000000eab00000, 0x00000000eab00000| Untracked 
| 172|0x00000000eac00000, 0x00000000eac00000, 0x00000000ead00000|  0%| F|  |TAMS 0x00000000eac00000, 0x00000000eac00000| Untracked 
| 173|0x00000000ead00000, 0x00000000ead00000, 0x00000000eae00000|  0%| F|  |TAMS 0x00000000ead00000, 0x00000000ead00000| Untracked 
| 174|0x00000000eae00000, 0x00000000eae00000, 0x00000000eaf00000|  0%| F|  |TAMS 0x00000000eae00000, 0x00000000eae00000| Untracked 
| 175|0x00000000eaf00000, 0x00000000eaf00000, 0x00000000eb000000|  0%| F|  |TAMS 0x00000000eaf00000, 0x00000000eaf00000| Untracked 
| 176|0x00000000eb000000, 0x00000000eb000000, 0x00000000eb100000|  0%| F|  |TAMS 0x00000000eb000000, 0x00000000eb000000| Untracked 
| 177|0x00000000eb100000, 0x00000000eb100000, 0x00000000eb200000|  0%| F|  |TAMS 0x00000000eb100000, 0x00000000eb100000| Untracked 
| 178|0x00000000eb200000, 0x00000000eb200000, 0x00000000eb300000|  0%| F|  |TAMS 0x00000000eb200000, 0x00000000eb200000| Untracked 
| 179|0x00000000eb300000, 0x00000000eb300000, 0x00000000eb400000|  0%| F|  |TAMS 0x00000000eb300000, 0x00000000eb300000| Untracked 
| 180|0x00000000eb400000, 0x00000000eb400000, 0x00000000eb500000|  0%| F|  |TAMS 0x00000000eb400000, 0x00000000eb400000| Untracked 
| 181|0x00000000eb500000, 0x00000000eb500000, 0x00000000eb600000|  0%| F|  |TAMS 0x00000000eb500000, 0x00000000eb500000| Untracked 
| 182|0x00000000eb600000, 0x00000000eb600000, 0x00000000eb700000|  0%| F|  |TAMS 0x00000000eb600000, 0x00000000eb600000| Untracked 
| 183|0x00000000eb700000, 0x00000000eb700000, 0x00000000eb800000|  0%| F|  |TAMS 0x00000000eb700000, 0x00000000eb700000| Untracked 
| 184|0x00000000eb800000, 0x00000000eb800000, 0x00000000eb900000|  0%| F|  |TAMS 0x00000000eb800000, 0x00000000eb800000| Untracked 
| 185|0x00000000eb900000, 0x00000000eb900000, 0x00000000eba00000|  0%| F|  |TAMS 0x00000000eb900000, 0x00000000eb900000| Untracked 
| 186|0x00000000eba00000, 0x00000000eba00000, 0x00000000ebb00000|  0%| F|  |TAMS 0x00000000eba00000, 0x00000000eba00000| Untracked 
| 187|0x00000000ebb00000, 0x00000000ebb00000, 0x00000000ebc00000|  0%| F|  |TAMS 0x00000000ebb00000, 0x00000000ebb00000| Untracked 
| 188|0x00000000ebc00000, 0x00000000ebc00000, 0x00000000ebd00000|  0%| F|  |TAMS 0x00000000ebc00000, 0x00000000ebc00000| Untracked 
| 189|0x00000000ebd00000, 0x00000000ebd00000, 0x00000000ebe00000|  0%| F|  |TAMS 0x00000000ebd00000, 0x00000000ebd00000| Untracked 
| 190|0x00000000ebe00000, 0x00000000ebe00000, 0x00000000ebf00000|  0%| F|  |TAMS 0x00000000ebe00000, 0x00000000ebe00000| Untracked 
| 191|0x00000000ebf00000, 0x00000000ebf00000, 0x00000000ec000000|  0%| F|  |TAMS 0x00000000ebf00000, 0x00000000ebf00000| Untracked 
| 192|0x00000000ec000000, 0x00000000ec000000, 0x00000000ec100000|  0%| F|  |TAMS 0x00000000ec000000, 0x00000000ec000000| Untracked 
| 193|0x00000000ec100000, 0x00000000ec100000, 0x00000000ec200000|  0%| F|  |TAMS 0x00000000ec100000, 0x00000000ec100000| Untracked 
| 194|0x00000000ec200000, 0x00000000ec200000, 0x00000000ec300000|  0%| F|  |TAMS 0x00000000ec200000, 0x00000000ec200000| Untracked 
| 195|0x00000000ec300000, 0x00000000ec300000, 0x00000000ec400000|  0%| F|  |TAMS 0x00000000ec300000, 0x00000000ec300000| Untracked 
| 196|0x00000000ec400000, 0x00000000ec400000, 0x00000000ec500000|  0%| F|  |TAMS 0x00000000ec400000, 0x00000000ec400000| Untracked 
| 197|0x00000000ec500000, 0x00000000ec500000, 0x00000000ec600000|  0%| F|  |TAMS 0x00000000ec500000, 0x00000000ec500000| Untracked 
| 198|0x00000000ec600000, 0x00000000ec600000, 0x00000000ec700000|  0%| F|  |TAMS 0x00000000ec600000, 0x00000000ec600000| Untracked 
| 199|0x00000000ec700000, 0x00000000ec700000, 0x00000000ec800000|  0%| F|  |TAMS 0x00000000ec700000, 0x00000000ec700000| Untracked 
| 200|0x00000000ec800000, 0x00000000ec800000, 0x00000000ec900000|  0%| F|  |TAMS 0x00000000ec800000, 0x00000000ec800000| Untracked 
| 201|0x00000000ec900000, 0x00000000ec900000, 0x00000000eca00000|  0%| F|  |TAMS 0x00000000ec900000, 0x00000000ec900000| Untracked 
| 202|0x00000000eca00000, 0x00000000eca00000, 0x00000000ecb00000|  0%| F|  |TAMS 0x00000000eca00000, 0x00000000eca00000| Untracked 
| 203|0x00000000ecb00000, 0x00000000ecb00000, 0x00000000ecc00000|  0%| F|  |TAMS 0x00000000ecb00000, 0x00000000ecb00000| Untracked 
| 204|0x00000000ecc00000, 0x00000000ecc00000, 0x00000000ecd00000|  0%| F|  |TAMS 0x00000000ecc00000, 0x00000000ecc00000| Untracked 
| 205|0x00000000ecd00000, 0x00000000ecd00000, 0x00000000ece00000|  0%| F|  |TAMS 0x00000000ecd00000, 0x00000000ecd00000| Untracked 
| 206|0x00000000ece00000, 0x00000000ece00000, 0x00000000ecf00000|  0%| F|  |TAMS 0x00000000ece00000, 0x00000000ece00000| Untracked 
| 207|0x00000000ecf00000, 0x00000000ecf00000, 0x00000000ed000000|  0%| F|  |TAMS 0x00000000ecf00000, 0x00000000ecf00000| Untracked 
| 208|0x00000000ed000000, 0x00000000ed000000, 0x00000000ed100000|  0%| F|  |TAMS 0x00000000ed000000, 0x00000000ed000000| Untracked 
| 209|0x00000000ed100000, 0x00000000ed100000, 0x00000000ed200000|  0%| F|  |TAMS 0x00000000ed100000, 0x00000000ed100000| Untracked 
| 210|0x00000000ed200000, 0x00000000ed200000, 0x00000000ed300000|  0%| F|  |TAMS 0x00000000ed200000, 0x00000000ed200000| Untracked 
| 211|0x00000000ed300000, 0x00000000ed300000, 0x00000000ed400000|  0%| F|  |TAMS 0x00000000ed300000, 0x00000000ed300000| Untracked 
| 212|0x00000000ed400000, 0x00000000ed400000, 0x00000000ed500000|  0%| F|  |TAMS 0x00000000ed400000, 0x00000000ed400000| Untracked 
| 213|0x00000000ed500000, 0x00000000ed500000, 0x00000000ed600000|  0%| F|  |TAMS 0x00000000ed500000, 0x00000000ed500000| Untracked 
| 214|0x00000000ed600000, 0x00000000ed600000, 0x00000000ed700000|  0%| F|  |TAMS 0x00000000ed600000, 0x00000000ed600000| Untracked 
| 215|0x00000000ed700000, 0x00000000ed700000, 0x00000000ed800000|  0%| F|  |TAMS 0x00000000ed700000, 0x00000000ed700000| Untracked 
| 216|0x00000000ed800000, 0x00000000ed800000, 0x00000000ed900000|  0%| F|  |TAMS 0x00000000ed800000, 0x00000000ed800000| Untracked 
| 217|0x00000000ed900000, 0x00000000ed900000, 0x00000000eda00000|  0%| F|  |TAMS 0x00000000ed900000, 0x00000000ed900000| Untracked 
| 218|0x00000000eda00000, 0x00000000eda00000, 0x00000000edb00000|  0%| F|  |TAMS 0x00000000eda00000, 0x00000000eda00000| Untracked 
| 219|0x00000000edb00000, 0x00000000edc00000, 0x00000000edc00000|100%| E|  |TAMS 0x00000000edb00000, 0x00000000edb00000| Complete 
| 220|0x00000000edc00000, 0x00000000edd00000, 0x00000000edd00000|100%| E|CS|TAMS 0x00000000edc00000, 0x00000000edc00000| Complete 
| 221|0x00000000edd00000, 0x00000000ede00000, 0x00000000ede00000|100%| E|CS|TAMS 0x00000000edd00000, 0x00000000edd00000| Complete 
| 222|0x00000000ede00000, 0x00000000edf00000, 0x00000000edf00000|100%| E|CS|TAMS 0x00000000ede00000, 0x00000000ede00000| Complete 
| 223|0x00000000edf00000, 0x00000000ee000000, 0x00000000ee000000|100%| E|CS|TAMS 0x00000000edf00000, 0x00000000edf00000| Complete 
| 224|0x00000000ee000000, 0x00000000ee100000, 0x00000000ee100000|100%| E|CS|TAMS 0x00000000ee000000, 0x00000000ee000000| Complete 
| 225|0x00000000ee100000, 0x00000000ee200000, 0x00000000ee200000|100%| E|CS|TAMS 0x00000000ee100000, 0x00000000ee100000| Complete 
| 226|0x00000000ee200000, 0x00000000ee300000, 0x00000000ee300000|100%| E|CS|TAMS 0x00000000ee200000, 0x00000000ee200000| Complete 
| 227|0x00000000ee300000, 0x00000000ee400000, 0x00000000ee400000|100%| E|CS|TAMS 0x00000000ee300000, 0x00000000ee300000| Complete 
| 228|0x00000000ee400000, 0x00000000ee500000, 0x00000000ee500000|100%| E|CS|TAMS 0x00000000ee400000, 0x00000000ee400000| Complete 
| 229|0x00000000ee500000, 0x00000000ee600000, 0x00000000ee600000|100%| E|CS|TAMS 0x00000000ee500000, 0x00000000ee500000| Complete 
| 230|0x00000000ee600000, 0x00000000ee700000, 0x00000000ee700000|100%| E|CS|TAMS 0x00000000ee600000, 0x00000000ee600000| Complete 
| 231|0x00000000ee700000, 0x00000000ee800000, 0x00000000ee800000|100%| E|CS|TAMS 0x00000000ee700000, 0x00000000ee700000| Complete 
| 232|0x00000000ee800000, 0x00000000ee900000, 0x00000000ee900000|100%| E|CS|TAMS 0x00000000ee800000, 0x00000000ee800000| Complete 
| 233|0x00000000ee900000, 0x00000000eea00000, 0x00000000eea00000|100%| E|CS|TAMS 0x00000000ee900000, 0x00000000ee900000| Complete 
| 234|0x00000000eea00000, 0x00000000eeb00000, 0x00000000eeb00000|100%| E|CS|TAMS 0x00000000eea00000, 0x00000000eea00000| Complete 
| 235|0x00000000eeb00000, 0x00000000eec00000, 0x00000000eec00000|100%| E|CS|TAMS 0x00000000eeb00000, 0x00000000eeb00000| Complete 
| 236|0x00000000eec00000, 0x00000000eed00000, 0x00000000eed00000|100%| E|CS|TAMS 0x00000000eec00000, 0x00000000eec00000| Complete 
| 237|0x00000000eed00000, 0x00000000eee00000, 0x00000000eee00000|100%| E|CS|TAMS 0x00000000eed00000, 0x00000000eed00000| Complete 
| 238|0x00000000eee00000, 0x00000000eef00000, 0x00000000eef00000|100%| E|CS|TAMS 0x00000000eee00000, 0x00000000eee00000| Complete 
| 239|0x00000000eef00000, 0x00000000ef000000, 0x00000000ef000000|100%| E|CS|TAMS 0x00000000eef00000, 0x00000000eef00000| Complete 
| 240|0x00000000ef000000, 0x00000000ef100000, 0x00000000ef100000|100%| E|CS|TAMS 0x00000000ef000000, 0x00000000ef000000| Complete 
| 241|0x00000000ef100000, 0x00000000ef200000, 0x00000000ef200000|100%| E|CS|TAMS 0x00000000ef100000, 0x00000000ef100000| Complete 
| 242|0x00000000ef200000, 0x00000000ef300000, 0x00000000ef300000|100%| E|CS|TAMS 0x00000000ef200000, 0x00000000ef200000| Complete 
| 243|0x00000000ef300000, 0x00000000ef400000, 0x00000000ef400000|100%| E|CS|TAMS 0x00000000ef300000, 0x00000000ef300000| Complete 
| 244|0x00000000ef400000, 0x00000000ef500000, 0x00000000ef500000|100%| E|CS|TAMS 0x00000000ef400000, 0x00000000ef400000| Complete 
| 245|0x00000000ef500000, 0x00000000ef600000, 0x00000000ef600000|100%| E|CS|TAMS 0x00000000ef500000, 0x00000000ef500000| Complete 
| 246|0x00000000ef600000, 0x00000000ef700000, 0x00000000ef700000|100%| E|CS|TAMS 0x00000000ef600000, 0x00000000ef600000| Complete 
| 247|0x00000000ef700000, 0x00000000ef800000, 0x00000000ef800000|100%| E|CS|TAMS 0x00000000ef700000, 0x00000000ef700000| Complete 
| 248|0x00000000ef800000, 0x00000000ef900000, 0x00000000ef900000|100%| E|CS|TAMS 0x00000000ef800000, 0x00000000ef800000| Complete 
| 249|0x00000000ef900000, 0x00000000efa00000, 0x00000000efa00000|100%| E|CS|TAMS 0x00000000ef900000, 0x00000000ef900000| Complete 
| 250|0x00000000efa00000, 0x00000000efb00000, 0x00000000efb00000|100%| E|CS|TAMS 0x00000000efa00000, 0x00000000efa00000| Complete 
| 251|0x00000000efb00000, 0x00000000efc00000, 0x00000000efc00000|100%| E|CS|TAMS 0x00000000efb00000, 0x00000000efb00000| Complete 
| 252|0x00000000efc00000, 0x00000000efd00000, 0x00000000efd00000|100%| E|CS|TAMS 0x00000000efc00000, 0x00000000efc00000| Complete 
| 253|0x00000000efd00000, 0x00000000efe00000, 0x00000000efe00000|100%| E|CS|TAMS 0x00000000efd00000, 0x00000000efd00000| Complete 
| 254|0x00000000efe00000, 0x00000000eff00000, 0x00000000eff00000|100%| E|CS|TAMS 0x00000000efe00000, 0x00000000efe00000| Complete 
| 255|0x00000000eff00000, 0x00000000f0000000, 0x00000000f0000000|100%| E|CS|TAMS 0x00000000eff00000, 0x00000000eff00000| Complete 

Card table byte_map: [0x00000249a6670000,0x00000249a6770000] _byte_map_base: 0x00000249a5f70000

Marking Bits (Prev, Next): (CMBitMap*) 0x000002498ef6d2d8, (CMBitMap*) 0x000002498ef6d310
 Prev Bits: [0x00000249a6870000, 0x00000249a7070000)
 Next Bits: [0x00000249a7070000, 0x00000249a7870000)

Polling page: 0x000002498cde0000

Metaspace:

Usage:
  Non-class:     46.08 MB capacity,    45.29 MB ( 98%) used,   659.84 KB (  1%) free+waste,   142.31 KB ( <1%) overhead. 
      Class:      7.17 MB capacity,     6.67 MB ( 93%) used,   449.30 KB (  6%) free+waste,    68.56 KB ( <1%) overhead. 
       Both:     53.25 MB capacity,    51.96 MB ( 98%) used,     1.08 MB (  2%) free+waste,   210.88 KB ( <1%) overhead. 

Virtual space:
  Non-class space:       48.00 MB reserved,      46.17 MB ( 96%) committed 
      Class space:      248.00 MB reserved,       7.25 MB (  3%) committed 
             Both:      296.00 MB reserved,      53.42 MB ( 18%) committed 

Chunk freelists:
   Non-Class:  35.00 KB
       Class:  13.00 KB
        Both:  48.00 KB

MaxMetaspaceSize: 256.00 MB
CompressedClassSpaceSize: 248.00 MB
Initial GC threshold: 20.80 MB
Current GC threshold: 58.62 MB
CDS: off

CodeHeap 'non-profiled nmethods': size=120064Kb used=3054Kb max_used=3054Kb free=117009Kb
 bounds [0x000002499f130000, 0x000002499f430000, 0x00000249a6670000]
CodeHeap 'profiled nmethods': size=120000Kb used=11179Kb max_used=11179Kb free=108820Kb
 bounds [0x0000024997c00000, 0x00000249986f0000, 0x000002499f130000]
CodeHeap 'non-nmethods': size=5696Kb used=2303Kb max_used=2350Kb free=3392Kb
 bounds [0x0000024997670000, 0x00000249978e0000, 0x0000024997c00000]
 total_blobs=5905 nmethods=5098 adapters=720
 compilation: enabled
              stopped_count=0, restarted_count=0
 full_count=0

Compilation events (20 events):
Event: 70.765 Thread 0x00000249a9eb0000 nmethod 5121 0x000002499f42b010 code [0x000002499f42b1a0, 0x000002499f42b1f8]
Event: 70.765 Thread 0x00000249a9eb0000 5122       4       org.objectweb.asm.Frame::execute (2318 bytes)
Event: 70.766 Thread 0x00000249a9eb1000 5123       1       org.gradle.internal.instantiation.generator.AbstractClassGenerator$MethodMetadata::getGenericReturnType (5 bytes)
Event: 70.766 Thread 0x00000249a9eb1000 nmethod 5123 0x000002499f42b310 code [0x000002499f42b4c0, 0x000002499f42b578]
Event: 70.775 Thread 0x00000249a9eb1000 5124       1       com.google.common.collect.MapMakerInternalMap$AbstractStrongKeyEntry::getKey (5 bytes)
Event: 70.775 Thread 0x00000249a9eb1000 nmethod 5124 0x000002499f42b610 code [0x000002499f42b7c0, 0x000002499f42b878]
Event: 70.776 Thread 0x00000249a9eb1000 5125       3       com.google.common.collect.MapMakerInternalMap$StrongKeyWeakValueEntry::<init> (15 bytes)
Event: 70.777 Thread 0x00000249a9eb1000 nmethod 5125 0x00000249986e0e90 code [0x00000249986e1060, 0x00000249986e1398]
Event: 70.777 Thread 0x00000249a9eb1000 5126       3       com.google.common.collect.MapMakerInternalMap$WeakValueReferenceImpl::<init> (12 bytes)
Event: 70.777 Thread 0x00000249a9eb1000 nmethod 5126 0x00000249986e1490 code [0x00000249986e1660, 0x00000249986e19f8]
Event: 70.790 Thread 0x00000249a9eb1000 5127       3       org.objectweb.asm.Frame::addInitializedType (77 bytes)
Event: 70.791 Thread 0x00000249a9eb1000 nmethod 5127 0x00000249986e1b10 code [0x00000249986e1d00, 0x00000249986e2228]
Event: 70.926 Thread 0x00000249a9eb1000 5128       3       java.util.HashMap$ValueSpliterator::forEachRemaining (186 bytes)
Event: 70.927 Thread 0x00000249a9eb1000 nmethod 5128 0x00000249986e2410 code [0x00000249986e2640, 0x00000249986e2e68]
Event: 70.990 Thread 0x00000249a9eb1000 5129       3       com.google.common.collect.MapMakerInternalMap::putIfAbsent (29 bytes)
Event: 70.991 Thread 0x00000249a9eb1000 nmethod 5129 0x00000249986e3110 code [0x00000249986e3340, 0x00000249986e3a68]
Event: 70.994 Thread 0x00000249a9eb1000 5130       3       com.google.common.collect.MapMakerInternalMap$Segment::preWriteCleanup (5 bytes)
Event: 70.995 Thread 0x00000249a9eb1000 nmethod 5130 0x00000249986e3d90 code [0x00000249986e3fa0, 0x00000249986e4638]
Event: 70.995 Thread 0x00000249a9eb1000 5131       3       com.google.common.collect.MapMakerInternalMap$Segment::setValue (19 bytes)
Event: 70.996 Thread 0x00000249a9eb1000 nmethod 5131 0x00000249986e4890 code [0x00000249986e4a60, 0x00000249986e4cf8]

GC Heap History (18 events):
Event: 3.099 GC heap before
{Heap before GC invocations=0 (full 0):
 garbage-first heap   total 262144K, used 16384K [0x00000000e0000000, 0x0000000100000000)
  region size 1024K, 14 young (14336K), 0 survivors (0K)
 Metaspace       used 6748K, capacity 6937K, committed 7168K, reserved 262144K
  class space    used 572K, capacity 650K, committed 768K, reserved 253952K
}
Event: 3.165 GC heap after
{Heap after GC invocations=1 (full 0):
 garbage-first heap   total 262144K, used 4855K [0x00000000e0000000, 0x0000000100000000)
  region size 1024K, 2 young (2048K), 2 survivors (2048K)
 Metaspace       used 6748K, capacity 6937K, committed 7168K, reserved 262144K
  class space    used 572K, capacity 650K, committed 768K, reserved 253952K
}
Event: 6.048 GC heap before
{Heap before GC invocations=1 (full 0):
 garbage-first heap   total 262144K, used 20215K [0x00000000e0000000, 0x0000000100000000)
  region size 1024K, 14 young (14336K), 2 survivors (2048K)
 Metaspace       used 9920K, capacity 10194K, committed 10368K, reserved 264192K
  class space    used 1010K, capacity 1102K, committed 1152K, reserved 253952K
}
Event: 6.056 GC heap after
{Heap after GC invocations=2 (full 0):
 garbage-first heap   total 262144K, used 9630K [0x00000000e0000000, 0x0000000100000000)
  region size 1024K, 2 young (2048K), 2 survivors (2048K)
 Metaspace       used 9920K, capacity 10194K, committed 10368K, reserved 264192K
  class space    used 1010K, capacity 1102K, committed 1152K, reserved 253952K
}
Event: 10.150 GC heap before
{Heap before GC invocations=2 (full 0):
 garbage-first heap   total 262144K, used 38302K [0x00000000e0000000, 0x0000000100000000)
  region size 1024K, 30 young (30720K), 2 survivors (2048K)
 Metaspace       used 10863K, capacity 11085K, committed 11264K, reserved 264192K
  class space    used 1111K, capacity 1207K, committed 1280K, reserved 253952K
}
Event: 10.160 GC heap after
{Heap after GC invocations=3 (full 0):
 garbage-first heap   total 262144K, used 11751K [0x00000000e0000000, 0x0000000100000000)
  region size 1024K, 3 young (3072K), 3 survivors (3072K)
 Metaspace       used 10863K, capacity 11085K, committed 11264K, reserved 264192K
  class space    used 1111K, capacity 1207K, committed 1280K, reserved 253952K
}
Event: 19.690 GC heap before
{Heap before GC invocations=3 (full 0):
 garbage-first heap   total 262144K, used 53735K [0x00000000e0000000, 0x0000000100000000)
  region size 1024K, 44 young (45056K), 3 survivors (3072K)
 Metaspace       used 17442K, capacity 17788K, committed 18048K, reserved 270336K
  class space    used 2029K, capacity 2144K, committed 2176K, reserved 253952K
}
Event: 19.707 GC heap after
{Heap after GC invocations=4 (full 0):
 garbage-first heap   total 262144K, used 16198K [0x00000000e0000000, 0x0000000100000000)
  region size 1024K, 6 young (6144K), 6 survivors (6144K)
 Metaspace       used 17442K, capacity 17788K, committed 18048K, reserved 270336K
  class space    used 2029K, capacity 2144K, committed 2176K, reserved 253952K
}
Event: 23.324 GC heap before
{Heap before GC invocations=4 (full 0):
 garbage-first heap   total 262144K, used 41798K [0x00000000e0000000, 0x0000000100000000)
  region size 1024K, 32 young (32768K), 6 survivors (6144K)
 Metaspace       used 20685K, capacity 21167K, committed 21296K, reserved 274432K
  class space    used 2482K, capacity 2657K, committed 2688K, reserved 253952K
}
Event: 23.346 GC heap after
{Heap after GC invocations=5 (full 0):
 garbage-first heap   total 262144K, used 17744K [0x00000000e0000000, 0x0000000100000000)
  region size 1024K, 2 young (2048K), 2 survivors (2048K)
 Metaspace       used 20685K, capacity 21167K, committed 21296K, reserved 274432K
  class space    used 2482K, capacity 2657K, committed 2688K, reserved 253952K
}
Event: 30.458 GC heap before
{Heap before GC invocations=6 (full 0):
 garbage-first heap   total 262144K, used 72016K [0x00000000e0000000, 0x0000000100000000)
  region size 1024K, 55 young (56320K), 2 survivors (2048K)
 Metaspace       used 26470K, capacity 27053K, committed 27184K, reserved 278528K
  class space    used 3375K, capacity 3604K, committed 3712K, reserved 253952K
}
Event: 30.471 GC heap after
{Heap after GC invocations=7 (full 0):
 garbage-first heap   total 262144K, used 19619K [0x00000000e0000000, 0x0000000100000000)
  region size 1024K, 3 young (3072K), 3 survivors (3072K)
 Metaspace       used 26470K, capacity 27053K, committed 27184K, reserved 278528K
  class space    used 3375K, capacity 3604K, committed 3712K, reserved 253952K
}
Event: 39.007 GC heap before
{Heap before GC invocations=7 (full 0):
 garbage-first heap   total 262144K, used 79011K [0x00000000e0000000, 0x0000000100000000)
  region size 1024K, 62 young (63488K), 3 survivors (3072K)
 Metaspace       used 34866K, capacity 35627K, committed 35888K, reserved 286720K
  class space    used 4421K, capacity 4718K, committed 4736K, reserved 253952K
}
Event: 39.038 GC heap after
{Heap after GC invocations=8 (full 0):
 garbage-first heap   total 262144K, used 22869K [0x00000000e0000000, 0x0000000100000000)
  region size 1024K, 7 young (7168K), 7 survivors (7168K)
 Metaspace       used 34866K, capacity 35627K, committed 35888K, reserved 286720K
  class space    used 4421K, capacity 4718K, committed 4736K, reserved 253952K
}
Event: 49.377 GC heap before
{Heap before GC invocations=9 (full 0):
 garbage-first heap   total 262144K, used 109909K [0x00000000e0000000, 0x0000000100000000)
  region size 1024K, 90 young (92160K), 7 survivors (7168K)
 Metaspace       used 41703K, capacity 42683K, committed 42928K, reserved 292864K
  class space    used 5269K, capacity 5615K, committed 5632K, reserved 253952K
}
Event: 49.413 GC heap after
{Heap after GC invocations=10 (full 0):
 garbage-first heap   total 262144K, used 28600K [0x00000000e0000000, 0x0000000100000000)
  region size 1024K, 12 young (12288K), 12 survivors (12288K)
 Metaspace       used 41703K, capacity 42683K, committed 42928K, reserved 292864K
  class space    used 5269K, capacity 5615K, committed 5632K, reserved 253952K
}
Event: 65.770 GC heap before
{Heap before GC invocations=10 (full 0):
 garbage-first heap   total 262144K, used 172984K [0x00000000e0000000, 0x0000000100000000)
  region size 1024K, 153 young (156672K), 12 survivors (12288K)
 Metaspace       used 51954K, capacity 53227K, committed 53424K, reserved 301056K
  class space    used 6659K, capacity 7145K, committed 7168K, reserved 253952K
}
Event: 65.840 GC heap after
{Heap after GC invocations=11 (full 0):
 garbage-first heap   total 262144K, used 34668K [0x00000000e0000000, 0x0000000100000000)
  region size 1024K, 15 young (15360K), 15 survivors (15360K)
 Metaspace       used 51954K, capacity 53227K, committed 53424K, reserved 301056K
  class space    used 6659K, capacity 7145K, committed 7168K, reserved 253952K
}

Deoptimization events (20 events):
Event: 70.653 Thread 0x00000249abd91800 Uncommon trap: trap_request=0xffffff4d fr.pc=0x000002499f36b504 relative=0x0000000000000324
Event: 70.653 Thread 0x00000249abd91800 Uncommon trap: reason=unstable_if action=reinterpret pc=0x000002499f36b504 method=org.gradle.internal.instantiation.generator.AbstractClassGenerator$InjectionAnnotationValidator.validateMethod(Ljava/lang/reflect/Method;Lorg/gradle/internal/reflect/Propert
Event: 70.653 Thread 0x00000249abd91800 DEOPT PACKING pc=0x000002499f36b504 sp=0x0000005ffa3f8510
Event: 70.653 Thread 0x00000249abd91800 DEOPT UNPACKING pc=0x00000249976ba1a9 sp=0x0000005ffa3f84c0 mode 2
Event: 70.653 Thread 0x00000249abd91800 Uncommon trap: trap_request=0xffffffde fr.pc=0x000002499f38cd50 relative=0x0000000000001d30
Event: 70.653 Thread 0x00000249abd91800 Uncommon trap: reason=class_check action=maybe_recompile pc=0x000002499f38cd50 method=com.google.common.reflect.TypeVisitor.visit([Ljava/lang/reflect/Type;)V @ 99 c2
Event: 70.653 Thread 0x00000249abd91800 DEOPT PACKING pc=0x000002499f38cd50 sp=0x0000005ffa3f8020
Event: 70.653 Thread 0x00000249abd91800 DEOPT UNPACKING pc=0x00000249976ba1a9 sp=0x0000005ffa3f8020 mode 2
Event: 70.653 Thread 0x00000249abd91800 Uncommon trap: trap_request=0xffffffde fr.pc=0x000002499f38cd50 relative=0x0000000000001d30
Event: 70.653 Thread 0x00000249abd91800 Uncommon trap: reason=class_check action=maybe_recompile pc=0x000002499f38cd50 method=com.google.common.reflect.TypeVisitor.visit([Ljava/lang/reflect/Type;)V @ 99 c2
Event: 70.653 Thread 0x00000249abd91800 DEOPT PACKING pc=0x000002499f38cd50 sp=0x0000005ffa3f8020
Event: 70.653 Thread 0x00000249abd91800 DEOPT UNPACKING pc=0x00000249976ba1a9 sp=0x0000005ffa3f8020 mode 2
Event: 70.653 Thread 0x00000249abd91800 Uncommon trap: trap_request=0xffffffde fr.pc=0x000002499f38d0f0 relative=0x00000000000020d0
Event: 70.654 Thread 0x00000249abd91800 Uncommon trap: reason=class_check action=maybe_recompile pc=0x000002499f38d0f0 method=com.google.common.reflect.TypeVisitor.visit([Ljava/lang/reflect/Type;)V @ 96 c2
Event: 70.654 Thread 0x00000249abd91800 DEOPT PACKING pc=0x000002499f38d0f0 sp=0x0000005ffa3f8020
Event: 70.654 Thread 0x00000249abd91800 DEOPT UNPACKING pc=0x00000249976ba1a9 sp=0x0000005ffa3f8020 mode 2
Event: 70.654 Thread 0x00000249abd91800 Uncommon trap: trap_request=0xffffffde fr.pc=0x000002499f38d0f0 relative=0x00000000000020d0
Event: 70.654 Thread 0x00000249abd91800 Uncommon trap: reason=class_check action=maybe_recompile pc=0x000002499f38d0f0 method=com.google.common.reflect.TypeVisitor.visit([Ljava/lang/reflect/Type;)V @ 96 c2
Event: 70.654 Thread 0x00000249abd91800 DEOPT PACKING pc=0x000002499f38d0f0 sp=0x0000005ffa3f7fc0
Event: 70.654 Thread 0x00000249abd91800 DEOPT UNPACKING pc=0x00000249976ba1a9 sp=0x0000005ffa3f7fc0 mode 2

Classes redefined (0 events):
No events

Internal exceptions (20 events):
Event: 53.863 Thread 0x00000249abd91800 Implicit null exception at 0x000002499f166374 to 0x000002499f16682c
Event: 53.980 Thread 0x00000249abd91800 Exception <a 'java/lang/NoSuchMethodError'{0x00000000ecf3ba60}: 'int java.lang.invoke.DirectMethodHandle$Holder.invokeStaticInit(java.lang.Object)'> (0x00000000ecf3ba60) thrown at [./src/hotspot/share/interpreter/linkResolver.cpp, line 773]
Event: 54.141 Thread 0x00000249abd91800 Exception <a 'java/lang/NoSuchMethodError'{0x00000000ecc0db40}: 'void java.lang.invoke.DirectMethodHandle$Holder.invokeStatic(java.lang.Object, java.lang.Object, java.lang.Object, int, java.lang.Object)'> (0x00000000ecc0db40) thrown at [./src/hotspot/share/interpreter/linkResolver.cpp, line 773]
Event: 54.540 Thread 0x00000249abd91800 Exception <a 'java/lang/NoSuchMethodError'{0x00000000ec648d08}: 'java.lang.Object java.lang.invoke.DelegatingMethodHandle$Holder.reinvoke_L(java.lang.Object, java.lang.Object, java.lang.Object, java.lang.Object, java.lang.Object, java.lang.Object, java.lang.Object, java.lang.Object, java.lang.Object, java.lang.Object, java.lang.Object, java.lang.Object, java.lang.Object, java.lang.Object, java.lang.Object, java.lang.Object, java.lang.Object, java.lang.Object, java.lang.Object, java.lang.Object)'> (0x000000
Event: 54.542 Thread 0x00000249abd91800 Exception <a 'java/lang/NoSuchMethodError'{0x00000000ec6547a8}: 'java.lang.Object java.lang.invoke.DirectMethodHandle$Holder.invokeSpecial(java.lang.Object, java.lang.Object, java.lang.Object, java.lang.Object, java.lang.Object, java.lang.Object, java.lang.Object, java.lang.Object, java.lang.Object, java.lang.Object, java.lang.Object, java.lang.Object, java.lang.Object, java.lang.Object, java.lang.Object, java.lang.Object, java.lang.Object, java.lang.Object, java.lang.Object, java.lang.Object)'> (0x0000000
Event: 54.543 Thread 0x00000249abd91800 Exception <a 'java/lang/NoSuchMethodError'{0x00000000ec65a6e8}: 'java.lang.Object java.lang.invoke.Invokers$Holder.invoker(java.lang.Object, java.lang.Object, java.lang.Object, java.lang.Object, java.lang.Object, java.lang.Object, java.lang.Object, java.lang.Object, java.lang.Object, java.lang.Object, java.lang.Object, java.lang.Object, java.lang.Object, java.lang.Object, java.lang.Object, java.lang.Object, java.lang.Object, java.lang.Object, java.lang.Object, java.lang.Object)'> (0x00000000ec65a6e8) throw
Event: 54.547 Thread 0x00000249abd91800 Exception <a 'java/lang/NoSuchMethodError'{0x00000000ec6617f8}: 'java.lang.Object java.lang.invoke.DelegatingMethodHandle$Holder.delegate(java.lang.Object, java.lang.Object, java.lang.Object, java.lang.Object, java.lang.Object, java.lang.Object, java.lang.Object, java.lang.Object, java.lang.Object, java.lang.Object, java.lang.Object, java.lang.Object, java.lang.Object, java.lang.Object, java.lang.Object, java.lang.Object, java.lang.Object, java.lang.Object, java.lang.Object, java.lang.Object)'> (0x00000000
Event: 54.605 Thread 0x00000249abd91800 Exception <a 'java/lang/NoSuchMethodError'{0x00000000ec6eabe0}: 'java.lang.Object java.lang.invoke.DirectMethodHandle$Holder.invokeStatic(java.lang.Object, java.lang.Object, java.lang.Object, java.lang.Object, java.lang.Object, java.lang.Object, java.lang.Object, java.lang.Object, java.lang.Object, java.lang.Object, java.lang.Object, java.lang.Object, java.lang.Object, java.lang.Object, java.lang.Object)'> (0x00000000ec6eabe0) thrown at [./src/hotspot/share/interpreter/linkResolver.cpp, line 773]
Event: 54.609 Thread 0x00000249abd91800 Exception <a 'java/lang/NoSuchMethodError'{0x00000000ec6fb088}: 'java.lang.Object java.lang.invoke.DirectMethodHandle$Holder.invokeStatic(java.lang.Object, java.lang.Object, java.lang.Object, java.lang.Object, java.lang.Object, java.lang.Object, java.lang.Object, java.lang.Object, java.lang.Object, java.lang.Object, java.lang.Object, java.lang.Object, java.lang.Object, java.lang.Object, java.lang.Object, java.lang.Object)'> (0x00000000ec6fb088) thrown at [./src/hotspot/share/interpreter/linkResolver.cpp, l
Event: 54.611 Thread 0x00000249abd91800 Exception <a 'java/lang/NoSuchMethodError'{0x00000000ec50b768}: 'java.lang.Object java.lang.invoke.DelegatingMethodHandle$Holder.reinvoke_L(java.lang.Object, java.lang.Object, java.lang.Object, java.lang.Object, java.lang.Object, java.lang.Object, java.lang.Object, java.lang.Object, java.lang.Object, java.lang.Object, java.lang.Object, java.lang.Object, java.lang.Object, java.lang.Object, java.lang.Object, java.lang.Object, java.lang.Object, java.lang.Object, java.lang.Object)'> (0x00000000ec50b768) thrown
Event: 57.169 Thread 0x00000249abd91800 Exception <a 'java/lang/NoSuchMethodError'{0x00000000eb1b5bf0}: 'java.lang.Object java.lang.invoke.DirectMethodHandle$Holder.invokeStatic(java.lang.Object, java.lang.Object, java.lang.Object, java.lang.Object, int)'> (0x00000000eb1b5bf0) thrown at [./src/hotspot/share/interpreter/linkResolver.cpp, line 773]
Event: 57.170 Thread 0x00000249abd91800 Exception <a 'java/lang/NoSuchMethodError'{0x00000000eb1ba890}: 'java.lang.Object java.lang.invoke.DirectMethodHandle$Holder.invokeSpecial(java.lang.Object, java.lang.Object, java.lang.Object, java.lang.Object, java.lang.Object, int)'> (0x00000000eb1ba890) thrown at [./src/hotspot/share/interpreter/linkResolver.cpp, line 773]
Event: 57.171 Thread 0x00000249abd91800 Exception <a 'java/lang/NoSuchMethodError'{0x00000000eb1bf178}: 'java.lang.Object java.lang.invoke.Invokers$Holder.linkToTargetMethod(java.lang.Object, java.lang.Object, java.lang.Object, int, java.lang.Object)'> (0x00000000eb1bf178) thrown at [./src/hotspot/share/interpreter/linkResolver.cpp, line 773]
Event: 57.607 Thread 0x00000249abd91800 Exception <a 'java/lang/IncompatibleClassChangeError'{0x00000000eaf5ab78}: Found class java.lang.Object, but interface was expected> (0x00000000eaf5ab78) thrown at [./src/hotspot/share/interpreter/linkResolver.cpp, line 839]
Event: 58.002 Thread 0x00000249abd91800 Implicit null exception at 0x000002499f31d854 to 0x000002499f31d9d0
Event: 59.453 Thread 0x00000249abd91800 Exception <a 'java/lang/NoSuchMethodError'{0x00000000ea69e2b0}: 'java.lang.Object java.lang.invoke.DirectMethodHandle$Holder.invokeStatic(java.lang.Object, int, java.lang.Object, java.lang.Object, java.lang.Object)'> (0x00000000ea69e2b0) thrown at [./src/hotspot/share/interpreter/linkResolver.cpp, line 773]
Event: 59.454 Thread 0x00000249abd91800 Exception <a 'java/lang/NoSuchMethodError'{0x00000000ea6a2e30}: 'java.lang.Object java.lang.invoke.DirectMethodHandle$Holder.invokeSpecial(java.lang.Object, java.lang.Object, int, java.lang.Object, java.lang.Object, java.lang.Object)'> (0x00000000ea6a2e30) thrown at [./src/hotspot/share/interpreter/linkResolver.cpp, line 773]
Event: 67.624 Thread 0x00000249abd91800 Implicit null exception at 0x000002499f3f9eb3 to 0x000002499f3faf08
Event: 67.828 Thread 0x00000249abd91800 Implicit null exception at 0x000002499f3fbfe9 to 0x000002499f3fcfc4
Event: 70.142 Thread 0x00000249abd91800 Exception <a 'java/lang/NoSuchMethodError'{0x00000000edf72a20}: 'int java.lang.invoke.DirectMethodHandle$Holder.invokeInterface(java.lang.Object, java.lang.Object, java.lang.Object, java.lang.Object)'> (0x00000000edf72a20) thrown at [./src/hotspot/share/interpreter/linkResolver.cpp, line 773]

Events (20 events):
Event: 70.810 loading class com/google/gson/Gson$3
Event: 70.810 loading class com/google/gson/Gson$3 done
Event: 70.971 loading class com/google/gson/Gson$1
Event: 70.971 loading class com/google/gson/Gson$1 done
Event: 70.973 loading class com/google/gson/Gson$2
Event: 70.973 loading class com/google/gson/Gson$2 done
Event: 70.975 loading class com/google/gson/stream/JsonWriter
Event: 70.975 loading class com/google/gson/stream/JsonWriter done
Event: 70.995 loading class com/google/gson/internal/bind/JsonTreeWriter
Event: 70.995 loading class com/google/gson/internal/bind/JsonTreeWriter done
Event: 70.998 loading class com/google/gson/TypeAdapterFactory
Event: 70.998 loading class com/google/gson/TypeAdapterFactory done
Event: 70.999 loading class com/google/gson/stream/MalformedJsonException
Event: 70.999 loading class com/google/gson/stream/MalformedJsonException done
Event: 71.000 loading class com/google/gson/reflect/TypeToken
Event: 71.000 loading class com/google/gson/reflect/TypeToken done
Event: 71.004 loading class com/google/gson/internal/$Gson$Preconditions
Event: 71.004 loading class com/google/gson/internal/$Gson$Preconditions done
Event: 71.009 loading class com/google/gson/internal/$Gson$Types
Event: 71.009 loading class com/google/gson/internal/$Gson$Types done


Dynamic libraries:
0x00007ff7a21c0000 - 0x00007ff7a21cd000 	C:\Users\Public\wpilib\2022\jdk\bin\java.exe
0x00007ffc23f60000 - 0x00007ffc24167000 	C:\WINDOWS\SYSTEM32\ntdll.dll
0x00007ffc222c0000 - 0x00007ffc2237d000 	C:\WINDOWS\System32\KERNEL32.DLL
0x00007ffc214b0000 - 0x00007ffc21824000 	C:\WINDOWS\System32\KERNELBASE.dll
0x00007ffc21af0000 - 0x00007ffc21c01000 	C:\WINDOWS\System32\ucrtbase.dll
0x00007ffc1dd20000 - 0x00007ffc1dd37000 	C:\Users\Public\wpilib\2022\jdk\bin\jli.dll
0x00007ffc239b0000 - 0x00007ffc23b5c000 	C:\WINDOWS\System32\USER32.dll
0x00007ffc21830000 - 0x00007ffc21856000 	C:\WINDOWS\System32\win32u.dll
0x00007ffc1de20000 - 0x00007ffc1de3b000 	C:\Users\Public\wpilib\2022\jdk\bin\VCRUNTIME140.dll
0x00007ffc23140000 - 0x00007ffc23169000 	C:\WINDOWS\System32\GDI32.dll
0x00007ffc21cd0000 - 0x00007ffc21de2000 	C:\WINDOWS\System32\gdi32full.dll
0x00007ffc21860000 - 0x00007ffc218fd000 	C:\WINDOWS\System32\msvcp_win.dll
0x00007ffc0c260000 - 0x00007ffc0c505000 	C:\WINDOWS\WinSxS\amd64_microsoft.windows.common-controls_6595b64144ccf1df_6.0.22000.120_none_9d947278b86cc467\COMCTL32.dll
0x00007ffc22ca0000 - 0x00007ffc22d43000 	C:\WINDOWS\System32\msvcrt.dll
0x00007ffc225c0000 - 0x00007ffc225f1000 	C:\WINDOWS\System32\IMM32.DLL
0x00007ffbf6040000 - 0x00007ffbf60cd000 	C:\Users\Public\wpilib\2022\jdk\bin\msvcp140.dll
0x00007ffc1dda0000 - 0x00007ffc1ddac000 	C:\Users\Public\wpilib\2022\jdk\bin\VCRUNTIME140_1.dll
0x00007ffbd0300000 - 0x00007ffbd0e7e000 	C:\Users\Public\wpilib\2022\jdk\bin\server\jvm.dll
0x00007ffc22600000 - 0x00007ffc226ac000 	C:\WINDOWS\System32\ADVAPI32.dll
0x00007ffc22380000 - 0x00007ffc2241d000 	C:\WINDOWS\System32\sechost.dll
0x00007ffc23c70000 - 0x00007ffc23d91000 	C:\WINDOWS\System32\RPCRT4.dll
0x00007ffc23130000 - 0x00007ffc23138000 	C:\WINDOWS\System32\PSAPI.DLL
0x00007ffbfcae0000 - 0x00007ffbfcae9000 	C:\WINDOWS\SYSTEM32\WSOCK32.dll
0x00007ffc226b0000 - 0x00007ffc2271f000 	C:\WINDOWS\System32\WS2_32.dll
0x00007ffc193e0000 - 0x00007ffc19413000 	C:\WINDOWS\SYSTEM32\WINMM.dll
0x00007ffc103e0000 - 0x00007ffc103ea000 	C:\WINDOWS\SYSTEM32\VERSION.dll
0x00007ffc20650000 - 0x00007ffc20668000 	C:\WINDOWS\SYSTEM32\kernel.appcore.dll
0x00007ffc13a80000 - 0x00007ffc13a90000 	C:\Users\Public\wpilib\2022\jdk\bin\verify.dll
0x00007ffc187f0000 - 0x00007ffc18a11000 	C:\WINDOWS\SYSTEM32\DBGHELP.DLL
0x00007ffc048a0000 - 0x00007ffc048d1000 	C:\WINDOWS\SYSTEM32\dbgcore.DLL
0x00007ffc21900000 - 0x00007ffc2197f000 	C:\WINDOWS\System32\bcryptPrimitives.dll
0x00007ffc09df0000 - 0x00007ffc09e18000 	C:\Users\Public\wpilib\2022\jdk\bin\java.dll
0x00007ffc0c0c0000 - 0x00007ffc0c0ca000 	C:\Users\Public\wpilib\2022\jdk\bin\jimage.dll
0x00007ffc09570000 - 0x00007ffc09587000 	C:\Users\Public\wpilib\2022\jdk\bin\zip.dll
0x00007ffc23200000 - 0x00007ffc239ae000 	C:\WINDOWS\System32\SHELL32.dll
0x00007ffc1f5f0000 - 0x00007ffc1fe57000 	C:\WINDOWS\SYSTEM32\windows.storage.dll
0x00007ffc21ee0000 - 0x00007ffc22258000 	C:\WINDOWS\System32\combase.dll
0x00007ffc1f480000 - 0x00007ffc1f5e6000 	C:\WINDOWS\SYSTEM32\wintypes.dll
0x00007ffc21df0000 - 0x00007ffc21eda000 	C:\WINDOWS\System32\SHCORE.dll
0x00007ffc22260000 - 0x00007ffc222bd000 	C:\WINDOWS\System32\shlwapi.dll
0x00007ffc21370000 - 0x00007ffc21391000 	C:\WINDOWS\SYSTEM32\profapi.dll
0x00007ffc09550000 - 0x00007ffc09569000 	C:\Users\Public\wpilib\2022\jdk\bin\net.dll
0x00007ffc1bd00000 - 0x00007ffc1be0c000 	C:\WINDOWS\SYSTEM32\WINHTTP.dll
0x00007ffc20a60000 - 0x00007ffc20ac7000 	C:\WINDOWS\system32\mswsock.dll
0x00007ffc093e0000 - 0x00007ffc093f2000 	C:\Users\Public\wpilib\2022\jdk\bin\nio.dll
0x00007ffc07d70000 - 0x00007ffc07d97000 	C:\Users\andav\.gradle\native\e1d6ef7f7dcc3fd88c89a11ec53ec762bb8ba0a96d01ffa2cd45eb1d1d8dd5c5\windows-amd64\native-platform.dll
0x00007ffbfbfb0000 - 0x00007ffbfc0f4000 	C:\Users\andav\.gradle\native\5664cfc778a61ccfe75a443a1ab52a65af34e5dc3c78e0209fed803814484fcb\windows-amd64\native-platform-file-events.dll
0x00007ffc0ab80000 - 0x00007ffc0ab89000 	C:\Users\Public\wpilib\2022\jdk\bin\management.dll
0x00007ffc0a150000 - 0x00007ffc0a15b000 	C:\Users\Public\wpilib\2022\jdk\bin\management_ext.dll
0x00007ffc20ca0000 - 0x00007ffc20cb8000 	C:\WINDOWS\SYSTEM32\CRYPTSP.dll
0x00007ffc205b0000 - 0x00007ffc205e5000 	C:\WINDOWS\system32\rsaenh.dll
0x00007ffc20b50000 - 0x00007ffc20b79000 	C:\WINDOWS\SYSTEM32\USERENV.dll
0x00007ffc20e20000 - 0x00007ffc20e47000 	C:\WINDOWS\SYSTEM32\bcrypt.dll
0x00007ffc20cc0000 - 0x00007ffc20ccc000 	C:\WINDOWS\SYSTEM32\CRYPTBASE.dll
0x00007ffc201d0000 - 0x00007ffc201fd000 	C:\WINDOWS\SYSTEM32\IPHLPAPI.DLL
0x00007ffc22c90000 - 0x00007ffc22c99000 	C:\WINDOWS\System32\NSI.dll
0x00007ffc1be30000 - 0x00007ffc1be49000 	C:\WINDOWS\SYSTEM32\dhcpcsvc6.DLL
0x00007ffc1bf80000 - 0x00007ffc1bf9e000 	C:\WINDOWS\SYSTEM32\dhcpcsvc.DLL
0x00007ffc20250000 - 0x00007ffc20337000 	C:\WINDOWS\SYSTEM32\DNSAPI.dll

dbghelp: loaded successfully - version: 4.0.5 - missing functions: none
symbol engine: initialized successfully - sym options: 0x614 - pdb path: .;C:\Users\Public\wpilib\2022\jdk\bin;C:\WINDOWS\SYSTEM32;C:\WINDOWS\WinSxS\amd64_microsoft.windows.common-controls_6595b64144ccf1df_6.0.22000.120_none_9d947278b86cc467;C:\Users\Public\wpilib\2022\jdk\bin\server;C:\Users\andav\.gradle\native\e1d6ef7f7dcc3fd88c89a11ec53ec762bb8ba0a96d01ffa2cd45eb1d1d8dd5c5\windows-amd64;C:\Users\andav\.gradle\native\5664cfc778a61ccfe75a443a1ab52a65af34e5dc3c78e0209fed803814484fcb\windows-amd64

VM Arguments:
jvm_args: --add-opens=java.base/java.util=ALL-UNNAMED --add-opens=java.base/java.lang=ALL-UNNAMED --add-opens=java.base/java.lang.invoke=ALL-UNNAMED --add-opens=java.base/java.util=ALL-UNNAMED --add-opens=java.prefs/java.util.prefs=ALL-UNNAMED --add-opens=java.prefs/java.util.prefs=ALL-UNNAMED --add-opens=java.base/java.nio.charset=ALL-UNNAMED --add-opens=java.base/java.net=ALL-UNNAMED --add-opens=java.base/java.util.concurrent.atomic=ALL-UNNAMED -XX:MaxMetaspaceSize=256m -XX:+HeapDumpOnOutOfMemoryError -Xms256m -Xmx512m -Dfile.encoding=windows-1252 -Duser.country=US -Duser.language=en -Duser.variant 
java_command: org.gradle.launcher.daemon.bootstrap.GradleDaemon 7.3.3
java_class_path (initial): C:\Users\andav\.gradle\permwrapper\dists\gradle-7.3.3-bin\6a41zxkdtcxs8rphpq6y0069z\gradle-7.3.3\lib\gradle-launcher-7.3.3.jar
Launcher Type: SUN_STANDARD

[Global flags]
     intx CICompilerCount                          = 3                                         {product} {ergonomic}
   size_t CompressedClassSpaceSize                 = 260046848                                 {product} {ergonomic}
     uint ConcGCThreads                            = 1                                         {product} {ergonomic}
     uint G1ConcRefinementThreads                  = 4                                         {product} {ergonomic}
   size_t G1HeapRegionSize                         = 1048576                                   {product} {ergonomic}
    uintx GCDrainStackTargetSize                   = 64                                        {product} {ergonomic}
     bool HeapDumpOnOutOfMemoryError               = true                                   {manageable} {command line}
   size_t InitialHeapSize                          = 268435456                                 {product} {command line}
   size_t MarkStackSize                            = 4194304                                   {product} {ergonomic}
   size_t MaxHeapSize                              = 536870912                                 {product} {command line}
   size_t MaxMetaspaceSize                         = 268435456                                 {product} {command line}
   size_t MaxNewSize                               = 321912832                                 {product} {ergonomic}
   size_t MinHeapDeltaBytes                        = 1048576                                   {product} {ergonomic}
    uintx NonNMethodCodeHeapSize                   = 5830732                                {pd product} {ergonomic}
    uintx NonProfiledCodeHeapSize                  = 122913754                              {pd product} {ergonomic}
    uintx ProfiledCodeHeapSize                     = 122913754                              {pd product} {ergonomic}
    uintx ReservedCodeCacheSize                    = 251658240                              {pd product} {ergonomic}
     bool SegmentedCodeCache                       = true                                      {product} {ergonomic}
     bool UseCompressedClassPointers               = true                                 {lp64_product} {ergonomic}
     bool UseCompressedOops                        = true                                 {lp64_product} {ergonomic}
     bool UseG1GC                                  = true                                      {product} {ergonomic}
     bool UseLargePagesIndividualAllocation        = false                                  {pd product} {ergonomic}

Logging:
Log output configuration:
 #0: stdout all=warning uptime,level,tags
 #1: stderr all=off uptime,level,tags

Environment Variables:
JAVA_HOME=C:\Users\Public\wpilib\2022\jdk
CLASSPATH=C:\Users\andav\Downloads\2022 Rapid React\RapidReact\\gradle\wrapper\gradle-wrapper.jar
PATH=C:\Users\Public\wpilib\2022\jdk\bin;C:\Program Files\National Instruments\Shared\OpenVINO\;C:\Program Files\Eclipse Adoptium\jdk-17.0.1.12-hotspot\bin;C:\WINDOWS\system32;C:\WINDOWS;C:\WINDOWS\System32\Wbem;C:\WINDOWS\System32\WindowsPowerShell\v1.0\;C:\WINDOWS\System32\OpenSSH\;C:\Users\andav\AppData\Local\Microsoft\WindowsApps;;C:\Users\andav\AppData\Local\Programs\Microsoft VS Code\bin
USERNAME=andav
LANG=en_US.UTF-8
OS=Windows_NT
PROCESSOR_IDENTIFIER=Intel64 Family 6 Model 142 Stepping 9, GenuineIntel



---------------  S Y S T E M  ---------------

OS: Windows 10 , 64 bit Build 22000 (10.0.22000.318)
OS uptime: 1 days 23:47 hours

CPU:total 4 (initial active 4) (2 cores per cpu, 2 threads per core) family 6 model 142 stepping 9 microcode 0xe8, cmov, cx8, fxsr, mmx, sse, sse2, sse3, ssse3, sse4.1, sse4.2, popcnt, aes, clmul, erms, 3dnowpref, lzcnt, ht, tsc, tscinvbit

Memory: 4k page, system-wide physical 3965M (279M free)
TotalPageFile size 10275M (AvailPageFile size 5M)
current process WorkingSet (physical memory assigned to process): 313M, peak: 325M
current process commit charge ("private bytes"): 453M, peak: 456M

vm_info: OpenJDK 64-Bit Server VM (11.0.13+8) for windows-amd64 JRE (11.0.13+8), built on Oct 19 2021 17:05:59 by "" with unknown MS VC++:1916

END.
